Using pre-set license
Built from '2021.3/staging' branch; Version is '2021.3.10f1 (1c7d0df0160b) revision 1867021'; Using compiler version '192829333'; Build Type 'Release'
OS: 'Windows 10  (10.0.19045) 64bit Core' Language: 'ko' Physical Memory: 16193 MB
BatchMode: 1, IsHumanControllingUs: 0, StartBugReporterOnCrash: 0, Is64bit: 1, IsPro: 1

COMMAND LINE ARGUMENTS:
C:\Program Files\Unity\Hub\Editor\2021.3.10f1\Editor\Unity.exe
-adb2
-batchMode
-noUpm
-name
AssetImportWorker4
-projectPath
D:/unity_pro/FPS Game ver 1202_1648
-logFile
Logs/AssetImportWorker4.log
-srvPort
63845
Successfully changed project path to: D:/unity_pro/FPS Game ver 1202_1648
D:/unity_pro/FPS Game ver 1202_1648
[UnityMemory] Configuration Parameters - Can be set up in boot.config
    "memorysetup-bucket-allocator-granularity=16"
    "memorysetup-bucket-allocator-bucket-count=8"
    "memorysetup-bucket-allocator-block-size=33554432"
    "memorysetup-bucket-allocator-block-count=8"
    "memorysetup-main-allocator-block-size=16777216"
    "memorysetup-thread-allocator-block-size=16777216"
    "memorysetup-gfx-main-allocator-block-size=16777216"
    "memorysetup-gfx-thread-allocator-block-size=16777216"
    "memorysetup-cache-allocator-block-size=4194304"
    "memorysetup-typetree-allocator-block-size=2097152"
    "memorysetup-profiler-bucket-allocator-granularity=16"
    "memorysetup-profiler-bucket-allocator-bucket-count=8"
    "memorysetup-profiler-bucket-allocator-block-size=33554432"
    "memorysetup-profiler-bucket-allocator-block-count=8"
    "memorysetup-profiler-allocator-block-size=16777216"
    "memorysetup-profiler-editor-allocator-block-size=1048576"
    "memorysetup-temp-allocator-size-main=16777216"
    "memorysetup-job-temp-allocator-block-size=2097152"
    "memorysetup-job-temp-allocator-block-size-background=1048576"
    "memorysetup-job-temp-allocator-reduction-small-platforms=262144"
    "memorysetup-temp-allocator-size-background-worker=32768"
    "memorysetup-temp-allocator-size-job-worker=262144"
    "memorysetup-temp-allocator-size-preload-manager=33554432"
    "memorysetup-temp-allocator-size-nav-mesh-worker=65536"
    "memorysetup-temp-allocator-size-audio-worker=65536"
    "memorysetup-temp-allocator-size-cloud-worker=32768"
    "memorysetup-temp-allocator-size-gi-baking-worker=262144"
    "memorysetup-temp-allocator-size-gfx=262144"
Refreshing native plugins compatible for Editor in 86.94 ms, found 2 plugins.
Preloading 0 native plugins for Editor in 0.00 ms.
Initialize engine version: 2021.3.10f1 (1c7d0df0160b)
[Subsystems] Discovering subsystems at path C:/Program Files/Unity/Hub/Editor/2021.3.10f1/Editor/Data/Resources/UnitySubsystems
[Subsystems] Discovering subsystems at path D:/unity_pro/FPS Game ver 1202_1648/Assets
GfxDevice: creating device client; threaded=0; jobified=0
Direct3D:
    Version:  Direct3D 11.0 [level 11.1]
    Renderer: Intel(R) UHD Graphics (ID=0x9b41)
    Vendor:   Intel
    VRAM:     8096 MB
    Driver:   26.20.100.7870
Shader 'WFX/Transparent Diffuse': fallback shader 'Particles/Alpha Blended' not found
Shader 'WFX/Transparent Specular': fallback shader 'Particles/Alpha Blended' not found
Initialize mono
Mono path[0] = 'C:/Program Files/Unity/Hub/Editor/2021.3.10f1/Editor/Data/Managed'
Mono path[1] = 'C:/Program Files/Unity/Hub/Editor/2021.3.10f1/Editor/Data/MonoBleedingEdge/lib/mono/unityjit-win32'
Mono config path = 'C:/Program Files/Unity/Hub/Editor/2021.3.10f1/Editor/Data/MonoBleedingEdge/etc'
Using monoOptions --debugger-agent=transport=dt_socket,embedding=1,server=y,suspend=n,address=127.0.0.1:56800
Begin MonoManager ReloadAssembly
Registering precompiled unity dll's ...
Register platform support module: C:/Program Files/Unity/Hub/Editor/2021.3.10f1/Editor/Data/PlaybackEngines/AndroidPlayer/UnityEditor.Android.Extensions.dll
Register platform support module: C:/Program Files/Unity/Hub/Editor/2021.3.10f1/Editor/Data/PlaybackEngines/WindowsStandaloneSupport/UnityEditor.WindowsStandalone.Extensions.dll
Registered in 0.027811 seconds.
Native extension for WindowsStandalone target not found
Native extension for Android target not found
Refreshing native plugins compatible for Editor in 64.63 ms, found 2 plugins.
Preloading 0 native plugins for Editor in 0.00 ms.
Mono: successfully reloaded assembly
- Completed reload, in  0.983 seconds
Domain Reload Profiling:
	ReloadAssembly (984ms)
		BeginReloadAssembly (177ms)
			ExecutionOrderSort (0ms)
			DisableScriptedObjects (0ms)
			BackupInstance (0ms)
			ReleaseScriptingObjects (0ms)
			CreateAndSetChildDomain (1ms)
		EndReloadAssembly (624ms)
			LoadAssemblies (171ms)
			RebuildTransferFunctionScriptingTraits (0ms)
			SetupTypeCache (163ms)
			ReleaseScriptCaches (0ms)
			RebuildScriptCaches (36ms)
			SetupLoadedEditorAssemblies (341ms)
				LogAssemblyErrors (0ms)
				InitializePlatformSupportModulesInManaged (86ms)
				SetLoadedEditorAssemblies (0ms)
				RefreshPlugins (65ms)
				BeforeProcessingInitializeOnLoad (1ms)
				ProcessInitializeOnLoadAttributes (119ms)
				ProcessInitializeOnLoadMethodAttributes (70ms)
				AfterProcessingInitializeOnLoad (0ms)
				EditorAssembliesLoaded (0ms)
			ExecutionOrderSort2 (0ms)
			AwakeInstancesAfterBackupRestoration (0ms)
Platform modules already initialized, skipping
Registering precompiled user dll's ...
Registered in 0.025812 seconds.
Begin MonoManager ReloadAssembly
Native extension for WindowsStandalone target not found
Native extension for Android target not found
Refreshing native plugins compatible for Editor in 1.05 ms, found 2 plugins.
Preloading 0 native plugins for Editor in 0.00 ms.
Mono: successfully reloaded assembly
- Completed reload, in  2.410 seconds
Domain Reload Profiling:
	ReloadAssembly (2414ms)
		BeginReloadAssembly (559ms)
			ExecutionOrderSort (0ms)
			DisableScriptedObjects (22ms)
			BackupInstance (0ms)
			ReleaseScriptingObjects (0ms)
			CreateAndSetChildDomain (140ms)
		EndReloadAssembly (1520ms)
			LoadAssemblies (435ms)
			RebuildTransferFunctionScriptingTraits (0ms)
			SetupTypeCache (420ms)
			ReleaseScriptCaches (1ms)
			RebuildScriptCaches (94ms)
			SetupLoadedEditorAssemblies (603ms)
				LogAssemblyErrors (0ms)
				InitializePlatformSupportModulesInManaged (32ms)
				SetLoadedEditorAssemblies (1ms)
				RefreshPlugins (2ms)
				BeforeProcessingInitializeOnLoad (124ms)
				ProcessInitializeOnLoadAttributes (353ms)
				ProcessInitializeOnLoadMethodAttributes (50ms)
				AfterProcessingInitializeOnLoad (41ms)
				EditorAssembliesLoaded (0ms)
			ExecutionOrderSort2 (0ms)
			AwakeInstancesAfterBackupRestoration (23ms)
Platform modules already initialized, skipping
========================================================================
Worker process is ready to serve import requests
Shader 'WFX/Transparent Diffuse': fallback shader 'Particles/Alpha Blended' not found
Shader 'WFX/Transparent Specular': fallback shader 'Particles/Alpha Blended' not found
Launched and connected shader compiler UnityShaderCompiler.exe after 0.11 seconds
Refreshing native plugins compatible for Editor in 1.11 ms, found 2 plugins.
Preloading 0 native plugins for Editor in 0.00 ms.
Unloading 1977 Unused Serialized files (Serialized files now loaded: 0)
Unloading 23 unused Assets / (48.8 KB). Loaded Objects now: 2466.
Memory consumption went from 109.9 MB to 109.8 MB.
Total: 4.412300 ms (FindLiveObjects: 0.218000 ms CreateObjectMapping: 0.135600 ms MarkObjects: 3.762300 ms  DeleteObjects: 0.294700 ms)

AssetImportParameters requested are different than current active one (requested -> active):
  custom:video-decoder-ogg-theora: a1e56fd34408186e4bbccfd4996cb3dc -> 
  custom:container-muxer-webm: aa71ff27fc2769a1b78a27578f13a17b -> 
  custom:container-demuxer-webm: 4f35f7cbe854078d1ac9338744f61a02 -> 
  custom:video-encoder-webm-vp8: eb34c28f22e8b96e1ab97ce403110664 -> 
  custom:video-codec-MediaFoundation-h265: 746d11721c4dcdbdad8f713fa42b33f4 -> 
  custom:audio-encoder-webm-vorbis: bf7c407c2cedff20999df2af8eb42d56 -> 
  custom:framework-win-MediaFoundation: 216162199b28c13a410421893ffa2e32 -> 
  custom:container-demuxer-ogg: 62fdf1f143b41e24485cea50d1cbac27 -> 
  custom:video-decoder-webm-vp8: 9c59270c3fd7afecdb556c50c9e8de78 -> 
  custom:audio-decoder-ogg-vorbis: bf7c407c2cedff20999df2af8eb42d56 -> 
========================================================================
Received Import Request.
  Time since last request: 37550.401186 seconds.
  path: Assets/ScriptsFolder/Script_kjw/Mob.cs
  artifactKey: Guid(97758653a460b8142a7e5415f469c755) Importer(815301076,1909f56bfc062723c751e8b465ee728b)
Start importing Assets/ScriptsFolder/Script_kjw/Mob.cs using Guid(97758653a460b8142a7e5415f469c755) Importer(815301076,1909f56bfc062723c751e8b465ee728b)  -> (artifact id: '377062e578ca8dba4a36d409e1a70547') in 0.038973 seconds 
========================================================================
Received Prepare
Registering precompiled user dll's ...
Registered in 0.027995 seconds.
Begin MonoManager ReloadAssembly
Native extension for WindowsStandalone target not found
Native extension for Android target not found
Refreshing native plugins compatible for Editor in 0.83 ms, found 2 plugins.
Preloading 0 native plugins for Editor in 0.00 ms.
Mono: successfully reloaded assembly
- Completed reload, in  1.373 seconds
Domain Reload Profiling:
	ReloadAssembly (1374ms)
		BeginReloadAssembly (233ms)
			ExecutionOrderSort (0ms)
			DisableScriptedObjects (12ms)
			BackupInstance (0ms)
			ReleaseScriptingObjects (0ms)
			CreateAndSetChildDomain (41ms)
		EndReloadAssembly (971ms)
			LoadAssemblies (242ms)
			RebuildTransferFunctionScriptingTraits (0ms)
			SetupTypeCache (264ms)
			ReleaseScriptCaches (1ms)
			RebuildScriptCaches (43ms)
			SetupLoadedEditorAssemblies (419ms)
				LogAssemblyErrors (0ms)
				InitializePlatformSupportModulesInManaged (36ms)
				SetLoadedEditorAssemblies (1ms)
				RefreshPlugins (1ms)
				BeforeProcessingInitializeOnLoad (82ms)
				ProcessInitializeOnLoadAttributes (239ms)
				ProcessInitializeOnLoadMethodAttributes (32ms)
				AfterProcessingInitializeOnLoad (27ms)
				EditorAssembliesLoaded (0ms)
			ExecutionOrderSort2 (0ms)
			AwakeInstancesAfterBackupRestoration (19ms)
Platform modules already initialized, skipping
Shader 'WFX/Transparent Diffuse': fallback shader 'Particles/Alpha Blended' not found
Shader 'WFX/Transparent Specular': fallback shader 'Particles/Alpha Blended' not found
Refreshing native plugins compatible for Editor in 3.58 ms, found 2 plugins.
Preloading 0 native plugins for Editor in 0.00 ms.
Unloading 1933 Unused Serialized files (Serialized files now loaded: 0)
Unloading 16 unused Assets / (24.7 KB). Loaded Objects now: 2469.
Memory consumption went from 105.7 MB to 105.6 MB.
Total: 3.042900 ms (FindLiveObjects: 0.191300 ms CreateObjectMapping: 0.094700 ms MarkObjects: 2.730300 ms  DeleteObjects: 0.025200 ms)

AssetImportParameters requested are different than current active one (requested -> active):
  custom:video-decoder-ogg-theora: a1e56fd34408186e4bbccfd4996cb3dc -> 
  custom:container-muxer-webm: aa71ff27fc2769a1b78a27578f13a17b -> 
  custom:container-demuxer-webm: 4f35f7cbe854078d1ac9338744f61a02 -> 
  custom:video-encoder-webm-vp8: eb34c28f22e8b96e1ab97ce403110664 -> 
  custom:video-codec-MediaFoundation-h265: 746d11721c4dcdbdad8f713fa42b33f4 -> 
  custom:audio-encoder-webm-vorbis: bf7c407c2cedff20999df2af8eb42d56 -> 
  custom:framework-win-MediaFoundation: 216162199b28c13a410421893ffa2e32 -> 
  custom:container-demuxer-ogg: 62fdf1f143b41e24485cea50d1cbac27 -> 
  custom:video-decoder-webm-vp8: 9c59270c3fd7afecdb556c50c9e8de78 -> 
  custom:audio-decoder-ogg-vorbis: bf7c407c2cedff20999df2af8eb42d56 -> 
========================================================================
Received Prepare
Registering precompiled user dll's ...
Registered in 0.027122 seconds.
Begin MonoManager ReloadAssembly
Native extension for WindowsStandalone target not found
Native extension for Android target not found
Refreshing native plugins compatible for Editor in 1.92 ms, found 2 plugins.
Preloading 0 native plugins for Editor in 0.00 ms.
Mono: successfully reloaded assembly
- Completed reload, in  2.961 seconds
Domain Reload Profiling:
	ReloadAssembly (2962ms)
		BeginReloadAssembly (465ms)
			ExecutionOrderSort (0ms)
			DisableScriptedObjects (9ms)
			BackupInstance (0ms)
			ReleaseScriptingObjects (0ms)
			CreateAndSetChildDomain (57ms)
		EndReloadAssembly (2134ms)
			LoadAssemblies (573ms)
			RebuildTransferFunctionScriptingTraits (0ms)
			SetupTypeCache (550ms)
			ReleaseScriptCaches (2ms)
			RebuildScriptCaches (105ms)
			SetupLoadedEditorAssemblies (943ms)
				LogAssemblyErrors (0ms)
				InitializePlatformSupportModulesInManaged (88ms)
				SetLoadedEditorAssemblies (2ms)
				RefreshPlugins (2ms)
				BeforeProcessingInitializeOnLoad (183ms)
				ProcessInitializeOnLoadAttributes (536ms)
				ProcessInitializeOnLoadMethodAttributes (71ms)
				AfterProcessingInitializeOnLoad (60ms)
				EditorAssembliesLoaded (0ms)
			ExecutionOrderSort2 (0ms)
			AwakeInstancesAfterBackupRestoration (31ms)
Platform modules already initialized, skipping
Shader 'WFX/Transparent Diffuse': fallback shader 'Particles/Alpha Blended' not found
Shader 'WFX/Transparent Specular': fallback shader 'Particles/Alpha Blended' not found
Refreshing native plugins compatible for Editor in 7.86 ms, found 2 plugins.
Preloading 0 native plugins for Editor in 0.00 ms.
Unloading 1933 Unused Serialized files (Serialized files now loaded: 0)
Unloading 16 unused Assets / (24.6 KB). Loaded Objects now: 2472.
Memory consumption went from 105.7 MB to 105.7 MB.
Total: 8.218000 ms (FindLiveObjects: 0.705700 ms CreateObjectMapping: 0.405300 ms MarkObjects: 6.945100 ms  DeleteObjects: 0.157500 ms)

AssetImportParameters requested are different than current active one (requested -> active):
  custom:video-decoder-ogg-theora: a1e56fd34408186e4bbccfd4996cb3dc -> 
  custom:container-muxer-webm: aa71ff27fc2769a1b78a27578f13a17b -> 
  custom:container-demuxer-webm: 4f35f7cbe854078d1ac9338744f61a02 -> 
  custom:video-encoder-webm-vp8: eb34c28f22e8b96e1ab97ce403110664 -> 
  custom:video-codec-MediaFoundation-h265: 746d11721c4dcdbdad8f713fa42b33f4 -> 
  custom:audio-encoder-webm-vorbis: bf7c407c2cedff20999df2af8eb42d56 -> 
  custom:framework-win-MediaFoundation: 216162199b28c13a410421893ffa2e32 -> 
  custom:container-demuxer-ogg: 62fdf1f143b41e24485cea50d1cbac27 -> 
  custom:video-decoder-webm-vp8: 9c59270c3fd7afecdb556c50c9e8de78 -> 
  custom:audio-decoder-ogg-vorbis: bf7c407c2cedff20999df2af8eb42d56 -> 
========================================================================
Received Import Request.
  Time since last request: 86.164188 seconds.
  path: Assets/Resources
  artifactKey: Guid(da17a9c93ce7c2743aebe51a233fd62e) Importer(815301076,1909f56bfc062723c751e8b465ee728b)
Start importing Assets/Resources using Guid(da17a9c93ce7c2743aebe51a233fd62e) Importer(815301076,1909f56bfc062723c751e8b465ee728b)  -> (artifact id: '5f16c8494de2016376425b94132a6fc6') in 0.013271 seconds 
========================================================================
Received Import Request.
  Time since last request: 2.628012 seconds.
  path: Assets/Resources/PhotonPrefabs/Beholder.prefab
  artifactKey: Guid(187456323d0bb4c1fbd896e63957c4b2) Importer(815301076,1909f56bfc062723c751e8b465ee728b)
Start importing Assets/Resources/PhotonPrefabs/Beholder.prefab using Guid(187456323d0bb4c1fbd896e63957c4b2) Importer(815301076,1909f56bfc062723c751e8b465ee728b)  -> (artifact id: '48622b2cffb9e2a36c6f8930ca03eed9') in 0.158490 seconds 
========================================================================
Received Import Request.
  Time since last request: 1.680746 seconds.
  path: Assets/Resources/PhotonPrefabs/BlackKnight.prefab
  artifactKey: Guid(627a970263bb2421e97f8f3480735479) Importer(815301076,1909f56bfc062723c751e8b465ee728b)
Start importing Assets/Resources/PhotonPrefabs/BlackKnight.prefab using Guid(627a970263bb2421e97f8f3480735479) Importer(815301076,1909f56bfc062723c751e8b465ee728b)  -> (artifact id: '1e1cfb05d48d1fe9fec410fe28782c84') in 0.046360 seconds 
========================================================================
Received Import Request.
  Time since last request: 0.543913 seconds.
  path: Assets/Resources/PhotonPrefabs/CrabMonster.prefab
  artifactKey: Guid(1ca471d90fa1f4aff985d65cee16f82e) Importer(815301076,1909f56bfc062723c751e8b465ee728b)
Start importing Assets/Resources/PhotonPrefabs/CrabMonster.prefab using Guid(1ca471d90fa1f4aff985d65cee16f82e) Importer(815301076,1909f56bfc062723c751e8b465ee728b)  -> (artifact id: 'ddb742d99867cfaa0cef2130fad5a8bb') in 0.049375 seconds 
========================================================================
Received Import Request.
  Time since last request: 0.637718 seconds.
  path: Assets/Resources/PhotonPrefabs/Enemy.prefab
  artifactKey: Guid(cbad2f4d8a72bdd4fada977feb8505e0) Importer(815301076,1909f56bfc062723c751e8b465ee728b)
Start importing Assets/Resources/PhotonPrefabs/Enemy.prefab using Guid(cbad2f4d8a72bdd4fada977feb8505e0) Importer(815301076,1909f56bfc062723c751e8b465ee728b)  -> (artifact id: '84be8bc79e55015592eede806c52991c') in 0.064266 seconds 
========================================================================
Received Import Request.
  Time since last request: 3.628324 seconds.
  path: Assets/Resources/PhotonPrefabs/LizardWarrior.prefab
  artifactKey: Guid(b36f9cf2a08574d4c8cb53771fa50b06) Importer(815301076,1909f56bfc062723c751e8b465ee728b)
Start importing Assets/Resources/PhotonPrefabs/LizardWarrior.prefab using Guid(b36f9cf2a08574d4c8cb53771fa50b06) Importer(815301076,1909f56bfc062723c751e8b465ee728b)  -> (artifact id: '406f050436a44b1eb0f7cec2700809aa') in 0.085600 seconds 
========================================================================
Received Import Request.
  Time since last request: 1.634498 seconds.
  path: Assets/Resources/PhotonPrefabs/FlyingDemon.prefab
  artifactKey: Guid(c8b99f3aa7d434d628e152206fc2e5b6) Importer(815301076,1909f56bfc062723c751e8b465ee728b)
Start importing Assets/Resources/PhotonPrefabs/FlyingDemon.prefab using Guid(c8b99f3aa7d434d628e152206fc2e5b6) Importer(815301076,1909f56bfc062723c751e8b465ee728b)  -> (artifact id: '94ef3d9468ae006285aa55e4ba50ded3') in 0.047848 seconds 
========================================================================
Received Import Request.
  Time since last request: 5.145332 seconds.
  path: Assets/Resources/PhotonPrefabs/Specter.prefab
  artifactKey: Guid(72679fad96c6d475f8608e6954119771) Importer(815301076,1909f56bfc062723c751e8b465ee728b)
Start importing Assets/Resources/PhotonPrefabs/Specter.prefab using Guid(72679fad96c6d475f8608e6954119771) Importer(815301076,1909f56bfc062723c751e8b465ee728b)  -> (artifact id: '8deca433b58d468f4674b2cf45589c5e') in 0.037950 seconds 
========================================================================
Received Import Request.
  Time since last request: 0.600513 seconds.
  path: Assets/Resources/PhotonPrefabs/Werewolf.prefab
  artifactKey: Guid(a13df9349583d4235a136e1538a85fd8) Importer(815301076,1909f56bfc062723c751e8b465ee728b)
Start importing Assets/Resources/PhotonPrefabs/Werewolf.prefab using Guid(a13df9349583d4235a136e1538a85fd8) Importer(815301076,1909f56bfc062723c751e8b465ee728b)  -> (artifact id: '4df80943ff03066117626813d9797180') in 0.057003 seconds 
========================================================================
Received Import Request.
  Time since last request: 10.349615 seconds.
  path: Assets/Resources/PhotonPrefabs/Beholder.prefab
  artifactKey: Guid(187456323d0bb4c1fbd896e63957c4b2) Importer(815301076,1909f56bfc062723c751e8b465ee728b)
Start importing Assets/Resources/PhotonPrefabs/Beholder.prefab using Guid(187456323d0bb4c1fbd896e63957c4b2) Importer(815301076,1909f56bfc062723c751e8b465ee728b)  -> (artifact id: '672234b20bf28e6982cf364f9d237468') in 0.033248 seconds 
========================================================================
Received Import Request.
  Time since last request: 3.115206 seconds.
  path: Assets/Resources/PhotonPrefabs/BlackKnight.prefab
  artifactKey: Guid(627a970263bb2421e97f8f3480735479) Importer(815301076,1909f56bfc062723c751e8b465ee728b)
Start importing Assets/Resources/PhotonPrefabs/BlackKnight.prefab using Guid(627a970263bb2421e97f8f3480735479) Importer(815301076,1909f56bfc062723c751e8b465ee728b)  -> (artifact id: '50f0dca0f8eb48fcfbc563e74228ce25') in 0.035801 seconds 
========================================================================
Received Import Request.
  Time since last request: 3.290120 seconds.
  path: Assets/Resources/PhotonPrefabs/CrabMonster.prefab
  artifactKey: Guid(1ca471d90fa1f4aff985d65cee16f82e) Importer(815301076,1909f56bfc062723c751e8b465ee728b)
Start importing Assets/Resources/PhotonPrefabs/CrabMonster.prefab using Guid(1ca471d90fa1f4aff985d65cee16f82e) Importer(815301076,1909f56bfc062723c751e8b465ee728b)  -> (artifact id: '151f59d8ede8f3405bfc53c4ff5c052f') in 0.043249 seconds 
========================================================================
Received Import Request.
  Time since last request: 5.357077 seconds.
  path: Assets/Resources/PhotonPrefabs/FlyingDemon.prefab
  artifactKey: Guid(c8b99f3aa7d434d628e152206fc2e5b6) Importer(815301076,1909f56bfc062723c751e8b465ee728b)
Start importing Assets/Resources/PhotonPrefabs/FlyingDemon.prefab using Guid(c8b99f3aa7d434d628e152206fc2e5b6) Importer(815301076,1909f56bfc062723c751e8b465ee728b)  -> (artifact id: 'd91bb5a2a0231ae056f6b0f689ffea52') in 0.036331 seconds 
========================================================================
Received Import Request.
  Time since last request: 2.915532 seconds.
  path: Assets/Resources/PhotonPrefabs/LizardWarrior.prefab
  artifactKey: Guid(b36f9cf2a08574d4c8cb53771fa50b06) Importer(815301076,1909f56bfc062723c751e8b465ee728b)
Start importing Assets/Resources/PhotonPrefabs/LizardWarrior.prefab using Guid(b36f9cf2a08574d4c8cb53771fa50b06) Importer(815301076,1909f56bfc062723c751e8b465ee728b)  -> (artifact id: '08b1db7b1a262339011290fd2ee6a35e') in 0.037861 seconds 
========================================================================
Received Import Request.
  Time since last request: 2.911150 seconds.
  path: Assets/Resources/PhotonPrefabs/RatAssassin.prefab
  artifactKey: Guid(caa269df8d59149bfbfd8429a39b8900) Importer(815301076,1909f56bfc062723c751e8b465ee728b)
Start importing Assets/Resources/PhotonPrefabs/RatAssassin.prefab using Guid(caa269df8d59149bfbfd8429a39b8900) Importer(815301076,1909f56bfc062723c751e8b465ee728b)  -> (artifact id: '5eee57525011a683d521fda6121d1c80') in 0.044383 seconds 
========================================================================
Received Import Request.
  Time since last request: 2.501382 seconds.
  path: Assets/Resources/PhotonPrefabs/RatAssassin.prefab
  artifactKey: Guid(caa269df8d59149bfbfd8429a39b8900) Importer(815301076,1909f56bfc062723c751e8b465ee728b)
Start importing Assets/Resources/PhotonPrefabs/RatAssassin.prefab using Guid(caa269df8d59149bfbfd8429a39b8900) Importer(815301076,1909f56bfc062723c751e8b465ee728b)  -> (artifact id: 'd8d1b4e82eb5d780f74884f31f58a013') in 0.036819 seconds 
========================================================================
Received Import Request.
  Time since last request: 3.146787 seconds.
  path: Assets/Resources/PhotonPrefabs/Specter.prefab
  artifactKey: Guid(72679fad96c6d475f8608e6954119771) Importer(815301076,1909f56bfc062723c751e8b465ee728b)
Start importing Assets/Resources/PhotonPrefabs/Specter.prefab using Guid(72679fad96c6d475f8608e6954119771) Importer(815301076,1909f56bfc062723c751e8b465ee728b)  -> (artifact id: '54e78cda2c362176d28ee5a36d39ab8f') in 0.039926 seconds 
========================================================================
Received Import Request.
  Time since last request: 4.747754 seconds.
  path: Assets/Resources/PhotonPrefabs/Werewolf.prefab
  artifactKey: Guid(a13df9349583d4235a136e1538a85fd8) Importer(815301076,1909f56bfc062723c751e8b465ee728b)
Start importing Assets/Resources/PhotonPrefabs/Werewolf.prefab using Guid(a13df9349583d4235a136e1538a85fd8) Importer(815301076,1909f56bfc062723c751e8b465ee728b)  -> (artifact id: '9a0c03be33ca5882b4dc783670d36c8c') in 0.043241 seconds 
========================================================================
Received Import Request.
  Time since last request: 13.316492 seconds.
  path: Assets/Resources/PhotonPrefabs/Werewolf.prefab
  artifactKey: Guid(a13df9349583d4235a136e1538a85fd8) Importer(815301076,1909f56bfc062723c751e8b465ee728b)
Start importing Assets/Resources/PhotonPrefabs/Werewolf.prefab using Guid(a13df9349583d4235a136e1538a85fd8) Importer(815301076,1909f56bfc062723c751e8b465ee728b)  -> (artifact id: '80c67b85abb96120f572a999e161a32a') in 0.036872 seconds 
========================================================================
Received Import Request.
  Time since last request: 14.721609 seconds.
  path: Assets/Resources/PhotonPrefabs/Werewolf.prefab
  artifactKey: Guid(a13df9349583d4235a136e1538a85fd8) Importer(815301076,1909f56bfc062723c751e8b465ee728b)
Start importing Assets/Resources/PhotonPrefabs/Werewolf.prefab using Guid(a13df9349583d4235a136e1538a85fd8) Importer(815301076,1909f56bfc062723c751e8b465ee728b)  -> (artifact id: '9f38aa603d911502d5e5b5ea2b435821') in 0.036020 seconds 
========================================================================
Received Import Request.
  Time since last request: 9.366505 seconds.
  path: Assets/Resources/PhotonPrefabs/Specter.prefab
  artifactKey: Guid(72679fad96c6d475f8608e6954119771) Importer(815301076,1909f56bfc062723c751e8b465ee728b)
Start importing Assets/Resources/PhotonPrefabs/Specter.prefab using Guid(72679fad96c6d475f8608e6954119771) Importer(815301076,1909f56bfc062723c751e8b465ee728b)  -> (artifact id: 'ed82105d0a0bf7022a635b02410fdea7') in 0.044105 seconds 
========================================================================
Received Import Request.
  Time since last request: 7.091075 seconds.
  path: Assets/Resources/PhotonPrefabs/Specter.prefab
  artifactKey: Guid(72679fad96c6d475f8608e6954119771) Importer(815301076,1909f56bfc062723c751e8b465ee728b)
Start importing Assets/Resources/PhotonPrefabs/Specter.prefab using Guid(72679fad96c6d475f8608e6954119771) Importer(815301076,1909f56bfc062723c751e8b465ee728b)  -> (artifact id: 'fa2ae6a2e590b1c90f9ee408902ed73c') in 0.039466 seconds 
========================================================================
Received Import Request.
  Time since last request: 4.336975 seconds.
  path: Assets/Resources/PhotonPrefabs/SM_Bean_Cowboy_01 1.prefab
  artifactKey: Guid(5e54875248c4b144bb5b84866980e30f) Importer(815301076,1909f56bfc062723c751e8b465ee728b)
Start importing Assets/Resources/PhotonPrefabs/SM_Bean_Cowboy_01 1.prefab using Guid(5e54875248c4b144bb5b84866980e30f) Importer(815301076,1909f56bfc062723c751e8b465ee728b)  -> (artifact id: 'fa9ab3a9dc64d03a527d6241be30c085') in 0.018301 seconds 
========================================================================
Received Import Request.
  Time since last request: 38.059128 seconds.
  path: Assets/Resources/PhotonPrefabs/RatAssassin.prefab
  artifactKey: Guid(caa269df8d59149bfbfd8429a39b8900) Importer(815301076,1909f56bfc062723c751e8b465ee728b)
Start importing Assets/Resources/PhotonPrefabs/RatAssassin.prefab using Guid(caa269df8d59149bfbfd8429a39b8900) Importer(815301076,1909f56bfc062723c751e8b465ee728b)  -> (artifact id: '1b06bf4d19cb84504d2d63b76f0336ff') in 0.047652 seconds 
========================================================================
Received Import Request.
  Time since last request: 7.784504 seconds.
  path: Assets/Resources/PhotonPrefabs/RatAssassin.prefab
  artifactKey: Guid(caa269df8d59149bfbfd8429a39b8900) Importer(815301076,1909f56bfc062723c751e8b465ee728b)
Start importing Assets/Resources/PhotonPrefabs/RatAssassin.prefab using Guid(caa269df8d59149bfbfd8429a39b8900) Importer(815301076,1909f56bfc062723c751e8b465ee728b)  -> (artifact id: 'e8d2841b2d868af4e6fabe1d51762d1c') in 0.036252 seconds 
========================================================================
Received Import Request.
  Time since last request: 15.540417 seconds.
  path: Assets/Resources/PhotonPrefabs/LizardWarrior.prefab
  artifactKey: Guid(b36f9cf2a08574d4c8cb53771fa50b06) Importer(815301076,1909f56bfc062723c751e8b465ee728b)
Start importing Assets/Resources/PhotonPrefabs/LizardWarrior.prefab using Guid(b36f9cf2a08574d4c8cb53771fa50b06) Importer(815301076,1909f56bfc062723c751e8b465ee728b)  -> (artifact id: '116787e4c1ec46bc47704879fb364a6a') in 0.036508 seconds 
========================================================================
Received Import Request.
  Time since last request: 7.667491 seconds.
  path: Assets/Resources/PhotonPrefabs/LizardWarrior.prefab
  artifactKey: Guid(b36f9cf2a08574d4c8cb53771fa50b06) Importer(815301076,1909f56bfc062723c751e8b465ee728b)
Start importing Assets/Resources/PhotonPrefabs/LizardWarrior.prefab using Guid(b36f9cf2a08574d4c8cb53771fa50b06) Importer(815301076,1909f56bfc062723c751e8b465ee728b)  -> (artifact id: '9b1e358e2cf0cf0b360ba6e6d44926a0') in 0.035280 seconds 
========================================================================
Received Import Request.
  Time since last request: 8.391619 seconds.
  path: Assets/Resources/PhotonPrefabs/FlyingDemon.prefab
  artifactKey: Guid(c8b99f3aa7d434d628e152206fc2e5b6) Importer(815301076,1909f56bfc062723c751e8b465ee728b)
Start importing Assets/Resources/PhotonPrefabs/FlyingDemon.prefab using Guid(c8b99f3aa7d434d628e152206fc2e5b6) Importer(815301076,1909f56bfc062723c751e8b465ee728b)  -> (artifact id: '26e5960c84854f05561c4d5e9aff1194') in 0.035655 seconds 
========================================================================
Received Import Request.
  Time since last request: 1.613696 seconds.
  path: Assets/Resources/PhotonPrefabs/FlyingDemon.prefab
  artifactKey: Guid(c8b99f3aa7d434d628e152206fc2e5b6) Importer(815301076,1909f56bfc062723c751e8b465ee728b)
Start importing Assets/Resources/PhotonPrefabs/FlyingDemon.prefab using Guid(c8b99f3aa7d434d628e152206fc2e5b6) Importer(815301076,1909f56bfc062723c751e8b465ee728b)  -> (artifact id: '02e1d8f24bbe57c43ee6c1c70942fe20') in 0.037286 seconds 
========================================================================
Received Import Request.
  Time since last request: 9.210513 seconds.
  path: Assets/Resources/PhotonPrefabs/CrabMonster.prefab
  artifactKey: Guid(1ca471d90fa1f4aff985d65cee16f82e) Importer(815301076,1909f56bfc062723c751e8b465ee728b)
Start importing Assets/Resources/PhotonPrefabs/CrabMonster.prefab using Guid(1ca471d90fa1f4aff985d65cee16f82e) Importer(815301076,1909f56bfc062723c751e8b465ee728b)  -> (artifact id: 'c5dc0be5e74e6b6b1edcd703eeb4d2e1') in 0.033821 seconds 
========================================================================
Received Import Request.
  Time since last request: 3.547934 seconds.
  path: Assets/Resources/PhotonPrefabs/CrabMonster.prefab
  artifactKey: Guid(1ca471d90fa1f4aff985d65cee16f82e) Importer(815301076,1909f56bfc062723c751e8b465ee728b)
Start importing Assets/Resources/PhotonPrefabs/CrabMonster.prefab using Guid(1ca471d90fa1f4aff985d65cee16f82e) Importer(815301076,1909f56bfc062723c751e8b465ee728b)  -> (artifact id: '405e80ffe3fd5bf9cf5b23706ad46619') in 0.032863 seconds 
========================================================================
Received Import Request.
  Time since last request: 7.893657 seconds.
  path: Assets/Resources/PhotonPrefabs/BlackKnight.prefab
  artifactKey: Guid(627a970263bb2421e97f8f3480735479) Importer(815301076,1909f56bfc062723c751e8b465ee728b)
Start importing Assets/Resources/PhotonPrefabs/BlackKnight.prefab using Guid(627a970263bb2421e97f8f3480735479) Importer(815301076,1909f56bfc062723c751e8b465ee728b)  -> (artifact id: '801513ab120ee04bbdf277a6612dda30') in 0.041458 seconds 
========================================================================
Received Import Request.
  Time since last request: 7.037529 seconds.
  path: Assets/Resources/PhotonPrefabs/BlackKnight.prefab
  artifactKey: Guid(627a970263bb2421e97f8f3480735479) Importer(815301076,1909f56bfc062723c751e8b465ee728b)
Start importing Assets/Resources/PhotonPrefabs/BlackKnight.prefab using Guid(627a970263bb2421e97f8f3480735479) Importer(815301076,1909f56bfc062723c751e8b465ee728b)  -> (artifact id: '386333c96029d5368faba715810a4536') in 0.034595 seconds 
========================================================================
Received Import Request.
  Time since last request: 9.308295 seconds.
  path: Assets/Resources/PhotonPrefabs/Beholder.prefab
  artifactKey: Guid(187456323d0bb4c1fbd896e63957c4b2) Importer(815301076,1909f56bfc062723c751e8b465ee728b)
Start importing Assets/Resources/PhotonPrefabs/Beholder.prefab using Guid(187456323d0bb4c1fbd896e63957c4b2) Importer(815301076,1909f56bfc062723c751e8b465ee728b)  -> (artifact id: '877037ef6e7619d2b3de0044adb5e890') in 0.034815 seconds 
========================================================================
Received Import Request.
  Time since last request: 4.368508 seconds.
  path: Assets/Resources/PhotonPrefabs/Beholder.prefab
  artifactKey: Guid(187456323d0bb4c1fbd896e63957c4b2) Importer(815301076,1909f56bfc062723c751e8b465ee728b)
Start importing Assets/Resources/PhotonPrefabs/Beholder.prefab using Guid(187456323d0bb4c1fbd896e63957c4b2) Importer(815301076,1909f56bfc062723c751e8b465ee728b)  -> (artifact id: 'f582e4d2c7a1ac90a96c75caa10f694b') in 0.031765 seconds 
========================================================================
Received Prepare
Registering precompiled user dll's ...
Registered in 0.021502 seconds.
Begin MonoManager ReloadAssembly
Native extension for WindowsStandalone target not found
Native extension for Android target not found
Refreshing native plugins compatible for Editor in 2.23 ms, found 2 plugins.
Preloading 0 native plugins for Editor in 0.00 ms.
Mono: successfully reloaded assembly
- Completed reload, in  3.179 seconds
Domain Reload Profiling:
	ReloadAssembly (3181ms)
		BeginReloadAssembly (572ms)
			ExecutionOrderSort (0ms)
			DisableScriptedObjects (14ms)
			BackupInstance (0ms)
			ReleaseScriptingObjects (0ms)
			CreateAndSetChildDomain (79ms)
		EndReloadAssembly (2263ms)
			LoadAssemblies (614ms)
			RebuildTransferFunctionScriptingTraits (0ms)
			SetupTypeCache (532ms)
			ReleaseScriptCaches (2ms)
			RebuildScriptCaches (97ms)
			SetupLoadedEditorAssemblies (1108ms)
				LogAssemblyErrors (0ms)
				InitializePlatformSupportModulesInManaged (104ms)
				SetLoadedEditorAssemblies (1ms)
				RefreshPlugins (3ms)
				BeforeProcessingInitializeOnLoad (207ms)
				ProcessInitializeOnLoadAttributes (649ms)
				ProcessInitializeOnLoadMethodAttributes (73ms)
				AfterProcessingInitializeOnLoad (70ms)
				EditorAssembliesLoaded (0ms)
			ExecutionOrderSort2 (0ms)
			AwakeInstancesAfterBackupRestoration (32ms)
Platform modules already initialized, skipping
Shader 'WFX/Transparent Diffuse': fallback shader 'Particles/Alpha Blended' not found
Shader 'WFX/Transparent Specular': fallback shader 'Particles/Alpha Blended' not found
Refreshing native plugins compatible for Editor in 8.15 ms, found 2 plugins.
Preloading 0 native plugins for Editor in 0.00 ms.
Unloading 1933 Unused Serialized files (Serialized files now loaded: 0)
Unloading 16 unused Assets / (24.6 KB). Loaded Objects now: 2484.
Memory consumption went from 123.2 MB to 123.2 MB.
Total: 8.905700 ms (FindLiveObjects: 0.701900 ms CreateObjectMapping: 0.738500 ms MarkObjects: 7.408300 ms  DeleteObjects: 0.053900 ms)

AssetImportParameters requested are different than current active one (requested -> active):
  custom:video-decoder-ogg-theora: a1e56fd34408186e4bbccfd4996cb3dc -> 
  custom:container-muxer-webm: aa71ff27fc2769a1b78a27578f13a17b -> 
  custom:container-demuxer-webm: 4f35f7cbe854078d1ac9338744f61a02 -> 
  custom:video-encoder-webm-vp8: eb34c28f22e8b96e1ab97ce403110664 -> 
  custom:video-codec-MediaFoundation-h265: 746d11721c4dcdbdad8f713fa42b33f4 -> 
  custom:audio-encoder-webm-vorbis: bf7c407c2cedff20999df2af8eb42d56 -> 
  custom:framework-win-MediaFoundation: 216162199b28c13a410421893ffa2e32 -> 
  custom:container-demuxer-ogg: 62fdf1f143b41e24485cea50d1cbac27 -> 
  custom:video-decoder-webm-vp8: 9c59270c3fd7afecdb556c50c9e8de78 -> 
  custom:audio-decoder-ogg-vorbis: bf7c407c2cedff20999df2af8eb42d56 -> 
