Using pre-set license
Built from '2021.3/staging' branch; Version is '2021.3.10f1 (1c7d0df0160b) revision 1867021'; Using compiler version '192829333'; Build Type 'Release'
OS: 'Windows 10  (10.0.19044) 64bit Education' Language: 'ko' Physical Memory: 32712 MB
BatchMode: 1, IsHumanControllingUs: 0, StartBugReporterOnCrash: 0, Is64bit: 1, IsPro: 1

COMMAND LINE ARGUMENTS:
E:\UnityProject\2021.3.10f1\Editor\Unity.exe
-adb2
-batchMode
-noUpm
-name
AssetImportWorker0
-projectPath
E:/UnityProject/lastworking/TangTangSurvival_Ver.1209_1400
-logFile
Logs/AssetImportWorker0.log
-srvPort
51098
Successfully changed project path to: E:/UnityProject/lastworking/TangTangSurvival_Ver.1209_1400
E:/UnityProject/lastworking/TangTangSurvival_Ver.1209_1400
[UnityMemory] Configuration Parameters - Can be set up in boot.config
    "memorysetup-bucket-allocator-granularity=16"
    "memorysetup-bucket-allocator-bucket-count=8"
    "memorysetup-bucket-allocator-block-size=33554432"
    "memorysetup-bucket-allocator-block-count=8"
    "memorysetup-main-allocator-block-size=16777216"
    "memorysetup-thread-allocator-block-size=16777216"
    "memorysetup-gfx-main-allocator-block-size=16777216"
    "memorysetup-gfx-thread-allocator-block-size=16777216"
    "memorysetup-cache-allocator-block-size=4194304"
    "memorysetup-typetree-allocator-block-size=2097152"
    "memorysetup-profiler-bucket-allocator-granularity=16"
    "memorysetup-profiler-bucket-allocator-bucket-count=8"
    "memorysetup-profiler-bucket-allocator-block-size=33554432"
    "memorysetup-profiler-bucket-allocator-block-count=8"
    "memorysetup-profiler-allocator-block-size=16777216"
    "memorysetup-profiler-editor-allocator-block-size=1048576"
    "memorysetup-temp-allocator-size-main=16777216"
    "memorysetup-job-temp-allocator-block-size=2097152"
    "memorysetup-job-temp-allocator-block-size-background=1048576"
    "memorysetup-job-temp-allocator-reduction-small-platforms=262144"
    "memorysetup-temp-allocator-size-background-worker=32768"
    "memorysetup-temp-allocator-size-job-worker=262144"
    "memorysetup-temp-allocator-size-preload-manager=33554432"
    "memorysetup-temp-allocator-size-nav-mesh-worker=65536"
    "memorysetup-temp-allocator-size-audio-worker=65536"
    "memorysetup-temp-allocator-size-cloud-worker=32768"
    "memorysetup-temp-allocator-size-gi-baking-worker=262144"
    "memorysetup-temp-allocator-size-gfx=262144"
Refreshing native plugins compatible for Editor in 38.13 ms, found 2 plugins.
Preloading 0 native plugins for Editor in 0.00 ms.
Initialize engine version: 2021.3.10f1 (1c7d0df0160b)
[Subsystems] Discovering subsystems at path E:/UnityProject/2021.3.10f1/Editor/Data/Resources/UnitySubsystems
[Subsystems] Discovering subsystems at path E:/UnityProject/lastworking/TangTangSurvival_Ver.1209_1400/Assets
GfxDevice: creating device client; threaded=0; jobified=0
Direct3D:
    Version:  Direct3D 11.0 [level 11.1]
    Renderer: NVIDIA GeForce RTX 2060 (ID=0x1f03)
    Vendor:   NVIDIA
    VRAM:     12087 MB
    Driver:   31.0.15.1694
Shader 'WFX/Transparent Diffuse': fallback shader 'Particles/Alpha Blended' not found
Shader 'WFX/Transparent Specular': fallback shader 'Particles/Alpha Blended' not found
Initialize mono
Mono path[0] = 'E:/UnityProject/2021.3.10f1/Editor/Data/Managed'
Mono path[1] = 'E:/UnityProject/2021.3.10f1/Editor/Data/MonoBleedingEdge/lib/mono/unityjit-win32'
Mono config path = 'E:/UnityProject/2021.3.10f1/Editor/Data/MonoBleedingEdge/etc'
Using monoOptions --debugger-agent=transport=dt_socket,embedding=1,server=y,suspend=n,address=127.0.0.1:56572
Begin MonoManager ReloadAssembly
Registering precompiled unity dll's ...
Register platform support module: E:/UnityProject/2021.3.10f1/Editor/Data/PlaybackEngines/iOSSupport/UnityEditor.iOS.Extensions.dll
Register platform support module: E:/UnityProject/2021.3.10f1/Editor/Data/PlaybackEngines/WindowsStandaloneSupport/UnityEditor.WindowsStandalone.Extensions.dll
Registered in 0.002070 seconds.
Native extension for WindowsStandalone target not found
[usbmuxd] Start listen thread
[usbmuxd] Listen thread started
Native extension for iOS target not found
Refreshing native plugins compatible for Editor in 38.94 ms, found 2 plugins.
Preloading 0 native plugins for Editor in 0.00 ms.
Mono: successfully reloaded assembly
- Completed reload, in  0.397 seconds
Domain Reload Profiling:
	ReloadAssembly (398ms)
		BeginReloadAssembly (44ms)
			ExecutionOrderSort (0ms)
			DisableScriptedObjects (0ms)
			BackupInstance (0ms)
			ReleaseScriptingObjects (0ms)
			CreateAndSetChildDomain (0ms)
		EndReloadAssembly (286ms)
			LoadAssemblies (44ms)
			RebuildTransferFunctionScriptingTraits (0ms)
			SetupTypeCache (66ms)
			ReleaseScriptCaches (0ms)
			RebuildScriptCaches (17ms)
			SetupLoadedEditorAssemblies (170ms)
				LogAssemblyErrors (0ms)
				InitializePlatformSupportModulesInManaged (15ms)
				SetLoadedEditorAssemblies (0ms)
				RefreshPlugins (39ms)
				BeforeProcessingInitializeOnLoad (1ms)
				ProcessInitializeOnLoadAttributes (83ms)
				ProcessInitializeOnLoadMethodAttributes (31ms)
				AfterProcessingInitializeOnLoad (0ms)
				EditorAssembliesLoaded (0ms)
			ExecutionOrderSort2 (0ms)
			AwakeInstancesAfterBackupRestoration (0ms)
Platform modules already initialized, skipping
Registering precompiled user dll's ...
Registered in 0.002191 seconds.
Begin MonoManager ReloadAssembly
Native extension for WindowsStandalone target not found
Native extension for iOS target not found
Refreshing native plugins compatible for Editor in 0.59 ms, found 2 plugins.
Preloading 0 native plugins for Editor in 0.00 ms.
Mono: successfully reloaded assembly
- Completed reload, in  0.603 seconds
Domain Reload Profiling:
	ReloadAssembly (604ms)
		BeginReloadAssembly (75ms)
			ExecutionOrderSort (0ms)
			DisableScriptedObjects (4ms)
			BackupInstance (0ms)
			ReleaseScriptingObjects (0ms)
			CreateAndSetChildDomain (16ms)
		EndReloadAssembly (450ms)
			LoadAssemblies (45ms)
			RebuildTransferFunctionScriptingTraits (0ms)
			SetupTypeCache (129ms)
			ReleaseScriptCaches (0ms)
			RebuildScriptCaches (31ms)
			SetupLoadedEditorAssemblies (213ms)
				LogAssemblyErrors (0ms)
				InitializePlatformSupportModulesInManaged (13ms)
				SetLoadedEditorAssemblies (0ms)
				RefreshPlugins (1ms)
				BeforeProcessingInitializeOnLoad (41ms)
				ProcessInitializeOnLoadAttributes (136ms)
				ProcessInitializeOnLoadMethodAttributes (19ms)
				AfterProcessingInitializeOnLoad (2ms)
				EditorAssembliesLoaded (0ms)
			ExecutionOrderSort2 (0ms)
			AwakeInstancesAfterBackupRestoration (4ms)
Platform modules already initialized, skipping
========================================================================
Worker process is ready to serve import requests
Shader 'WFX/Transparent Specular': fallback shader 'Particles/Alpha Blended' not found
Shader 'WFX/Transparent Diffuse': fallback shader 'Particles/Alpha Blended' not found
Launched and connected shader compiler UnityShaderCompiler.exe after 0.03 seconds
Refreshing native plugins compatible for Editor in 0.70 ms, found 2 plugins.
Preloading 0 native plugins for Editor in 0.00 ms.
Unloading 1978 Unused Serialized files (Serialized files now loaded: 0)
Unloading 23 unused Assets / (49.0 KB). Loaded Objects now: 2466.
Memory consumption went from 110.1 MB to 110.0 MB.
Total: 2.328700 ms (FindLiveObjects: 0.121500 ms CreateObjectMapping: 0.044000 ms MarkObjects: 2.084200 ms  DeleteObjects: 0.078200 ms)

AssetImportParameters requested are different than current active one (requested -> active):
  custom:video-decoder-ogg-theora: a1e56fd34408186e4bbccfd4996cb3dc -> 
  custom:container-muxer-webm: aa71ff27fc2769a1b78a27578f13a17b -> 
  custom:container-demuxer-webm: 4f35f7cbe854078d1ac9338744f61a02 -> 
  custom:video-encoder-webm-vp8: eb34c28f22e8b96e1ab97ce403110664 -> 
  custom:audio-encoder-webm-vorbis: bf7c407c2cedff20999df2af8eb42d56 -> 
  custom:framework-win-MediaFoundation: 216162199b28c13a410421893ffa2e32 -> 
  custom:container-demuxer-ogg: 62fdf1f143b41e24485cea50d1cbac27 -> 
  custom:video-decoder-webm-vp8: 9c59270c3fd7afecdb556c50c9e8de78 -> 
  custom:audio-decoder-ogg-vorbis: bf7c407c2cedff20999df2af8eb42d56 -> 
========================================================================
Received Import Request.
  Time since last request: 1366971.421055 seconds.
  path: Assets/5Font/CookieRun Bold.otf
  artifactKey: Guid(9daaf744ffc4ff54cb1e8c9b970fce6c) Importer(815301076,1909f56bfc062723c751e8b465ee728b)
Start importing Assets/5Font/CookieRun Bold.otf using Guid(9daaf744ffc4ff54cb1e8c9b970fce6c) Importer(815301076,1909f56bfc062723c751e8b465ee728b)  -> (artifact id: '5db58da16c4e17a3cc96aa0e77747994') in 0.099143 seconds 
========================================================================
Received Import Request.
  Time since last request: 64.479399 seconds.
  path: Assets/ScriptsFolder/Script_kjw/Mob.cs
  artifactKey: Guid(97758653a460b8142a7e5415f469c755) Importer(815301076,1909f56bfc062723c751e8b465ee728b)
Start importing Assets/ScriptsFolder/Script_kjw/Mob.cs using Guid(97758653a460b8142a7e5415f469c755) Importer(815301076,1909f56bfc062723c751e8b465ee728b)  -> (artifact id: 'cefecfb3760293711bf809d89da7f45a') in 0.005855 seconds 
========================================================================
Received Import Request.
  Time since last request: 72.584183 seconds.
  path: Assets/Scripts/EnemyManager.cs
  artifactKey: Guid(e7499a605909fb14fae1f1816e7ce23e) Importer(815301076,1909f56bfc062723c751e8b465ee728b)
Start importing Assets/Scripts/EnemyManager.cs using Guid(e7499a605909fb14fae1f1816e7ce23e) Importer(815301076,1909f56bfc062723c751e8b465ee728b)  -> (artifact id: '8a5172fd283494cc68520fcaf45e9d0a') in 0.001280 seconds 
========================================================================
Received Import Request.
  Time since last request: 56.785115 seconds.
  path: Assets/Scripts/EnemyManager.cs
  artifactKey: Guid(e7499a605909fb14fae1f1816e7ce23e) Importer(815301076,1909f56bfc062723c751e8b465ee728b)
Start importing Assets/Scripts/EnemyManager.cs using Guid(e7499a605909fb14fae1f1816e7ce23e) Importer(815301076,1909f56bfc062723c751e8b465ee728b)  -> (artifact id: '010f167bd123ee8fecabdc0c8767cca6') in 0.001505 seconds 
========================================================================
Received Import Request.
  Time since last request: 42.405640 seconds.
  path: Assets/Scripts/EnemyManager.cs
  artifactKey: Guid(e7499a605909fb14fae1f1816e7ce23e) Importer(815301076,1909f56bfc062723c751e8b465ee728b)
Start importing Assets/Scripts/EnemyManager.cs using Guid(e7499a605909fb14fae1f1816e7ce23e) Importer(815301076,1909f56bfc062723c751e8b465ee728b)  -> (artifact id: '110c4b64c8021d293e49e7c416050dca') in 0.001339 seconds 
========================================================================
Received Prepare
Registering precompiled user dll's ...
Registered in 0.002431 seconds.
Begin MonoManager ReloadAssembly
Native extension for WindowsStandalone target not found
Native extension for iOS target not found
Refreshing native plugins compatible for Editor in 0.70 ms, found 2 plugins.
Preloading 0 native plugins for Editor in 0.00 ms.
Mono: successfully reloaded assembly
- Completed reload, in  0.570 seconds
Domain Reload Profiling:
	ReloadAssembly (570ms)
		BeginReloadAssembly (85ms)
			ExecutionOrderSort (0ms)
			DisableScriptedObjects (3ms)
			BackupInstance (0ms)
			ReleaseScriptingObjects (0ms)
			CreateAndSetChildDomain (25ms)
		EndReloadAssembly (423ms)
			LoadAssemblies (47ms)
			RebuildTransferFunctionScriptingTraits (0ms)
			SetupTypeCache (115ms)
			ReleaseScriptCaches (1ms)
			RebuildScriptCaches (22ms)
			SetupLoadedEditorAssemblies (211ms)
				LogAssemblyErrors (0ms)
				InitializePlatformSupportModulesInManaged (18ms)
				SetLoadedEditorAssemblies (0ms)
				RefreshPlugins (1ms)
				BeforeProcessingInitializeOnLoad (30ms)
				ProcessInitializeOnLoadAttributes (137ms)
				ProcessInitializeOnLoadMethodAttributes (23ms)
				AfterProcessingInitializeOnLoad (2ms)
				EditorAssembliesLoaded (0ms)
			ExecutionOrderSort2 (0ms)
			AwakeInstancesAfterBackupRestoration (5ms)
Platform modules already initialized, skipping
Shader 'WFX/Transparent Specular': fallback shader 'Particles/Alpha Blended' not found
Shader 'WFX/Transparent Diffuse': fallback shader 'Particles/Alpha Blended' not found
Refreshing native plugins compatible for Editor in 1.30 ms, found 2 plugins.
Preloading 0 native plugins for Editor in 0.00 ms.
Unloading 1934 Unused Serialized files (Serialized files now loaded: 0)
Unloading 16 unused Assets / (24.6 KB). Loaded Objects now: 2514.
Memory consumption went from 110.1 MB to 110.0 MB.
Total: 2.059500 ms (FindLiveObjects: 0.116000 ms CreateObjectMapping: 0.042700 ms MarkObjects: 1.888600 ms  DeleteObjects: 0.011500 ms)

AssetImportParameters requested are different than current active one (requested -> active):
  custom:video-decoder-ogg-theora: a1e56fd34408186e4bbccfd4996cb3dc -> 
  custom:container-muxer-webm: aa71ff27fc2769a1b78a27578f13a17b -> 
  custom:container-demuxer-webm: 4f35f7cbe854078d1ac9338744f61a02 -> 
  custom:video-encoder-webm-vp8: eb34c28f22e8b96e1ab97ce403110664 -> 
  custom:audio-encoder-webm-vorbis: bf7c407c2cedff20999df2af8eb42d56 -> 
  custom:framework-win-MediaFoundation: 216162199b28c13a410421893ffa2e32 -> 
  custom:container-demuxer-ogg: 62fdf1f143b41e24485cea50d1cbac27 -> 
  custom:video-decoder-webm-vp8: 9c59270c3fd7afecdb556c50c9e8de78 -> 
  custom:audio-decoder-ogg-vorbis: bf7c407c2cedff20999df2af8eb42d56 -> 
========================================================================
Received Prepare
Registering precompiled user dll's ...
Registered in 0.002247 seconds.
Begin MonoManager ReloadAssembly
Native extension for WindowsStandalone target not found
Native extension for iOS target not found
Refreshing native plugins compatible for Editor in 0.62 ms, found 2 plugins.
Preloading 0 native plugins for Editor in 0.00 ms.
Mono: successfully reloaded assembly
- Completed reload, in  0.572 seconds
Domain Reload Profiling:
	ReloadAssembly (572ms)
		BeginReloadAssembly (88ms)
			ExecutionOrderSort (0ms)
			DisableScriptedObjects (5ms)
			BackupInstance (0ms)
			ReleaseScriptingObjects (0ms)
			CreateAndSetChildDomain (26ms)
		EndReloadAssembly (423ms)
			LoadAssemblies (44ms)
			RebuildTransferFunctionScriptingTraits (0ms)
			SetupTypeCache (120ms)
			ReleaseScriptCaches (1ms)
			RebuildScriptCaches (23ms)
			SetupLoadedEditorAssemblies (207ms)
				LogAssemblyErrors (0ms)
				InitializePlatformSupportModulesInManaged (23ms)
				SetLoadedEditorAssemblies (0ms)
				RefreshPlugins (1ms)
				BeforeProcessingInitializeOnLoad (32ms)
				ProcessInitializeOnLoadAttributes (127ms)
				ProcessInitializeOnLoadMethodAttributes (21ms)
				AfterProcessingInitializeOnLoad (2ms)
				EditorAssembliesLoaded (0ms)
			ExecutionOrderSort2 (0ms)
			AwakeInstancesAfterBackupRestoration (4ms)
Platform modules already initialized, skipping
Shader 'WFX/Transparent Specular': fallback shader 'Particles/Alpha Blended' not found
Shader 'WFX/Transparent Diffuse': fallback shader 'Particles/Alpha Blended' not found
Refreshing native plugins compatible for Editor in 1.34 ms, found 2 plugins.
Preloading 0 native plugins for Editor in 0.00 ms.
Unloading 1934 Unused Serialized files (Serialized files now loaded: 0)
Unloading 16 unused Assets / (24.6 KB). Loaded Objects now: 2517.
Memory consumption went from 110.1 MB to 110.1 MB.
Total: 2.095700 ms (FindLiveObjects: 0.110300 ms CreateObjectMapping: 0.035500 ms MarkObjects: 1.936600 ms  DeleteObjects: 0.012800 ms)

AssetImportParameters requested are different than current active one (requested -> active):
  custom:video-decoder-ogg-theora: a1e56fd34408186e4bbccfd4996cb3dc -> 
  custom:container-muxer-webm: aa71ff27fc2769a1b78a27578f13a17b -> 
  custom:container-demuxer-webm: 4f35f7cbe854078d1ac9338744f61a02 -> 
  custom:video-encoder-webm-vp8: eb34c28f22e8b96e1ab97ce403110664 -> 
  custom:audio-encoder-webm-vorbis: bf7c407c2cedff20999df2af8eb42d56 -> 
  custom:framework-win-MediaFoundation: 216162199b28c13a410421893ffa2e32 -> 
  custom:container-demuxer-ogg: 62fdf1f143b41e24485cea50d1cbac27 -> 
  custom:video-decoder-webm-vp8: 9c59270c3fd7afecdb556c50c9e8de78 -> 
  custom:audio-decoder-ogg-vorbis: bf7c407c2cedff20999df2af8eb42d56 -> 
========================================================================
Received Import Request.
  Time since last request: 99.583091 seconds.
  path: Assets/Scripts/EnemyManager.cs
  artifactKey: Guid(e7499a605909fb14fae1f1816e7ce23e) Importer(815301076,1909f56bfc062723c751e8b465ee728b)
Start importing Assets/Scripts/EnemyManager.cs using Guid(e7499a605909fb14fae1f1816e7ce23e) Importer(815301076,1909f56bfc062723c751e8b465ee728b)  -> (artifact id: 'f1fd5f01db5f28bfa7c01ef69e392638') in 0.004669 seconds 
========================================================================
Received Prepare
Registering precompiled user dll's ...
Registered in 0.002269 seconds.
Begin MonoManager ReloadAssembly
Native extension for WindowsStandalone target not found
Native extension for iOS target not found
Refreshing native plugins compatible for Editor in 0.70 ms, found 2 plugins.
Preloading 0 native plugins for Editor in 0.00 ms.
Mono: successfully reloaded assembly
- Completed reload, in  0.574 seconds
Domain Reload Profiling:
	ReloadAssembly (574ms)
		BeginReloadAssembly (84ms)
			ExecutionOrderSort (0ms)
			DisableScriptedObjects (4ms)
			BackupInstance (0ms)
			ReleaseScriptingObjects (0ms)
			CreateAndSetChildDomain (24ms)
		EndReloadAssembly (428ms)
			LoadAssemblies (46ms)
			RebuildTransferFunctionScriptingTraits (0ms)
			SetupTypeCache (116ms)
			ReleaseScriptCaches (1ms)
			RebuildScriptCaches (22ms)
			SetupLoadedEditorAssemblies (214ms)
				LogAssemblyErrors (0ms)
				InitializePlatformSupportModulesInManaged (18ms)
				SetLoadedEditorAssemblies (0ms)
				RefreshPlugins (1ms)
				BeforeProcessingInitializeOnLoad (33ms)
				ProcessInitializeOnLoadAttributes (140ms)
				ProcessInitializeOnLoadMethodAttributes (20ms)
				AfterProcessingInitializeOnLoad (2ms)
				EditorAssembliesLoaded (0ms)
			ExecutionOrderSort2 (0ms)
			AwakeInstancesAfterBackupRestoration (4ms)
Platform modules already initialized, skipping
Shader 'WFX/Transparent Specular': fallback shader 'Particles/Alpha Blended' not found
Shader 'WFX/Transparent Diffuse': fallback shader 'Particles/Alpha Blended' not found
Refreshing native plugins compatible for Editor in 1.32 ms, found 2 plugins.
Preloading 0 native plugins for Editor in 0.00 ms.
Unloading 1934 Unused Serialized files (Serialized files now loaded: 0)
Unloading 16 unused Assets / (24.7 KB). Loaded Objects now: 2520.
Memory consumption went from 110.2 MB to 110.2 MB.
Total: 2.046800 ms (FindLiveObjects: 0.114400 ms CreateObjectMapping: 0.036100 ms MarkObjects: 1.883100 ms  DeleteObjects: 0.012500 ms)

AssetImportParameters requested are different than current active one (requested -> active):
  custom:video-decoder-ogg-theora: a1e56fd34408186e4bbccfd4996cb3dc -> 
  custom:container-muxer-webm: aa71ff27fc2769a1b78a27578f13a17b -> 
  custom:container-demuxer-webm: 4f35f7cbe854078d1ac9338744f61a02 -> 
  custom:video-encoder-webm-vp8: eb34c28f22e8b96e1ab97ce403110664 -> 
  custom:audio-encoder-webm-vorbis: bf7c407c2cedff20999df2af8eb42d56 -> 
  custom:framework-win-MediaFoundation: 216162199b28c13a410421893ffa2e32 -> 
  custom:container-demuxer-ogg: 62fdf1f143b41e24485cea50d1cbac27 -> 
  custom:video-decoder-webm-vp8: 9c59270c3fd7afecdb556c50c9e8de78 -> 
  custom:audio-decoder-ogg-vorbis: bf7c407c2cedff20999df2af8eb42d56 -> 
========================================================================
Received Import Request.
  Time since last request: 5.682237 seconds.
  path: Assets/Scripts/EnemyManager.cs
  artifactKey: Guid(e7499a605909fb14fae1f1816e7ce23e) Importer(815301076,1909f56bfc062723c751e8b465ee728b)
Start importing Assets/Scripts/EnemyManager.cs using Guid(e7499a605909fb14fae1f1816e7ce23e) Importer(815301076,1909f56bfc062723c751e8b465ee728b)  -> (artifact id: 'ce418aae359db49b14c42984d24aacbd') in 0.004204 seconds 
========================================================================
Received Prepare
Registering precompiled user dll's ...
Registered in 0.002333 seconds.
Begin MonoManager ReloadAssembly
Native extension for WindowsStandalone target not found
Native extension for iOS target not found
Refreshing native plugins compatible for Editor in 0.70 ms, found 2 plugins.
Preloading 0 native plugins for Editor in 0.00 ms.
Mono: successfully reloaded assembly
- Completed reload, in  0.576 seconds
Domain Reload Profiling:
	ReloadAssembly (577ms)
		BeginReloadAssembly (85ms)
			ExecutionOrderSort (0ms)
			DisableScriptedObjects (4ms)
			BackupInstance (0ms)
			ReleaseScriptingObjects (0ms)
			CreateAndSetChildDomain (24ms)
		EndReloadAssembly (430ms)
			LoadAssemblies (47ms)
			RebuildTransferFunctionScriptingTraits (0ms)
			SetupTypeCache (127ms)
			ReleaseScriptCaches (1ms)
			RebuildScriptCaches (22ms)
			SetupLoadedEditorAssemblies (206ms)
				LogAssemblyErrors (0ms)
				InitializePlatformSupportModulesInManaged (18ms)
				SetLoadedEditorAssemblies (0ms)
				RefreshPlugins (1ms)
				BeforeProcessingInitializeOnLoad (29ms)
				ProcessInitializeOnLoadAttributes (135ms)
				ProcessInitializeOnLoadMethodAttributes (20ms)
				AfterProcessingInitializeOnLoad (2ms)
				EditorAssembliesLoaded (0ms)
			ExecutionOrderSort2 (0ms)
			AwakeInstancesAfterBackupRestoration (5ms)
Platform modules already initialized, skipping
Shader 'WFX/Transparent Specular': fallback shader 'Particles/Alpha Blended' not found
Shader 'WFX/Transparent Diffuse': fallback shader 'Particles/Alpha Blended' not found
Refreshing native plugins compatible for Editor in 1.26 ms, found 2 plugins.
Preloading 0 native plugins for Editor in 0.00 ms.
Unloading 1934 Unused Serialized files (Serialized files now loaded: 0)
Unloading 16 unused Assets / (24.7 KB). Loaded Objects now: 2523.
Memory consumption went from 110.2 MB to 110.2 MB.
Total: 2.040100 ms (FindLiveObjects: 0.114200 ms CreateObjectMapping: 0.041700 ms MarkObjects: 1.871400 ms  DeleteObjects: 0.012200 ms)

AssetImportParameters requested are different than current active one (requested -> active):
  custom:video-decoder-ogg-theora: a1e56fd34408186e4bbccfd4996cb3dc -> 
  custom:container-muxer-webm: aa71ff27fc2769a1b78a27578f13a17b -> 
  custom:container-demuxer-webm: 4f35f7cbe854078d1ac9338744f61a02 -> 
  custom:video-encoder-webm-vp8: eb34c28f22e8b96e1ab97ce403110664 -> 
  custom:audio-encoder-webm-vorbis: bf7c407c2cedff20999df2af8eb42d56 -> 
  custom:framework-win-MediaFoundation: 216162199b28c13a410421893ffa2e32 -> 
  custom:container-demuxer-ogg: 62fdf1f143b41e24485cea50d1cbac27 -> 
  custom:video-decoder-webm-vp8: 9c59270c3fd7afecdb556c50c9e8de78 -> 
  custom:audio-decoder-ogg-vorbis: bf7c407c2cedff20999df2af8eb42d56 -> 
========================================================================
Received Prepare
Registering precompiled user dll's ...
Registered in 0.002182 seconds.
Begin MonoManager ReloadAssembly
Native extension for WindowsStandalone target not found
Native extension for iOS target not found
Refreshing native plugins compatible for Editor in 0.69 ms, found 2 plugins.
Preloading 0 native plugins for Editor in 0.00 ms.
Mono: successfully reloaded assembly
- Completed reload, in  0.564 seconds
Domain Reload Profiling:
	ReloadAssembly (564ms)
		BeginReloadAssembly (84ms)
			ExecutionOrderSort (0ms)
			DisableScriptedObjects (4ms)
			BackupInstance (0ms)
			ReleaseScriptingObjects (0ms)
			CreateAndSetChildDomain (25ms)
		EndReloadAssembly (418ms)
			LoadAssemblies (45ms)
			RebuildTransferFunctionScriptingTraits (0ms)
			SetupTypeCache (118ms)
			ReleaseScriptCaches (1ms)
			RebuildScriptCaches (29ms)
			SetupLoadedEditorAssemblies (198ms)
				LogAssemblyErrors (0ms)
				InitializePlatformSupportModulesInManaged (18ms)
				SetLoadedEditorAssemblies (0ms)
				RefreshPlugins (1ms)
				BeforeProcessingInitializeOnLoad (30ms)
				ProcessInitializeOnLoadAttributes (124ms)
				ProcessInitializeOnLoadMethodAttributes (21ms)
				AfterProcessingInitializeOnLoad (2ms)
				EditorAssembliesLoaded (0ms)
			ExecutionOrderSort2 (0ms)
			AwakeInstancesAfterBackupRestoration (5ms)
Platform modules already initialized, skipping
Shader 'WFX/Transparent Specular': fallback shader 'Particles/Alpha Blended' not found
Shader 'WFX/Transparent Diffuse': fallback shader 'Particles/Alpha Blended' not found
Refreshing native plugins compatible for Editor in 1.72 ms, found 2 plugins.
Preloading 0 native plugins for Editor in 0.00 ms.
Unloading 1934 Unused Serialized files (Serialized files now loaded: 0)
Unloading 16 unused Assets / (24.6 KB). Loaded Objects now: 2526.
Memory consumption went from 110.2 MB to 110.2 MB.
Total: 2.117300 ms (FindLiveObjects: 0.124400 ms CreateObjectMapping: 0.040100 ms MarkObjects: 1.936500 ms  DeleteObjects: 0.015600 ms)

AssetImportParameters requested are different than current active one (requested -> active):
  custom:video-decoder-ogg-theora: a1e56fd34408186e4bbccfd4996cb3dc -> 
  custom:container-muxer-webm: aa71ff27fc2769a1b78a27578f13a17b -> 
  custom:container-demuxer-webm: 4f35f7cbe854078d1ac9338744f61a02 -> 
  custom:video-encoder-webm-vp8: eb34c28f22e8b96e1ab97ce403110664 -> 
  custom:audio-encoder-webm-vorbis: bf7c407c2cedff20999df2af8eb42d56 -> 
  custom:framework-win-MediaFoundation: 216162199b28c13a410421893ffa2e32 -> 
  custom:container-demuxer-ogg: 62fdf1f143b41e24485cea50d1cbac27 -> 
  custom:video-decoder-webm-vp8: 9c59270c3fd7afecdb556c50c9e8de78 -> 
  custom:audio-decoder-ogg-vorbis: bf7c407c2cedff20999df2af8eb42d56 -> 
========================================================================
Received Import Request.
  Time since last request: 42.122338 seconds.
  path: Assets/Scenes/Game.unity
  artifactKey: Guid(15ac9239e282ded4389eb82e27054d86) Importer(815301076,1909f56bfc062723c751e8b465ee728b)
Start importing Assets/Scenes/Game.unity using Guid(15ac9239e282ded4389eb82e27054d86) Importer(815301076,1909f56bfc062723c751e8b465ee728b)  -> (artifact id: '5164391c259c66fcd59ad3db61b082eb') in 0.007030 seconds 
========================================================================
Received Prepare
Registering precompiled user dll's ...
Registered in 0.002569 seconds.
Begin MonoManager ReloadAssembly
Native extension for WindowsStandalone target not found
Native extension for iOS target not found
Refreshing native plugins compatible for Editor in 0.70 ms, found 2 plugins.
Preloading 0 native plugins for Editor in 0.00 ms.
Mono: successfully reloaded assembly
- Completed reload, in  0.579 seconds
Domain Reload Profiling:
	ReloadAssembly (579ms)
		BeginReloadAssembly (84ms)
			ExecutionOrderSort (0ms)
			DisableScriptedObjects (4ms)
			BackupInstance (0ms)
			ReleaseScriptingObjects (0ms)
			CreateAndSetChildDomain (23ms)
		EndReloadAssembly (430ms)
			LoadAssemblies (46ms)
			RebuildTransferFunctionScriptingTraits (0ms)
			SetupTypeCache (116ms)
			ReleaseScriptCaches (1ms)
			RebuildScriptCaches (22ms)
			SetupLoadedEditorAssemblies (215ms)
				LogAssemblyErrors (0ms)
				InitializePlatformSupportModulesInManaged (18ms)
				SetLoadedEditorAssemblies (0ms)
				RefreshPlugins (1ms)
				BeforeProcessingInitializeOnLoad (29ms)
				ProcessInitializeOnLoadAttributes (142ms)
				ProcessInitializeOnLoadMethodAttributes (23ms)
				AfterProcessingInitializeOnLoad (2ms)
				EditorAssembliesLoaded (0ms)
			ExecutionOrderSort2 (0ms)
			AwakeInstancesAfterBackupRestoration (4ms)
Platform modules already initialized, skipping
Shader 'WFX/Transparent Specular': fallback shader 'Particles/Alpha Blended' not found
Shader 'WFX/Transparent Diffuse': fallback shader 'Particles/Alpha Blended' not found
Refreshing native plugins compatible for Editor in 1.40 ms, found 2 plugins.
Preloading 0 native plugins for Editor in 0.00 ms.
Unloading 1934 Unused Serialized files (Serialized files now loaded: 0)
Unloading 16 unused Assets / (24.7 KB). Loaded Objects now: 2529.
Memory consumption went from 110.2 MB to 110.2 MB.
Total: 1.987300 ms (FindLiveObjects: 0.117400 ms CreateObjectMapping: 0.037000 ms MarkObjects: 1.819100 ms  DeleteObjects: 0.013200 ms)

AssetImportParameters requested are different than current active one (requested -> active):
  custom:video-decoder-ogg-theora: a1e56fd34408186e4bbccfd4996cb3dc -> 
  custom:container-muxer-webm: aa71ff27fc2769a1b78a27578f13a17b -> 
  custom:container-demuxer-webm: 4f35f7cbe854078d1ac9338744f61a02 -> 
  custom:video-encoder-webm-vp8: eb34c28f22e8b96e1ab97ce403110664 -> 
  custom:audio-encoder-webm-vorbis: bf7c407c2cedff20999df2af8eb42d56 -> 
  custom:framework-win-MediaFoundation: 216162199b28c13a410421893ffa2e32 -> 
  custom:container-demuxer-ogg: 62fdf1f143b41e24485cea50d1cbac27 -> 
  custom:video-decoder-webm-vp8: 9c59270c3fd7afecdb556c50c9e8de78 -> 
  custom:audio-decoder-ogg-vorbis: bf7c407c2cedff20999df2af8eb42d56 -> 
========================================================================
Received Prepare
Registering precompiled user dll's ...
Registered in 0.002201 seconds.
Begin MonoManager ReloadAssembly
Native extension for WindowsStandalone target not found
Native extension for iOS target not found
Refreshing native plugins compatible for Editor in 0.67 ms, found 2 plugins.
Preloading 0 native plugins for Editor in 0.00 ms.
Mono: successfully reloaded assembly
- Completed reload, in  0.561 seconds
Domain Reload Profiling:
	ReloadAssembly (561ms)
		BeginReloadAssembly (85ms)
			ExecutionOrderSort (0ms)
			DisableScriptedObjects (4ms)
			BackupInstance (0ms)
			ReleaseScriptingObjects (0ms)
			CreateAndSetChildDomain (25ms)
		EndReloadAssembly (415ms)
			LoadAssemblies (46ms)
			RebuildTransferFunctionScriptingTraits (0ms)
			SetupTypeCache (114ms)
			ReleaseScriptCaches (1ms)
			RebuildScriptCaches (30ms)
			SetupLoadedEditorAssemblies (197ms)
				LogAssemblyErrors (0ms)
				InitializePlatformSupportModulesInManaged (20ms)
				SetLoadedEditorAssemblies (0ms)
				RefreshPlugins (1ms)
				BeforeProcessingInitializeOnLoad (29ms)
				ProcessInitializeOnLoadAttributes (125ms)
				ProcessInitializeOnLoadMethodAttributes (20ms)
				AfterProcessingInitializeOnLoad (2ms)
				EditorAssembliesLoaded (0ms)
			ExecutionOrderSort2 (0ms)
			AwakeInstancesAfterBackupRestoration (5ms)
Platform modules already initialized, skipping
Shader 'WFX/Transparent Specular': fallback shader 'Particles/Alpha Blended' not found
Shader 'WFX/Transparent Diffuse': fallback shader 'Particles/Alpha Blended' not found
Refreshing native plugins compatible for Editor in 1.43 ms, found 2 plugins.
Preloading 0 native plugins for Editor in 0.00 ms.
Unloading 1934 Unused Serialized files (Serialized files now loaded: 0)
Unloading 16 unused Assets / (24.6 KB). Loaded Objects now: 2532.
Memory consumption went from 110.1 MB to 110.1 MB.
Total: 2.069000 ms (FindLiveObjects: 0.131400 ms CreateObjectMapping: 0.038300 ms MarkObjects: 1.884900 ms  DeleteObjects: 0.013900 ms)

AssetImportParameters requested are different than current active one (requested -> active):
  custom:video-decoder-ogg-theora: a1e56fd34408186e4bbccfd4996cb3dc -> 
  custom:container-muxer-webm: aa71ff27fc2769a1b78a27578f13a17b -> 
  custom:container-demuxer-webm: 4f35f7cbe854078d1ac9338744f61a02 -> 
  custom:video-encoder-webm-vp8: eb34c28f22e8b96e1ab97ce403110664 -> 
  custom:audio-encoder-webm-vorbis: bf7c407c2cedff20999df2af8eb42d56 -> 
  custom:framework-win-MediaFoundation: 216162199b28c13a410421893ffa2e32 -> 
  custom:container-demuxer-ogg: 62fdf1f143b41e24485cea50d1cbac27 -> 
  custom:video-decoder-webm-vp8: 9c59270c3fd7afecdb556c50c9e8de78 -> 
  custom:audio-decoder-ogg-vorbis: bf7c407c2cedff20999df2af8eb42d56 -> 
========================================================================
Received Prepare
Registering precompiled user dll's ...
Registered in 0.002092 seconds.
Begin MonoManager ReloadAssembly
Native extension for WindowsStandalone target not found
Native extension for iOS target not found
Refreshing native plugins compatible for Editor in 0.67 ms, found 2 plugins.
Preloading 0 native plugins for Editor in 0.00 ms.
Mono: successfully reloaded assembly
- Completed reload, in  0.570 seconds
Domain Reload Profiling:
	ReloadAssembly (570ms)
		BeginReloadAssembly (80ms)
			ExecutionOrderSort (0ms)
			DisableScriptedObjects (4ms)
			BackupInstance (0ms)
			ReleaseScriptingObjects (0ms)
			CreateAndSetChildDomain (24ms)
		EndReloadAssembly (430ms)
			LoadAssemblies (40ms)
			RebuildTransferFunctionScriptingTraits (0ms)
			SetupTypeCache (119ms)
			ReleaseScriptCaches (1ms)
			RebuildScriptCaches (22ms)
			SetupLoadedEditorAssemblies (216ms)
				LogAssemblyErrors (0ms)
				InitializePlatformSupportModulesInManaged (18ms)
				SetLoadedEditorAssemblies (0ms)
				RefreshPlugins (1ms)
				BeforeProcessingInitializeOnLoad (31ms)
				ProcessInitializeOnLoadAttributes (143ms)
				ProcessInitializeOnLoadMethodAttributes (21ms)
				AfterProcessingInitializeOnLoad (3ms)
				EditorAssembliesLoaded (0ms)
			ExecutionOrderSort2 (0ms)
			AwakeInstancesAfterBackupRestoration (5ms)
Platform modules already initialized, skipping
Shader 'WFX/Transparent Specular': fallback shader 'Particles/Alpha Blended' not found
Shader 'WFX/Transparent Diffuse': fallback shader 'Particles/Alpha Blended' not found
Refreshing native plugins compatible for Editor in 1.35 ms, found 2 plugins.
Preloading 0 native plugins for Editor in 0.00 ms.
Unloading 1934 Unused Serialized files (Serialized files now loaded: 0)
Unloading 16 unused Assets / (24.6 KB). Loaded Objects now: 2535.
Memory consumption went from 110.1 MB to 110.1 MB.
Total: 2.254700 ms (FindLiveObjects: 0.131500 ms CreateObjectMapping: 0.036700 ms MarkObjects: 2.068700 ms  DeleteObjects: 0.017100 ms)

AssetImportParameters requested are different than current active one (requested -> active):
  custom:video-decoder-ogg-theora: a1e56fd34408186e4bbccfd4996cb3dc -> 
  custom:container-muxer-webm: aa71ff27fc2769a1b78a27578f13a17b -> 
  custom:container-demuxer-webm: 4f35f7cbe854078d1ac9338744f61a02 -> 
  custom:video-encoder-webm-vp8: eb34c28f22e8b96e1ab97ce403110664 -> 
  custom:audio-encoder-webm-vorbis: bf7c407c2cedff20999df2af8eb42d56 -> 
  custom:framework-win-MediaFoundation: 216162199b28c13a410421893ffa2e32 -> 
  custom:container-demuxer-ogg: 62fdf1f143b41e24485cea50d1cbac27 -> 
  custom:video-decoder-webm-vp8: 9c59270c3fd7afecdb556c50c9e8de78 -> 
  custom:audio-decoder-ogg-vorbis: bf7c407c2cedff20999df2af8eb42d56 -> 
========================================================================
Received Prepare
Registering precompiled user dll's ...
Registered in 0.002339 seconds.
Begin MonoManager ReloadAssembly
Native extension for WindowsStandalone target not found
Native extension for iOS target not found
Refreshing native plugins compatible for Editor in 1.22 ms, found 2 plugins.
Preloading 0 native plugins for Editor in 0.00 ms.
Mono: successfully reloaded assembly
- Completed reload, in  0.558 seconds
Domain Reload Profiling:
	ReloadAssembly (559ms)
		BeginReloadAssembly (79ms)
			ExecutionOrderSort (0ms)
			DisableScriptedObjects (4ms)
			BackupInstance (0ms)
			ReleaseScriptingObjects (0ms)
			CreateAndSetChildDomain (23ms)
		EndReloadAssembly (412ms)
			LoadAssemblies (41ms)
			RebuildTransferFunctionScriptingTraits (0ms)
			SetupTypeCache (115ms)
			ReleaseScriptCaches (1ms)
			RebuildScriptCaches (22ms)
			SetupLoadedEditorAssemblies (202ms)
				LogAssemblyErrors (0ms)
				InitializePlatformSupportModulesInManaged (19ms)
				SetLoadedEditorAssemblies (0ms)
				RefreshPlugins (1ms)
				BeforeProcessingInitializeOnLoad (32ms)
				ProcessInitializeOnLoadAttributes (127ms)
				ProcessInitializeOnLoadMethodAttributes (20ms)
				AfterProcessingInitializeOnLoad (2ms)
				EditorAssembliesLoaded (0ms)
			ExecutionOrderSort2 (0ms)
			AwakeInstancesAfterBackupRestoration (5ms)
Platform modules already initialized, skipping
Shader 'WFX/Transparent Specular': fallback shader 'Particles/Alpha Blended' not found
Shader 'WFX/Transparent Diffuse': fallback shader 'Particles/Alpha Blended' not found
Refreshing native plugins compatible for Editor in 1.35 ms, found 2 plugins.
Preloading 0 native plugins for Editor in 0.00 ms.
Unloading 1934 Unused Serialized files (Serialized files now loaded: 0)
Unloading 16 unused Assets / (24.7 KB). Loaded Objects now: 2538.
Memory consumption went from 110.1 MB to 110.1 MB.
Total: 1.980900 ms (FindLiveObjects: 0.112600 ms CreateObjectMapping: 0.035700 ms MarkObjects: 1.818600 ms  DeleteObjects: 0.013600 ms)

AssetImportParameters requested are different than current active one (requested -> active):
  custom:video-decoder-ogg-theora: a1e56fd34408186e4bbccfd4996cb3dc -> 
  custom:container-muxer-webm: aa71ff27fc2769a1b78a27578f13a17b -> 
  custom:container-demuxer-webm: 4f35f7cbe854078d1ac9338744f61a02 -> 
  custom:video-encoder-webm-vp8: eb34c28f22e8b96e1ab97ce403110664 -> 
  custom:audio-encoder-webm-vorbis: bf7c407c2cedff20999df2af8eb42d56 -> 
  custom:framework-win-MediaFoundation: 216162199b28c13a410421893ffa2e32 -> 
  custom:container-demuxer-ogg: 62fdf1f143b41e24485cea50d1cbac27 -> 
  custom:video-decoder-webm-vp8: 9c59270c3fd7afecdb556c50c9e8de78 -> 
  custom:audio-decoder-ogg-vorbis: bf7c407c2cedff20999df2af8eb42d56 -> 
========================================================================
Received Prepare
Shader 'WFX/Transparent Specular': fallback shader 'Particles/Alpha Blended' not found
Shader 'WFX/Transparent Diffuse': fallback shader 'Particles/Alpha Blended' not found
Refreshing native plugins compatible for Editor in 2.29 ms, found 2 plugins.
Preloading 0 native plugins for Editor in 0.00 ms.
Unloading 16 Unused Serialized files (Serialized files now loaded: 0)
Unloading 16 unused Assets / (21.9 KB). Loaded Objects now: 2538.
Memory consumption went from 71.7 MB to 71.7 MB.
Total: 2.757000 ms (FindLiveObjects: 0.135700 ms CreateObjectMapping: 0.035000 ms MarkObjects: 2.575100 ms  DeleteObjects: 0.010700 ms)

AssetImportParameters requested are different than current active one (requested -> active):
  custom:video-decoder-ogg-theora: a1e56fd34408186e4bbccfd4996cb3dc -> 
  custom:container-muxer-webm: aa71ff27fc2769a1b78a27578f13a17b -> 
  custom:container-demuxer-webm: 4f35f7cbe854078d1ac9338744f61a02 -> 
  custom:video-encoder-webm-vp8: eb34c28f22e8b96e1ab97ce403110664 -> 
  custom:audio-encoder-webm-vorbis: bf7c407c2cedff20999df2af8eb42d56 -> 
  custom:framework-win-MediaFoundation: 216162199b28c13a410421893ffa2e32 -> 
  custom:container-demuxer-ogg: 62fdf1f143b41e24485cea50d1cbac27 -> 
  custom:video-decoder-webm-vp8: 9c59270c3fd7afecdb556c50c9e8de78 -> 
  custom:audio-decoder-ogg-vorbis: bf7c407c2cedff20999df2af8eb42d56 -> 
========================================================================
Received Import Request.
  Time since last request: 785.699798 seconds.
  path: Assets/ScriptsFolder/Scripts_jh/UIManager.cs
  artifactKey: Guid(1dfa3cfdc99b6c243bd1dfdd5540fa42) Importer(815301076,1909f56bfc062723c751e8b465ee728b)
Start importing Assets/ScriptsFolder/Scripts_jh/UIManager.cs using Guid(1dfa3cfdc99b6c243bd1dfdd5540fa42) Importer(815301076,1909f56bfc062723c751e8b465ee728b)  -> (artifact id: '15c123478402908a780a196ce24c1de5') in 0.004735 seconds 
========================================================================
Received Import Request.
  Time since last request: 10.626936 seconds.
  path: Assets/ScriptsFolder/Scripts_jh/UIManager.cs
  artifactKey: Guid(1dfa3cfdc99b6c243bd1dfdd5540fa42) Importer(815301076,1909f56bfc062723c751e8b465ee728b)
Start importing Assets/ScriptsFolder/Scripts_jh/UIManager.cs using Guid(1dfa3cfdc99b6c243bd1dfdd5540fa42) Importer(815301076,1909f56bfc062723c751e8b465ee728b)  -> (artifact id: 'cfcc87984f23e3276f784b5cf0291aba') in 0.001331 seconds 
========================================================================
Received Prepare
Registering precompiled user dll's ...
Registered in 0.002228 seconds.
Begin MonoManager ReloadAssembly
Native extension for WindowsStandalone target not found
Native extension for iOS target not found
Refreshing native plugins compatible for Editor in 0.70 ms, found 2 plugins.
Preloading 0 native plugins for Editor in 0.00 ms.
Mono: successfully reloaded assembly
- Completed reload, in  0.562 seconds
Domain Reload Profiling:
	ReloadAssembly (562ms)
		BeginReloadAssembly (87ms)
			ExecutionOrderSort (0ms)
			DisableScriptedObjects (5ms)
			BackupInstance (0ms)
			ReleaseScriptingObjects (0ms)
			CreateAndSetChildDomain (23ms)
		EndReloadAssembly (410ms)
			LoadAssemblies (46ms)
			RebuildTransferFunctionScriptingTraits (0ms)
			SetupTypeCache (112ms)
			ReleaseScriptCaches (1ms)
			RebuildScriptCaches (25ms)
			SetupLoadedEditorAssemblies (200ms)
				LogAssemblyErrors (0ms)
				InitializePlatformSupportModulesInManaged (18ms)
				SetLoadedEditorAssemblies (0ms)
				RefreshPlugins (1ms)
				BeforeProcessingInitializeOnLoad (30ms)
				ProcessInitializeOnLoadAttributes (128ms)
				ProcessInitializeOnLoadMethodAttributes (20ms)
				AfterProcessingInitializeOnLoad (3ms)
				EditorAssembliesLoaded (0ms)
			ExecutionOrderSort2 (0ms)
			AwakeInstancesAfterBackupRestoration (4ms)
Platform modules already initialized, skipping
Shader 'WFX/Transparent Specular': fallback shader 'Particles/Alpha Blended' not found
Shader 'WFX/Transparent Diffuse': fallback shader 'Particles/Alpha Blended' not found
Refreshing native plugins compatible for Editor in 1.17 ms, found 2 plugins.
Preloading 0 native plugins for Editor in 0.00 ms.
Unloading 1934 Unused Serialized files (Serialized files now loaded: 0)
Unloading 16 unused Assets / (24.7 KB). Loaded Objects now: 2541.
Memory consumption went from 110.1 MB to 110.1 MB.
Total: 2.030800 ms (FindLiveObjects: 0.132800 ms CreateObjectMapping: 0.042400 ms MarkObjects: 1.840300 ms  DeleteObjects: 0.014800 ms)

AssetImportParameters requested are different than current active one (requested -> active):
  custom:video-decoder-ogg-theora: a1e56fd34408186e4bbccfd4996cb3dc -> 
  custom:container-muxer-webm: aa71ff27fc2769a1b78a27578f13a17b -> 
  custom:container-demuxer-webm: 4f35f7cbe854078d1ac9338744f61a02 -> 
  custom:video-encoder-webm-vp8: eb34c28f22e8b96e1ab97ce403110664 -> 
  custom:audio-encoder-webm-vorbis: bf7c407c2cedff20999df2af8eb42d56 -> 
  custom:framework-win-MediaFoundation: 216162199b28c13a410421893ffa2e32 -> 
  custom:container-demuxer-ogg: 62fdf1f143b41e24485cea50d1cbac27 -> 
  custom:video-decoder-webm-vp8: 9c59270c3fd7afecdb556c50c9e8de78 -> 
  custom:audio-decoder-ogg-vorbis: bf7c407c2cedff20999df2af8eb42d56 -> 
========================================================================
Received Prepare
Shader 'WFX/Transparent Specular': fallback shader 'Particles/Alpha Blended' not found
Shader 'WFX/Transparent Diffuse': fallback shader 'Particles/Alpha Blended' not found
Refreshing native plugins compatible for Editor in 3.26 ms, found 2 plugins.
Preloading 0 native plugins for Editor in 0.00 ms.
Unloading 16 Unused Serialized files (Serialized files now loaded: 0)
Unloading 16 unused Assets / (21.9 KB). Loaded Objects now: 2541.
Memory consumption went from 71.7 MB to 71.7 MB.
Total: 2.099200 ms (FindLiveObjects: 0.138200 ms CreateObjectMapping: 0.035200 ms MarkObjects: 1.914300 ms  DeleteObjects: 0.010200 ms)

AssetImportParameters requested are different than current active one (requested -> active):
  custom:video-decoder-ogg-theora: a1e56fd34408186e4bbccfd4996cb3dc -> 
  custom:container-muxer-webm: aa71ff27fc2769a1b78a27578f13a17b -> 
  custom:container-demuxer-webm: 4f35f7cbe854078d1ac9338744f61a02 -> 
  custom:video-encoder-webm-vp8: eb34c28f22e8b96e1ab97ce403110664 -> 
  custom:audio-encoder-webm-vorbis: bf7c407c2cedff20999df2af8eb42d56 -> 
  custom:framework-win-MediaFoundation: 216162199b28c13a410421893ffa2e32 -> 
  custom:container-demuxer-ogg: 62fdf1f143b41e24485cea50d1cbac27 -> 
  custom:video-decoder-webm-vp8: 9c59270c3fd7afecdb556c50c9e8de78 -> 
  custom:audio-decoder-ogg-vorbis: bf7c407c2cedff20999df2af8eb42d56 -> 
========================================================================
Received Prepare
Registering precompiled user dll's ...
Registered in 0.002546 seconds.
Begin MonoManager ReloadAssembly
Native extension for WindowsStandalone target not found
Native extension for iOS target not found
Refreshing native plugins compatible for Editor in 0.71 ms, found 2 plugins.
Preloading 0 native plugins for Editor in 0.00 ms.
Mono: successfully reloaded assembly
- Completed reload, in  0.580 seconds
Domain Reload Profiling:
	ReloadAssembly (581ms)
		BeginReloadAssembly (88ms)
			ExecutionOrderSort (0ms)
			DisableScriptedObjects (4ms)
			BackupInstance (0ms)
			ReleaseScriptingObjects (0ms)
			CreateAndSetChildDomain (24ms)
		EndReloadAssembly (428ms)
			LoadAssemblies (48ms)
			RebuildTransferFunctionScriptingTraits (0ms)
			SetupTypeCache (119ms)
			ReleaseScriptCaches (1ms)
			RebuildScriptCaches (26ms)
			SetupLoadedEditorAssemblies (208ms)
				LogAssemblyErrors (0ms)
				InitializePlatformSupportModulesInManaged (20ms)
				SetLoadedEditorAssemblies (0ms)
				RefreshPlugins (1ms)
				BeforeProcessingInitializeOnLoad (33ms)
				ProcessInitializeOnLoadAttributes (130ms)
				ProcessInitializeOnLoadMethodAttributes (22ms)
				AfterProcessingInitializeOnLoad (2ms)
				EditorAssembliesLoaded (0ms)
			ExecutionOrderSort2 (0ms)
			AwakeInstancesAfterBackupRestoration (5ms)
Platform modules already initialized, skipping
Shader 'WFX/Transparent Specular': fallback shader 'Particles/Alpha Blended' not found
Shader 'WFX/Transparent Diffuse': fallback shader 'Particles/Alpha Blended' not found
Refreshing native plugins compatible for Editor in 2.44 ms, found 2 plugins.
Preloading 0 native plugins for Editor in 0.00 ms.
Unloading 1934 Unused Serialized files (Serialized files now loaded: 0)
Unloading 16 unused Assets / (24.7 KB). Loaded Objects now: 2544.
Memory consumption went from 110.1 MB to 110.1 MB.
Total: 2.254000 ms (FindLiveObjects: 0.189200 ms CreateObjectMapping: 0.050900 ms MarkObjects: 1.998800 ms  DeleteObjects: 0.014400 ms)

AssetImportParameters requested are different than current active one (requested -> active):
  custom:video-decoder-ogg-theora: a1e56fd34408186e4bbccfd4996cb3dc -> 
  custom:container-muxer-webm: aa71ff27fc2769a1b78a27578f13a17b -> 
  custom:container-demuxer-webm: 4f35f7cbe854078d1ac9338744f61a02 -> 
  custom:video-encoder-webm-vp8: eb34c28f22e8b96e1ab97ce403110664 -> 
  custom:audio-encoder-webm-vorbis: bf7c407c2cedff20999df2af8eb42d56 -> 
  custom:framework-win-MediaFoundation: 216162199b28c13a410421893ffa2e32 -> 
  custom:container-demuxer-ogg: 62fdf1f143b41e24485cea50d1cbac27 -> 
  custom:video-decoder-webm-vp8: 9c59270c3fd7afecdb556c50c9e8de78 -> 
  custom:audio-decoder-ogg-vorbis: bf7c407c2cedff20999df2af8eb42d56 -> 
========================================================================
Received Prepare
Registering precompiled user dll's ...
Registered in 0.002524 seconds.
Begin MonoManager ReloadAssembly
Native extension for WindowsStandalone target not found
Native extension for iOS target not found
Refreshing native plugins compatible for Editor in 0.63 ms, found 2 plugins.
Preloading 0 native plugins for Editor in 0.00 ms.
Mono: successfully reloaded assembly
- Completed reload, in  0.570 seconds
Domain Reload Profiling:
	ReloadAssembly (570ms)
		BeginReloadAssembly (83ms)
			ExecutionOrderSort (0ms)
			DisableScriptedObjects (4ms)
			BackupInstance (0ms)
			ReleaseScriptingObjects (0ms)
			CreateAndSetChildDomain (24ms)
		EndReloadAssembly (426ms)
			LoadAssemblies (43ms)
			RebuildTransferFunctionScriptingTraits (0ms)
			SetupTypeCache (123ms)
			ReleaseScriptCaches (1ms)
			RebuildScriptCaches (28ms)
			SetupLoadedEditorAssemblies (203ms)
				LogAssemblyErrors (0ms)
				InitializePlatformSupportModulesInManaged (18ms)
				SetLoadedEditorAssemblies (0ms)
				RefreshPlugins (1ms)
				BeforeProcessingInitializeOnLoad (28ms)
				ProcessInitializeOnLoadAttributes (132ms)
				ProcessInitializeOnLoadMethodAttributes (21ms)
				AfterProcessingInitializeOnLoad (2ms)
				EditorAssembliesLoaded (0ms)
			ExecutionOrderSort2 (0ms)
			AwakeInstancesAfterBackupRestoration (5ms)
Platform modules already initialized, skipping
Shader 'WFX/Transparent Specular': fallback shader 'Particles/Alpha Blended' not found
Shader 'WFX/Transparent Diffuse': fallback shader 'Particles/Alpha Blended' not found
Refreshing native plugins compatible for Editor in 1.66 ms, found 2 plugins.
Preloading 0 native plugins for Editor in 0.00 ms.
Unloading 1934 Unused Serialized files (Serialized files now loaded: 0)
Unloading 16 unused Assets / (24.7 KB). Loaded Objects now: 2547.
Memory consumption went from 110.2 MB to 110.1 MB.
Total: 2.139700 ms (FindLiveObjects: 0.127100 ms CreateObjectMapping: 0.045900 ms MarkObjects: 1.951900 ms  DeleteObjects: 0.014200 ms)

AssetImportParameters requested are different than current active one (requested -> active):
  custom:video-decoder-ogg-theora: a1e56fd34408186e4bbccfd4996cb3dc -> 
  custom:container-muxer-webm: aa71ff27fc2769a1b78a27578f13a17b -> 
  custom:container-demuxer-webm: 4f35f7cbe854078d1ac9338744f61a02 -> 
  custom:video-encoder-webm-vp8: eb34c28f22e8b96e1ab97ce403110664 -> 
  custom:audio-encoder-webm-vorbis: bf7c407c2cedff20999df2af8eb42d56 -> 
  custom:framework-win-MediaFoundation: 216162199b28c13a410421893ffa2e32 -> 
  custom:container-demuxer-ogg: 62fdf1f143b41e24485cea50d1cbac27 -> 
  custom:video-decoder-webm-vp8: 9c59270c3fd7afecdb556c50c9e8de78 -> 
  custom:audio-decoder-ogg-vorbis: bf7c407c2cedff20999df2af8eb42d56 -> 
========================================================================
Received Import Request.
  Time since last request: 1004.788713 seconds.
  path: Assets/Asset_reference/AurynSky/Rockets Missiles and Bombs/Models/Rocket08.fbx
  artifactKey: Guid(68c7945bd83bbc24488f8d6223436435) Importer(815301076,1909f56bfc062723c751e8b465ee728b)
Start importing Assets/Asset_reference/AurynSky/Rockets Missiles and Bombs/Models/Rocket08.fbx using Guid(68c7945bd83bbc24488f8d6223436435) Importer(815301076,1909f56bfc062723c751e8b465ee728b)  -> (artifact id: 'e9732a4181a8f020403a5aee65be33d6') in 0.170373 seconds 
========================================================================
Received Import Request.
  Time since last request: 0.000015 seconds.
  path: Assets/Asset_reference/AurynSky/Rockets Missiles and Bombs/Prefabs/Yellow/Rocket08_Yellow.prefab
  artifactKey: Guid(44e971c845ba99043935ea351e71dc94) Importer(815301076,1909f56bfc062723c751e8b465ee728b)
Start importing Assets/Asset_reference/AurynSky/Rockets Missiles and Bombs/Prefabs/Yellow/Rocket08_Yellow.prefab using Guid(44e971c845ba99043935ea351e71dc94) Importer(815301076,1909f56bfc062723c751e8b465ee728b)  -> (artifact id: '0e4276f0224b74f8378f828eafb893b5') in 0.017400 seconds 
========================================================================
Received Import Request.
  Time since last request: 0.000025 seconds.
  path: Assets/Asset_reference/AurynSky/Rockets Missiles and Bombs/Prefabs/Orange/Rocket09_Orange.prefab
  artifactKey: Guid(269edb621735c5e4dbed5aae9dc7ac0b) Importer(815301076,1909f56bfc062723c751e8b465ee728b)
Start importing Assets/Asset_reference/AurynSky/Rockets Missiles and Bombs/Prefabs/Orange/Rocket09_Orange.prefab using Guid(269edb621735c5e4dbed5aae9dc7ac0b) Importer(815301076,1909f56bfc062723c751e8b465ee728b)  -> (artifact id: 'f2781b79ed4be484f2a109b0c06fb476') in 0.016682 seconds 
========================================================================
Received Import Request.
  Time since last request: 0.000012 seconds.
  path: Assets/Asset_reference/AurynSky/Rockets Missiles and Bombs/Prefabs/Orange/Rocket18_Orange.prefab
  artifactKey: Guid(5c8ec108ad5c55a43966653eaf96dd47) Importer(815301076,1909f56bfc062723c751e8b465ee728b)
Start importing Assets/Asset_reference/AurynSky/Rockets Missiles and Bombs/Prefabs/Orange/Rocket18_Orange.prefab using Guid(5c8ec108ad5c55a43966653eaf96dd47) Importer(815301076,1909f56bfc062723c751e8b465ee728b)  -> (artifact id: 'a491a1cfd62b2048d490345ca313b640') in 0.008407 seconds 
========================================================================
Received Import Request.
  Time since last request: 0.000012 seconds.
  path: Assets/Asset_reference/AurynSky/Rockets Missiles and Bombs/Prefabs/Yellow/Rocket11_Yellow.prefab
  artifactKey: Guid(50c21b4a95fdfcd42bb91d8c09030249) Importer(815301076,1909f56bfc062723c751e8b465ee728b)
Start importing Assets/Asset_reference/AurynSky/Rockets Missiles and Bombs/Prefabs/Yellow/Rocket11_Yellow.prefab using Guid(50c21b4a95fdfcd42bb91d8c09030249) Importer(815301076,1909f56bfc062723c751e8b465ee728b)  -> (artifact id: '0ac0efe3fac459f98d0efe23cd0531c8') in 0.012939 seconds 
========================================================================
Received Import Request.
  Time since last request: 0.000018 seconds.
  path: Assets/Asset_reference/AurynSky/Rockets Missiles and Bombs/Prefabs/Grey/Rocket18_Grey.prefab
  artifactKey: Guid(98cdf144a0c73f940a711a6ec5ed563c) Importer(815301076,1909f56bfc062723c751e8b465ee728b)
Start importing Assets/Asset_reference/AurynSky/Rockets Missiles and Bombs/Prefabs/Grey/Rocket18_Grey.prefab using Guid(98cdf144a0c73f940a711a6ec5ed563c) Importer(815301076,1909f56bfc062723c751e8b465ee728b)  -> (artifact id: '2935e7aa979b13f89945840725f987cb') in 0.014856 seconds 
========================================================================
Received Import Request.
  Time since last request: 0.000014 seconds.
  path: Assets/Asset_reference/AurynSky/Rockets Missiles and Bombs/Prefabs/Yellow/Rocket27_Yellow.prefab
  artifactKey: Guid(ddaebb2b451033e4492ae0180b37f959) Importer(815301076,1909f56bfc062723c751e8b465ee728b)
Start importing Assets/Asset_reference/AurynSky/Rockets Missiles and Bombs/Prefabs/Yellow/Rocket27_Yellow.prefab using Guid(ddaebb2b451033e4492ae0180b37f959) Importer(815301076,1909f56bfc062723c751e8b465ee728b)  -> (artifact id: '4418e9565b8c16e8d1e1651267751360') in 0.011094 seconds 
========================================================================
Received Import Request.
  Time since last request: 0.000017 seconds.
  path: Assets/Asset_reference/AurynSky/Rockets Missiles and Bombs/Prefabs/Orange/Rocket27_Orange.prefab
  artifactKey: Guid(9600bb0091acb80408dd622e882c5ce5) Importer(815301076,1909f56bfc062723c751e8b465ee728b)
Start importing Assets/Asset_reference/AurynSky/Rockets Missiles and Bombs/Prefabs/Orange/Rocket27_Orange.prefab using Guid(9600bb0091acb80408dd622e882c5ce5) Importer(815301076,1909f56bfc062723c751e8b465ee728b)  -> (artifact id: '282ff71561e5e374e09e29439f116b56') in 0.009902 seconds 
========================================================================
Received Import Request.
  Time since last request: 0.000014 seconds.
  path: Assets/Asset_reference/AurynSky/Rockets Missiles and Bombs/Prefabs/Orange/Rocket29_Orange.prefab
  artifactKey: Guid(c9283dbaaf40b1c41a28f4bc83895ebd) Importer(815301076,1909f56bfc062723c751e8b465ee728b)
Start importing Assets/Asset_reference/AurynSky/Rockets Missiles and Bombs/Prefabs/Orange/Rocket29_Orange.prefab using Guid(c9283dbaaf40b1c41a28f4bc83895ebd) Importer(815301076,1909f56bfc062723c751e8b465ee728b)  -> (artifact id: '472c281b77b19d63fe85d519299ba4df') in 0.011394 seconds 
========================================================================
Received Import Request.
  Time since last request: 0.000018 seconds.
  path: Assets/Asset_reference/AurynSky/Rockets Missiles and Bombs/Prefabs/Yellow/Rocket29_Yellow.prefab
  artifactKey: Guid(9e554f12240d5724f89e1a7d38ac98b6) Importer(815301076,1909f56bfc062723c751e8b465ee728b)
Start importing Assets/Asset_reference/AurynSky/Rockets Missiles and Bombs/Prefabs/Yellow/Rocket29_Yellow.prefab using Guid(9e554f12240d5724f89e1a7d38ac98b6) Importer(815301076,1909f56bfc062723c751e8b465ee728b)  -> (artifact id: '9c5a81636699c30f4c12fc6c158c0a0c') in 0.008359 seconds 
========================================================================
Received Import Request.
  Time since last request: 0.000013 seconds.
  path: Assets/Asset_reference/AurynSky/Rockets Missiles and Bombs/Prefabs/Yellow/Rocket30_Yellow.prefab
  artifactKey: Guid(50b7a34f77138a047b5b3ff704ed8e65) Importer(815301076,1909f56bfc062723c751e8b465ee728b)
Start importing Assets/Asset_reference/AurynSky/Rockets Missiles and Bombs/Prefabs/Yellow/Rocket30_Yellow.prefab using Guid(50b7a34f77138a047b5b3ff704ed8e65) Importer(815301076,1909f56bfc062723c751e8b465ee728b)  -> (artifact id: '2c8cacd17f3e6afa74762d83273ac787') in 0.012659 seconds 
========================================================================
Received Import Request.
  Time since last request: 0.000018 seconds.
  path: Assets/Asset_reference/AurynSky/Rockets Missiles and Bombs/Prefabs/Red/Rocket25_Red.prefab
  artifactKey: Guid(c3d2ff021d5e571409f931cdad2dd3f1) Importer(815301076,1909f56bfc062723c751e8b465ee728b)
Start importing Assets/Asset_reference/AurynSky/Rockets Missiles and Bombs/Prefabs/Red/Rocket25_Red.prefab using Guid(c3d2ff021d5e571409f931cdad2dd3f1) Importer(815301076,1909f56bfc062723c751e8b465ee728b)  -> (artifact id: '0f6f78e4fcc57be1d34e487cbf32f18c') in 0.034451 seconds 
========================================================================
Received Import Request.
  Time since last request: 0.000015 seconds.
  path: Assets/Asset_reference/AurynSky/Rockets Missiles and Bombs/Prefabs/Red/Rocket27_Red.prefab
  artifactKey: Guid(c8fe8285d2bae614d9209e8ede3925cc) Importer(815301076,1909f56bfc062723c751e8b465ee728b)
Start importing Assets/Asset_reference/AurynSky/Rockets Missiles and Bombs/Prefabs/Red/Rocket27_Red.prefab using Guid(c8fe8285d2bae614d9209e8ede3925cc) Importer(815301076,1909f56bfc062723c751e8b465ee728b)  -> (artifact id: '6620dcdab5d98c227f0dd63fd5465d62') in 0.009663 seconds 
========================================================================
Received Import Request.
  Time since last request: 0.000015 seconds.
  path: Assets/Asset_reference/AurynSky/Rockets Missiles and Bombs/Prefabs/Blue/Rocket21_Blue.prefab
  artifactKey: Guid(3287fceedfae82443be85289d59d1b64) Importer(815301076,1909f56bfc062723c751e8b465ee728b)
Start importing Assets/Asset_reference/AurynSky/Rockets Missiles and Bombs/Prefabs/Blue/Rocket21_Blue.prefab using Guid(3287fceedfae82443be85289d59d1b64) Importer(815301076,1909f56bfc062723c751e8b465ee728b)  -> (artifact id: '59acc594d6df7d3f66b7243c9e948f58') in 0.012853 seconds 
========================================================================
Received Import Request.
  Time since last request: 0.000018 seconds.
  path: Assets/Asset_reference/AurynSky/Rockets Missiles and Bombs/Materials/RocketsPallettePink.mat
  artifactKey: Guid(6c121e11c1fbe994a928335538344c18) Importer(815301076,1909f56bfc062723c751e8b465ee728b)
Start importing Assets/Asset_reference/AurynSky/Rockets Missiles and Bombs/Materials/RocketsPallettePink.mat using Guid(6c121e11c1fbe994a928335538344c18) Importer(815301076,1909f56bfc062723c751e8b465ee728b)  -> (artifact id: '27ee0c9a6143011a64ad8f23f3c3cefe') in 0.011528 seconds 
========================================================================
Received Import Request.
  Time since last request: 0.000015 seconds.
  path: Assets/Asset_reference/AurynSky/Rockets Missiles and Bombs/Prefabs/Blue/Rocket28_Blue.prefab
  artifactKey: Guid(7b1ca2bf9ad0c2d4eb381c8e4bf6493b) Importer(815301076,1909f56bfc062723c751e8b465ee728b)
Start importing Assets/Asset_reference/AurynSky/Rockets Missiles and Bombs/Prefabs/Blue/Rocket28_Blue.prefab using Guid(7b1ca2bf9ad0c2d4eb381c8e4bf6493b) Importer(815301076,1909f56bfc062723c751e8b465ee728b)  -> (artifact id: '7a68ec31f99b7bb0b84d463a451347e7') in 0.010547 seconds 
========================================================================
Received Import Request.
  Time since last request: 0.000021 seconds.
  path: Assets/Asset_reference/AurynSky/Rockets Missiles and Bombs/Prefabs/Orange/Rocket26_Orange.prefab
  artifactKey: Guid(dadcf4e011a793a4292a1ff7b5b3ae50) Importer(815301076,1909f56bfc062723c751e8b465ee728b)
Start importing Assets/Asset_reference/AurynSky/Rockets Missiles and Bombs/Prefabs/Orange/Rocket26_Orange.prefab using Guid(dadcf4e011a793a4292a1ff7b5b3ae50) Importer(815301076,1909f56bfc062723c751e8b465ee728b)  -> (artifact id: 'acfe57a38f2b6a3ca61c03fc66f18789') in 0.013916 seconds 
========================================================================
Received Import Request.
  Time since last request: 0.000016 seconds.
  path: Assets/Asset_reference/AurynSky/Rockets Missiles and Bombs/Prefabs/Green/Rocket20_Green.prefab
  artifactKey: Guid(4d2d440b288a61342852b3f119e85da7) Importer(815301076,1909f56bfc062723c751e8b465ee728b)
Start importing Assets/Asset_reference/AurynSky/Rockets Missiles and Bombs/Prefabs/Green/Rocket20_Green.prefab using Guid(4d2d440b288a61342852b3f119e85da7) Importer(815301076,1909f56bfc062723c751e8b465ee728b)  -> (artifact id: '4fb847bedf81aa6e5002a28a512f6317') in 0.009323 seconds 
========================================================================
Received Import Request.
  Time since last request: 0.000016 seconds.
  path: Assets/Asset_reference/AurynSky/Rockets Missiles and Bombs/Prefabs/Blue/Rocket10_Blue.prefab
  artifactKey: Guid(4461ab2f7c9b5894abb2247f890cd36b) Importer(815301076,1909f56bfc062723c751e8b465ee728b)
Start importing Assets/Asset_reference/AurynSky/Rockets Missiles and Bombs/Prefabs/Blue/Rocket10_Blue.prefab using Guid(4461ab2f7c9b5894abb2247f890cd36b) Importer(815301076,1909f56bfc062723c751e8b465ee728b)  -> (artifact id: '72eefb2046f5968c61be838506ef6013') in 0.011914 seconds 
========================================================================
Received Import Request.
  Time since last request: 0.000014 seconds.
  path: Assets/Asset_reference/AurynSky/Rockets Missiles and Bombs/Prefabs/Grey/Rocket27_Grey.prefab
  artifactKey: Guid(d3e392c08fa02b84bbe544cc486905b9) Importer(815301076,1909f56bfc062723c751e8b465ee728b)
Start importing Assets/Asset_reference/AurynSky/Rockets Missiles and Bombs/Prefabs/Grey/Rocket27_Grey.prefab using Guid(d3e392c08fa02b84bbe544cc486905b9) Importer(815301076,1909f56bfc062723c751e8b465ee728b)  -> (artifact id: '01928737b31df66323f7e12fa09cb437') in 0.009078 seconds 
========================================================================
Received Import Request.
  Time since last request: 0.000014 seconds.
  path: Assets/Asset_reference/Customized Weapons - Low poly/Models/RocketLauncher4.fbx
  artifactKey: Guid(786b25c879df29c409bbd0f17f6c66d9) Importer(815301076,1909f56bfc062723c751e8b465ee728b)
Start importing Assets/Asset_reference/Customized Weapons - Low poly/Models/RocketLauncher4.fbx using Guid(786b25c879df29c409bbd0f17f6c66d9) Importer(815301076,1909f56bfc062723c751e8b465ee728b)  -> (artifact id: 'a92e643e69c4d64b86748f998b27ae5e') in 0.026194 seconds 
========================================================================
Received Import Request.
  Time since last request: 0.000014 seconds.
  path: Assets/Asset_reference/AurynSky/Rockets Missiles and Bombs/Textures/RocketsPalletteGrey.png
  artifactKey: Guid(9dacb1981f327434bbbff57b0a025335) Importer(815301076,1909f56bfc062723c751e8b465ee728b)
Start importing Assets/Asset_reference/AurynSky/Rockets Missiles and Bombs/Textures/RocketsPalletteGrey.png using Guid(9dacb1981f327434bbbff57b0a025335) Importer(815301076,1909f56bfc062723c751e8b465ee728b)  -> (artifact id: 'ab8ab08558d9b9907665fdb0f662faf1') in 0.011773 seconds 
========================================================================
Received Import Request.
  Time since last request: 0.000012 seconds.
  path: Assets/Asset_reference/AurynSky/Rockets Missiles and Bombs/Models/Rocket29.fbx
  artifactKey: Guid(5bb10a455c42fbd4db3364f122c26a79) Importer(815301076,1909f56bfc062723c751e8b465ee728b)
Start importing Assets/Asset_reference/AurynSky/Rockets Missiles and Bombs/Models/Rocket29.fbx using Guid(5bb10a455c42fbd4db3364f122c26a79) Importer(815301076,1909f56bfc062723c751e8b465ee728b)  -> (artifact id: 'adb4b1e14779c3cc2ec235463a905e35') in 0.013406 seconds 
========================================================================
Received Import Request.
  Time since last request: 0.000013 seconds.
  path: Assets/Asset_reference/Customized Weapons - Low poly/Models/RocketLauncher3.fbx
  artifactKey: Guid(937820a089a3028479fee74c9d97b590) Importer(815301076,1909f56bfc062723c751e8b465ee728b)
Start importing Assets/Asset_reference/Customized Weapons - Low poly/Models/RocketLauncher3.fbx using Guid(937820a089a3028479fee74c9d97b590) Importer(815301076,1909f56bfc062723c751e8b465ee728b)  -> (artifact id: 'f0cf2fdb4d7834e23233e06c897a81d0') in 0.022124 seconds 
========================================================================
Received Import Request.
  Time since last request: 0.000014 seconds.
  path: Assets/Asset_reference/AurynSky/Rockets Missiles and Bombs/Textures/RocketsPalletteRed.png
  artifactKey: Guid(87b14570171a8be458a29df2cd70f078) Importer(815301076,1909f56bfc062723c751e8b465ee728b)
Start importing Assets/Asset_reference/AurynSky/Rockets Missiles and Bombs/Textures/RocketsPalletteRed.png using Guid(87b14570171a8be458a29df2cd70f078) Importer(815301076,1909f56bfc062723c751e8b465ee728b)  -> (artifact id: 'db58d909e564a9cec6fc17ff026f9700') in 0.008125 seconds 
========================================================================
Received Import Request.
  Time since last request: 0.000019 seconds.
  path: Assets/Asset_reference/AurynSky/Rockets Missiles and Bombs/Prefabs/Orange/Rocket25_Orange.prefab
  artifactKey: Guid(f0da512bbb093bc4dbe7481acf215306) Importer(815301076,1909f56bfc062723c751e8b465ee728b)
Start importing Assets/Asset_reference/AurynSky/Rockets Missiles and Bombs/Prefabs/Orange/Rocket25_Orange.prefab using Guid(f0da512bbb093bc4dbe7481acf215306) Importer(815301076,1909f56bfc062723c751e8b465ee728b)  -> (artifact id: '16badb0d77e7feb0ff0107baef60f0b6') in 0.009461 seconds 
========================================================================
Received Import Request.
  Time since last request: 0.000013 seconds.
  path: Assets/Asset_reference/AurynSky/Rockets Missiles and Bombs/Prefabs/Pink/Rocket27_Pink.prefab
  artifactKey: Guid(dff2d2470486954449ad63350cd20cd5) Importer(815301076,1909f56bfc062723c751e8b465ee728b)
Start importing Assets/Asset_reference/AurynSky/Rockets Missiles and Bombs/Prefabs/Pink/Rocket27_Pink.prefab using Guid(dff2d2470486954449ad63350cd20cd5) Importer(815301076,1909f56bfc062723c751e8b465ee728b)  -> (artifact id: 'e29dc55c92b14266ebc86d18d3cb0c61') in 0.009420 seconds 
========================================================================
Received Import Request.
  Time since last request: 0.000014 seconds.
  path: Assets/Asset_reference/AurynSky/Rockets Missiles and Bombs/Materials/RocketsPalletteYellow.mat
  artifactKey: Guid(565175fc23adbb8479f5ec980a7227a5) Importer(815301076,1909f56bfc062723c751e8b465ee728b)
Start importing Assets/Asset_reference/AurynSky/Rockets Missiles and Bombs/Materials/RocketsPalletteYellow.mat using Guid(565175fc23adbb8479f5ec980a7227a5) Importer(815301076,1909f56bfc062723c751e8b465ee728b)  -> (artifact id: 'ffca67f01cb0c5cdb7fef663bf9d8858') in 0.009504 seconds 
========================================================================
Received Import Request.
  Time since last request: 0.000013 seconds.
  path: Assets/Asset_reference/AurynSky/Rockets Missiles and Bombs/Prefabs/Pink/Rocket10_Pink.prefab
  artifactKey: Guid(483b583041ee0ea4e80e85dd9e85540e) Importer(815301076,1909f56bfc062723c751e8b465ee728b)
Start importing Assets/Asset_reference/AurynSky/Rockets Missiles and Bombs/Prefabs/Pink/Rocket10_Pink.prefab using Guid(483b583041ee0ea4e80e85dd9e85540e) Importer(815301076,1909f56bfc062723c751e8b465ee728b)  -> (artifact id: 'ee43db72460fd2d07a26953cbe6b36ae') in 0.008974 seconds 
========================================================================
Received Import Request.
  Time since last request: 0.000014 seconds.
  path: Assets/Asset_reference/AurynSky/Rockets Missiles and Bombs/Prefabs/Orange/Rocket19_Orange.prefab
  artifactKey: Guid(78f7987b049fc404f9f86fecff4add23) Importer(815301076,1909f56bfc062723c751e8b465ee728b)
Start importing Assets/Asset_reference/AurynSky/Rockets Missiles and Bombs/Prefabs/Orange/Rocket19_Orange.prefab using Guid(78f7987b049fc404f9f86fecff4add23) Importer(815301076,1909f56bfc062723c751e8b465ee728b)  -> (artifact id: '72204fab6cdff9fb461cae437943f1ce') in 0.008877 seconds 
========================================================================
Received Import Request.
  Time since last request: 0.000014 seconds.
  path: Assets/Asset_reference/AurynSky/Rockets Missiles and Bombs/Prefabs/Grey/Rocket19_Grey.prefab
  artifactKey: Guid(a46ad5aa839471343ad678ccf1fa6a40) Importer(815301076,1909f56bfc062723c751e8b465ee728b)
Start importing Assets/Asset_reference/AurynSky/Rockets Missiles and Bombs/Prefabs/Grey/Rocket19_Grey.prefab using Guid(a46ad5aa839471343ad678ccf1fa6a40) Importer(815301076,1909f56bfc062723c751e8b465ee728b)  -> (artifact id: '0bc54722a7a8cec579e22dea0ddc5848') in 0.009695 seconds 
========================================================================
Received Import Request.
  Time since last request: 0.000020 seconds.
  path: Assets/Asset_reference/AurynSky/Rockets Missiles and Bombs/Prefabs/Pink/Rocket11_Pink.prefab
  artifactKey: Guid(deab0bb3d06b0794cb2457a518aba6fb) Importer(815301076,1909f56bfc062723c751e8b465ee728b)
Start importing Assets/Asset_reference/AurynSky/Rockets Missiles and Bombs/Prefabs/Pink/Rocket11_Pink.prefab using Guid(deab0bb3d06b0794cb2457a518aba6fb) Importer(815301076,1909f56bfc062723c751e8b465ee728b)  -> (artifact id: '069da7887a01afee090e4e089b25b97f') in 0.008799 seconds 
========================================================================
Received Import Request.
  Time since last request: 0.000015 seconds.
  path: Assets/Asset_reference/AurynSky/Rockets Missiles and Bombs/Materials/RocketsPalletteBlue.mat
  artifactKey: Guid(dadefef0edf68504b971d5e8b275586d) Importer(815301076,1909f56bfc062723c751e8b465ee728b)
Start importing Assets/Asset_reference/AurynSky/Rockets Missiles and Bombs/Materials/RocketsPalletteBlue.mat using Guid(dadefef0edf68504b971d5e8b275586d) Importer(815301076,1909f56bfc062723c751e8b465ee728b)  -> (artifact id: 'b08fa21bb07329bd53f74df2d8c903e7') in 0.009244 seconds 
========================================================================
Received Import Request.
  Time since last request: 0.000019 seconds.
  path: Assets/Asset_reference/AurynSky/Rockets Missiles and Bombs/Prefabs/Yellow/Rocket09_Yellow.prefab
  artifactKey: Guid(be2ba3c9cce29ae45b22a05f0a213763) Importer(815301076,1909f56bfc062723c751e8b465ee728b)
Start importing Assets/Asset_reference/AurynSky/Rockets Missiles and Bombs/Prefabs/Yellow/Rocket09_Yellow.prefab using Guid(be2ba3c9cce29ae45b22a05f0a213763) Importer(815301076,1909f56bfc062723c751e8b465ee728b)  -> (artifact id: '17664a102938ff1e8eab0972ddd8a0f3') in 0.010474 seconds 
========================================================================
Received Import Request.
  Time since last request: 0.000017 seconds.
  path: Assets/Asset_reference/AurynSky/Rockets Missiles and Bombs/Prefabs/Green/Rocket28_Green.prefab
  artifactKey: Guid(e73296995a4abf648bb1ff6203556d1b) Importer(815301076,1909f56bfc062723c751e8b465ee728b)
Start importing Assets/Asset_reference/AurynSky/Rockets Missiles and Bombs/Prefabs/Green/Rocket28_Green.prefab using Guid(e73296995a4abf648bb1ff6203556d1b) Importer(815301076,1909f56bfc062723c751e8b465ee728b)  -> (artifact id: 'c56e65376e54310d812b7a1a79172aa1') in 0.009868 seconds 
========================================================================
Received Import Request.
  Time since last request: 0.000014 seconds.
  path: Assets/Asset_reference/AurynSky/Rockets Missiles and Bombs/Materials/RocketsPalletteRed.mat
  artifactKey: Guid(e941d0d6425697b499256f89933a0df2) Importer(815301076,1909f56bfc062723c751e8b465ee728b)
Start importing Assets/Asset_reference/AurynSky/Rockets Missiles and Bombs/Materials/RocketsPalletteRed.mat using Guid(e941d0d6425697b499256f89933a0df2) Importer(815301076,1909f56bfc062723c751e8b465ee728b)  -> (artifact id: '045cccf9ea97a3b8da5b3355358fc1f8') in 0.009035 seconds 
========================================================================
Received Import Request.
  Time since last request: 0.000018 seconds.
  path: Assets/Asset_reference/AurynSky/Rockets Missiles and Bombs/Prefabs/Blue/Rocket11_Blue.prefab
  artifactKey: Guid(2f448f2daa573b94ebfc6a28951422ac) Importer(815301076,1909f56bfc062723c751e8b465ee728b)
Start importing Assets/Asset_reference/AurynSky/Rockets Missiles and Bombs/Prefabs/Blue/Rocket11_Blue.prefab using Guid(2f448f2daa573b94ebfc6a28951422ac) Importer(815301076,1909f56bfc062723c751e8b465ee728b)  -> (artifact id: 'be72ec7ce6ee6c5466e6714dc3d27e4d') in 0.008775 seconds 
========================================================================
Received Import Request.
  Time since last request: 0.000017 seconds.
  path: Assets/Asset_reference/AurynSky/Rockets Missiles and Bombs/Prefabs/Green/Rocket27_Green.prefab
  artifactKey: Guid(87d9e4b372d716947b5c06886782d46b) Importer(815301076,1909f56bfc062723c751e8b465ee728b)
Start importing Assets/Asset_reference/AurynSky/Rockets Missiles and Bombs/Prefabs/Green/Rocket27_Green.prefab using Guid(87d9e4b372d716947b5c06886782d46b) Importer(815301076,1909f56bfc062723c751e8b465ee728b)  -> (artifact id: '80172ff373d422cc9387182fb532e2ae') in 0.009232 seconds 
========================================================================
Received Import Request.
  Time since last request: 0.000020 seconds.
  path: Assets/Asset_reference/AurynSky/Rockets Missiles and Bombs/Prefabs/Pink/Rocket25_Pink.prefab
  artifactKey: Guid(6ca9b01d204dfbb43aafd256e4037e49) Importer(815301076,1909f56bfc062723c751e8b465ee728b)
Start importing Assets/Asset_reference/AurynSky/Rockets Missiles and Bombs/Prefabs/Pink/Rocket25_Pink.prefab using Guid(6ca9b01d204dfbb43aafd256e4037e49) Importer(815301076,1909f56bfc062723c751e8b465ee728b)  -> (artifact id: 'b323b9ae02975ff4c375ebf2973bc9ce') in 0.008628 seconds 
========================================================================
Received Import Request.
  Time since last request: 0.000015 seconds.
  path: Assets/Asset_reference/AurynSky/Rockets Missiles and Bombs/Textures/RocketsPalletteBlue.png
  artifactKey: Guid(cd64a42b5204fbe45b6d9f79f669cfe2) Importer(815301076,1909f56bfc062723c751e8b465ee728b)
Start importing Assets/Asset_reference/AurynSky/Rockets Missiles and Bombs/Textures/RocketsPalletteBlue.png using Guid(cd64a42b5204fbe45b6d9f79f669cfe2) Importer(815301076,1909f56bfc062723c751e8b465ee728b)  -> (artifact id: '960c6048ad9fb1a1a938558000183ea9') in 0.006827 seconds 
========================================================================
Received Import Request.
  Time since last request: 0.000014 seconds.
  path: Assets/Asset_reference/AurynSky/Rockets Missiles and Bombs/Prefabs/Yellow/Rocket26_Yellow.prefab
  artifactKey: Guid(66c2545cec1c206479a113882cfa8b9b) Importer(815301076,1909f56bfc062723c751e8b465ee728b)
Start importing Assets/Asset_reference/AurynSky/Rockets Missiles and Bombs/Prefabs/Yellow/Rocket26_Yellow.prefab using Guid(66c2545cec1c206479a113882cfa8b9b) Importer(815301076,1909f56bfc062723c751e8b465ee728b)  -> (artifact id: 'be1167e0d96dfe7ded267f2b956c18e8') in 0.008773 seconds 
========================================================================
Received Import Request.
  Time since last request: 0.000013 seconds.
  path: Assets/Asset_reference/AurynSky/Rockets Missiles and Bombs/Prefabs/Orange/Rocket30_Orange.prefab
  artifactKey: Guid(994e11eed75d0964eaa1041216fa4fd4) Importer(815301076,1909f56bfc062723c751e8b465ee728b)
Start importing Assets/Asset_reference/AurynSky/Rockets Missiles and Bombs/Prefabs/Orange/Rocket30_Orange.prefab using Guid(994e11eed75d0964eaa1041216fa4fd4) Importer(815301076,1909f56bfc062723c751e8b465ee728b)  -> (artifact id: '2d792d825295afe2b8c0fd1a7ea7e70b') in 0.009335 seconds 
========================================================================
Received Import Request.
  Time since last request: 0.000014 seconds.
  path: Assets/Asset_reference/AurynSky/Rockets Missiles and Bombs/Prefabs/Red/Rocket18_Red.prefab
  artifactKey: Guid(ba82ee92e1ad49a49a80b733d3386209) Importer(815301076,1909f56bfc062723c751e8b465ee728b)
Start importing Assets/Asset_reference/AurynSky/Rockets Missiles and Bombs/Prefabs/Red/Rocket18_Red.prefab using Guid(ba82ee92e1ad49a49a80b733d3386209) Importer(815301076,1909f56bfc062723c751e8b465ee728b)  -> (artifact id: '4fb41e96fce1a76c7b5813bb9897cbd8') in 0.008352 seconds 
========================================================================
Received Import Request.
  Time since last request: 0.000013 seconds.
  path: Assets/Asset_reference/AurynSky/Rockets Missiles and Bombs/Prefabs/Green/Rocket30_Green.prefab
  artifactKey: Guid(60aa74f75b2632644aced7d1567c8325) Importer(815301076,1909f56bfc062723c751e8b465ee728b)
Start importing Assets/Asset_reference/AurynSky/Rockets Missiles and Bombs/Prefabs/Green/Rocket30_Green.prefab using Guid(60aa74f75b2632644aced7d1567c8325) Importer(815301076,1909f56bfc062723c751e8b465ee728b)  -> (artifact id: 'a25ff341c12f11a85f749dd3ca4cd1da') in 0.008859 seconds 
========================================================================
Received Import Request.
  Time since last request: 0.000014 seconds.
  path: Assets/Asset_reference/AurynSky/Rockets Missiles and Bombs/Materials/RocketsPalletteGreen.mat
  artifactKey: Guid(effb278466e36474989bd577f63840b1) Importer(815301076,1909f56bfc062723c751e8b465ee728b)
Start importing Assets/Asset_reference/AurynSky/Rockets Missiles and Bombs/Materials/RocketsPalletteGreen.mat using Guid(effb278466e36474989bd577f63840b1) Importer(815301076,1909f56bfc062723c751e8b465ee728b)  -> (artifact id: 'a49147bbc70f2f90875b10eea2e7afc1') in 0.009814 seconds 
========================================================================
Received Import Request.
  Time since last request: 0.000013 seconds.
  path: Assets/Asset_reference/AurynSky/Rockets Missiles and Bombs/Prefabs/Pink/Rocket26_Pink.prefab
  artifactKey: Guid(bf302e4931c648246b94bf2e074ddb14) Importer(815301076,1909f56bfc062723c751e8b465ee728b)
Start importing Assets/Asset_reference/AurynSky/Rockets Missiles and Bombs/Prefabs/Pink/Rocket26_Pink.prefab using Guid(bf302e4931c648246b94bf2e074ddb14) Importer(815301076,1909f56bfc062723c751e8b465ee728b)  -> (artifact id: '234aeba34e0fb474ba021dd051fc5a49') in 0.009633 seconds 
========================================================================
Received Import Request.
  Time since last request: 0.000014 seconds.
  path: Assets/Asset_reference/AurynSky/Rockets Missiles and Bombs/Prefabs/Orange/Rocket20_Orange.prefab
  artifactKey: Guid(a534f80ae2ae95a49b699a2445712dca) Importer(815301076,1909f56bfc062723c751e8b465ee728b)
Start importing Assets/Asset_reference/AurynSky/Rockets Missiles and Bombs/Prefabs/Orange/Rocket20_Orange.prefab using Guid(a534f80ae2ae95a49b699a2445712dca) Importer(815301076,1909f56bfc062723c751e8b465ee728b)  -> (artifact id: '2cdc0064e5d6cf45bc42bdc2b0a49be3') in 0.009147 seconds 
========================================================================
Received Import Request.
  Time since last request: 0.000019 seconds.
  path: Assets/Asset_reference/AurynSky/Rockets Missiles and Bombs/Textures/RocketsPalletteOrange.png
  artifactKey: Guid(8dcd59f668f07cd4d84c72b5e1e01606) Importer(815301076,1909f56bfc062723c751e8b465ee728b)
Start importing Assets/Asset_reference/AurynSky/Rockets Missiles and Bombs/Textures/RocketsPalletteOrange.png using Guid(8dcd59f668f07cd4d84c72b5e1e01606) Importer(815301076,1909f56bfc062723c751e8b465ee728b)  -> (artifact id: '7f0e4fd4501a18f57d116eda3799f6c1') in 0.007989 seconds 
========================================================================
Received Import Request.
  Time since last request: 0.000015 seconds.
  path: Assets/Asset_reference/AurynSky/Rockets Missiles and Bombs/Materials/RocketsPalletteBlank.mat
  artifactKey: Guid(2b7876ae0786e024a9ffb3d967163128) Importer(815301076,1909f56bfc062723c751e8b465ee728b)
Start importing Assets/Asset_reference/AurynSky/Rockets Missiles and Bombs/Materials/RocketsPalletteBlank.mat using Guid(2b7876ae0786e024a9ffb3d967163128) Importer(815301076,1909f56bfc062723c751e8b465ee728b)  -> (artifact id: 'f39f6ae1acbf3b0e037747fe634f87ec') in 0.012041 seconds 
========================================================================
Received Import Request.
  Time since last request: 0.000021 seconds.
  path: Assets/Asset_reference/AurynSky/Rockets Missiles and Bombs/Prefabs/Blue/Rocket26_Blue.prefab
  artifactKey: Guid(e937dc3bae1db58439f92277a6970ebd) Importer(815301076,1909f56bfc062723c751e8b465ee728b)
Start importing Assets/Asset_reference/AurynSky/Rockets Missiles and Bombs/Prefabs/Blue/Rocket26_Blue.prefab using Guid(e937dc3bae1db58439f92277a6970ebd) Importer(815301076,1909f56bfc062723c751e8b465ee728b)  -> (artifact id: '17c98142a6b406feec80fe09651dfe73') in 0.008831 seconds 
========================================================================
Received Import Request.
  Time since last request: 0.000014 seconds.
  path: Assets/Asset_reference/AurynSky/Rockets Missiles and Bombs/Prefabs/Green/Rocket26_Green.prefab
  artifactKey: Guid(08b8d4ffb2715264b82cfa30bcf3e8ab) Importer(815301076,1909f56bfc062723c751e8b465ee728b)
Start importing Assets/Asset_reference/AurynSky/Rockets Missiles and Bombs/Prefabs/Green/Rocket26_Green.prefab using Guid(08b8d4ffb2715264b82cfa30bcf3e8ab) Importer(815301076,1909f56bfc062723c751e8b465ee728b)  -> (artifact id: 'eee6acaa8042f4660ed6ecaa955c7d24') in 0.008929 seconds 
========================================================================
Received Import Request.
  Time since last request: 0.000016 seconds.
  path: Assets/Asset_reference/AurynSky/Rockets Missiles and Bombs/Prefabs/Yellow/Rocket10_Yellow.prefab
  artifactKey: Guid(eb76bd901985bef4198627f473e07dd1) Importer(815301076,1909f56bfc062723c751e8b465ee728b)
Start importing Assets/Asset_reference/AurynSky/Rockets Missiles and Bombs/Prefabs/Yellow/Rocket10_Yellow.prefab using Guid(eb76bd901985bef4198627f473e07dd1) Importer(815301076,1909f56bfc062723c751e8b465ee728b)  -> (artifact id: 'a2647bdacfe3776a654465eafe5e2e18') in 0.008808 seconds 
========================================================================
Received Import Request.
  Time since last request: 0.000014 seconds.
  path: Assets/Asset_reference/AurynSky/Rockets Missiles and Bombs/Models/Rocket19.fbx
  artifactKey: Guid(70b1c37933702514a9b7c1cded1042d3) Importer(815301076,1909f56bfc062723c751e8b465ee728b)
Start importing Assets/Asset_reference/AurynSky/Rockets Missiles and Bombs/Models/Rocket19.fbx using Guid(70b1c37933702514a9b7c1cded1042d3) Importer(815301076,1909f56bfc062723c751e8b465ee728b)  -> (artifact id: '136fcdd49b7a38e92890097358751e21') in 0.014211 seconds 
========================================================================
Received Import Request.
  Time since last request: 0.000013 seconds.
  path: Assets/Asset_reference/AurynSky/Rockets Missiles and Bombs/Prefabs/Blue/Rocket20_Blue.prefab
  artifactKey: Guid(e27b3f17703e770488f6117d939da888) Importer(815301076,1909f56bfc062723c751e8b465ee728b)
Start importing Assets/Asset_reference/AurynSky/Rockets Missiles and Bombs/Prefabs/Blue/Rocket20_Blue.prefab using Guid(e27b3f17703e770488f6117d939da888) Importer(815301076,1909f56bfc062723c751e8b465ee728b)  -> (artifact id: '0bd5fbafe537cb41cda68ceaef5b7218') in 0.008046 seconds 
========================================================================
Received Import Request.
  Time since last request: 0.000013 seconds.
  path: Assets/Asset_reference/AurynSky/Rockets Missiles and Bombs/Prefabs/Red/Rocket20_Red.prefab
  artifactKey: Guid(6a3a8a8cf48e3724caddfc3a5720216c) Importer(815301076,1909f56bfc062723c751e8b465ee728b)
Start importing Assets/Asset_reference/AurynSky/Rockets Missiles and Bombs/Prefabs/Red/Rocket20_Red.prefab using Guid(6a3a8a8cf48e3724caddfc3a5720216c) Importer(815301076,1909f56bfc062723c751e8b465ee728b)  -> (artifact id: '94d6c0f1e3b38d4d3dffab99bc1a192e') in 0.008649 seconds 
========================================================================
Received Import Request.
  Time since last request: 0.000015 seconds.
  path: Assets/Asset_reference/AurynSky/Rockets Missiles and Bombs/Prefabs/Blue/Rocket30_Blue.prefab
  artifactKey: Guid(b4eb0818fdc7cf8428cb8175e70965c9) Importer(815301076,1909f56bfc062723c751e8b465ee728b)
Start importing Assets/Asset_reference/AurynSky/Rockets Missiles and Bombs/Prefabs/Blue/Rocket30_Blue.prefab using Guid(b4eb0818fdc7cf8428cb8175e70965c9) Importer(815301076,1909f56bfc062723c751e8b465ee728b)  -> (artifact id: '101a5e42194092475a2c0b3ce861b842') in 0.008858 seconds 
========================================================================
Received Import Request.
  Time since last request: 0.000014 seconds.
  path: Assets/Asset_reference/AurynSky/Rockets Missiles and Bombs/Prefabs/Pink/Rocket29_Pink.prefab
  artifactKey: Guid(b322a28cd0d52ab4eb35b1db4a80cea3) Importer(815301076,1909f56bfc062723c751e8b465ee728b)
Start importing Assets/Asset_reference/AurynSky/Rockets Missiles and Bombs/Prefabs/Pink/Rocket29_Pink.prefab using Guid(b322a28cd0d52ab4eb35b1db4a80cea3) Importer(815301076,1909f56bfc062723c751e8b465ee728b)  -> (artifact id: '38c1335310db70777a53f6ec7fb941bd') in 0.008974 seconds 
========================================================================
Received Import Request.
  Time since last request: 0.000018 seconds.
  path: Assets/Asset_reference/Customized Weapons - Low poly/Models/RocketLauncher2.fbx
  artifactKey: Guid(219f439ec5315664b908d900adaa461b) Importer(815301076,1909f56bfc062723c751e8b465ee728b)
Start importing Assets/Asset_reference/Customized Weapons - Low poly/Models/RocketLauncher2.fbx using Guid(219f439ec5315664b908d900adaa461b) Importer(815301076,1909f56bfc062723c751e8b465ee728b)  -> (artifact id: '1d07860f435c46706db241a0e8814866') in 0.023618 seconds 
========================================================================
Received Prepare
Registering precompiled user dll's ...
Registered in 0.002026 seconds.
Begin MonoManager ReloadAssembly
Native extension for WindowsStandalone target not found
Native extension for iOS target not found
Refreshing native plugins compatible for Editor in 0.72 ms, found 2 plugins.
Preloading 0 native plugins for Editor in 0.00 ms.
Mono: successfully reloaded assembly
- Completed reload, in  0.579 seconds
Domain Reload Profiling:
	ReloadAssembly (580ms)
		BeginReloadAssembly (84ms)
			ExecutionOrderSort (0ms)
			DisableScriptedObjects (3ms)
			BackupInstance (0ms)
			ReleaseScriptingObjects (0ms)
			CreateAndSetChildDomain (25ms)
		EndReloadAssembly (430ms)
			LoadAssemblies (47ms)
			RebuildTransferFunctionScriptingTraits (0ms)
			SetupTypeCache (123ms)
			ReleaseScriptCaches (1ms)
			RebuildScriptCaches (24ms)
			SetupLoadedEditorAssemblies (201ms)
				LogAssemblyErrors (0ms)
				InitializePlatformSupportModulesInManaged (19ms)
				SetLoadedEditorAssemblies (0ms)
				RefreshPlugins (1ms)
				BeforeProcessingInitializeOnLoad (31ms)
				ProcessInitializeOnLoadAttributes (128ms)
				ProcessInitializeOnLoadMethodAttributes (19ms)
				AfterProcessingInitializeOnLoad (2ms)
				EditorAssembliesLoaded (0ms)
			ExecutionOrderSort2 (0ms)
			AwakeInstancesAfterBackupRestoration (4ms)
Platform modules already initialized, skipping
Shader 'WFX/Transparent Specular': fallback shader 'Particles/Alpha Blended' not found
Shader 'WFX/Transparent Diffuse': fallback shader 'Particles/Alpha Blended' not found
Refreshing native plugins compatible for Editor in 1.57 ms, found 2 plugins.
Preloading 0 native plugins for Editor in 0.00 ms.
Unloading 1934 Unused Serialized files (Serialized files now loaded: 0)
Unloading 16 unused Assets / (24.7 KB). Loaded Objects now: 2554.
Memory consumption went from 110.4 MB to 110.4 MB.
Total: 2.870600 ms (FindLiveObjects: 0.215000 ms CreateObjectMapping: 0.056200 ms MarkObjects: 2.579000 ms  DeleteObjects: 0.019600 ms)

AssetImportParameters requested are different than current active one (requested -> active):
  custom:video-decoder-ogg-theora: a1e56fd34408186e4bbccfd4996cb3dc -> 
  custom:container-muxer-webm: aa71ff27fc2769a1b78a27578f13a17b -> 
  custom:container-demuxer-webm: 4f35f7cbe854078d1ac9338744f61a02 -> 
  custom:video-encoder-webm-vp8: eb34c28f22e8b96e1ab97ce403110664 -> 
  custom:audio-encoder-webm-vorbis: bf7c407c2cedff20999df2af8eb42d56 -> 
  custom:framework-win-MediaFoundation: 216162199b28c13a410421893ffa2e32 -> 
  custom:container-demuxer-ogg: 62fdf1f143b41e24485cea50d1cbac27 -> 
  custom:video-decoder-webm-vp8: 9c59270c3fd7afecdb556c50c9e8de78 -> 
  custom:audio-decoder-ogg-vorbis: bf7c407c2cedff20999df2af8eb42d56 -> 
========================================================================
Received Prepare
Shader 'WFX/Transparent Specular': fallback shader 'Particles/Alpha Blended' not found
Shader 'WFX/Transparent Diffuse': fallback shader 'Particles/Alpha Blended' not found
Refreshing native plugins compatible for Editor in 2.27 ms, found 2 plugins.
Preloading 0 native plugins for Editor in 0.00 ms.
Unloading 16 Unused Serialized files (Serialized files now loaded: 0)
Unloading 16 unused Assets / (21.9 KB). Loaded Objects now: 2554.
Memory consumption went from 71.9 MB to 71.9 MB.
Total: 3.384500 ms (FindLiveObjects: 0.189300 ms CreateObjectMapping: 0.053400 ms MarkObjects: 3.127300 ms  DeleteObjects: 0.014000 ms)

AssetImportParameters requested are different than current active one (requested -> active):
  custom:video-decoder-ogg-theora: a1e56fd34408186e4bbccfd4996cb3dc -> 
  custom:container-muxer-webm: aa71ff27fc2769a1b78a27578f13a17b -> 
  custom:container-demuxer-webm: 4f35f7cbe854078d1ac9338744f61a02 -> 
  custom:video-encoder-webm-vp8: eb34c28f22e8b96e1ab97ce403110664 -> 
  custom:audio-encoder-webm-vorbis: bf7c407c2cedff20999df2af8eb42d56 -> 
  custom:framework-win-MediaFoundation: 216162199b28c13a410421893ffa2e32 -> 
  custom:container-demuxer-ogg: 62fdf1f143b41e24485cea50d1cbac27 -> 
  custom:video-decoder-webm-vp8: 9c59270c3fd7afecdb556c50c9e8de78 -> 
  custom:audio-decoder-ogg-vorbis: bf7c407c2cedff20999df2af8eb42d56 -> 
Editor requested this worker to shutdown with reason: Scaling down because of idle timeout
AssetImportWorker is now disconnected from the server
Process exiting
Exiting without the bug reporter. Application will terminate with return code 0