Using pre-set license
Built from '2021.3/staging' branch; Version is '2021.3.10f1 (1c7d0df0160b) revision 1867021'; Using compiler version '192829333'; Build Type 'Release'
OS: 'Windows 10  (10.0.19044) 64bit Education' Language: 'ko' Physical Memory: 32712 MB
BatchMode: 1, IsHumanControllingUs: 0, StartBugReporterOnCrash: 0, Is64bit: 1, IsPro: 1

COMMAND LINE ARGUMENTS:
E:\UnityProject\2021.3.10f1\Editor\Unity.exe
-adb2
-batchMode
-noUpm
-name
AssetImportWorker1
-projectPath
E:/UnityProject/lastworking/TangTangSurvival_Ver.1209_1400
-logFile
Logs/AssetImportWorker1.log
-srvPort
51098
Successfully changed project path to: E:/UnityProject/lastworking/TangTangSurvival_Ver.1209_1400
E:/UnityProject/lastworking/TangTangSurvival_Ver.1209_1400
[UnityMemory] Configuration Parameters - Can be set up in boot.config
    "memorysetup-bucket-allocator-granularity=16"
    "memorysetup-bucket-allocator-bucket-count=8"
    "memorysetup-bucket-allocator-block-size=33554432"
    "memorysetup-bucket-allocator-block-count=8"
    "memorysetup-main-allocator-block-size=16777216"
    "memorysetup-thread-allocator-block-size=16777216"
    "memorysetup-gfx-main-allocator-block-size=16777216"
    "memorysetup-gfx-thread-allocator-block-size=16777216"
    "memorysetup-cache-allocator-block-size=4194304"
    "memorysetup-typetree-allocator-block-size=2097152"
    "memorysetup-profiler-bucket-allocator-granularity=16"
    "memorysetup-profiler-bucket-allocator-bucket-count=8"
    "memorysetup-profiler-bucket-allocator-block-size=33554432"
    "memorysetup-profiler-bucket-allocator-block-count=8"
    "memorysetup-profiler-allocator-block-size=16777216"
    "memorysetup-profiler-editor-allocator-block-size=1048576"
    "memorysetup-temp-allocator-size-main=16777216"
    "memorysetup-job-temp-allocator-block-size=2097152"
    "memorysetup-job-temp-allocator-block-size-background=1048576"
    "memorysetup-job-temp-allocator-reduction-small-platforms=262144"
    "memorysetup-temp-allocator-size-background-worker=32768"
    "memorysetup-temp-allocator-size-job-worker=262144"
    "memorysetup-temp-allocator-size-preload-manager=33554432"
    "memorysetup-temp-allocator-size-nav-mesh-worker=65536"
    "memorysetup-temp-allocator-size-audio-worker=65536"
    "memorysetup-temp-allocator-size-cloud-worker=32768"
    "memorysetup-temp-allocator-size-gi-baking-worker=262144"
    "memorysetup-temp-allocator-size-gfx=262144"
Refreshing native plugins compatible for Editor in 39.65 ms, found 2 plugins.
Preloading 0 native plugins for Editor in 0.00 ms.
Initialize engine version: 2021.3.10f1 (1c7d0df0160b)
[Subsystems] Discovering subsystems at path E:/UnityProject/2021.3.10f1/Editor/Data/Resources/UnitySubsystems
[Subsystems] Discovering subsystems at path E:/UnityProject/lastworking/TangTangSurvival_Ver.1209_1400/Assets
GfxDevice: creating device client; threaded=0; jobified=0
Direct3D:
    Version:  Direct3D 11.0 [level 11.1]
    Renderer: NVIDIA GeForce RTX 2060 (ID=0x1f03)
    Vendor:   NVIDIA
    VRAM:     12087 MB
    Driver:   31.0.15.1694
Shader 'WFX/Transparent Diffuse': fallback shader 'Particles/Alpha Blended' not found
Shader 'WFX/Transparent Specular': fallback shader 'Particles/Alpha Blended' not found
Initialize mono
Mono path[0] = 'E:/UnityProject/2021.3.10f1/Editor/Data/Managed'
Mono path[1] = 'E:/UnityProject/2021.3.10f1/Editor/Data/MonoBleedingEdge/lib/mono/unityjit-win32'
Mono config path = 'E:/UnityProject/2021.3.10f1/Editor/Data/MonoBleedingEdge/etc'
Using monoOptions --debugger-agent=transport=dt_socket,embedding=1,server=y,suspend=n,address=127.0.0.1:56392
Begin MonoManager ReloadAssembly
Registering precompiled unity dll's ...
Register platform support module: E:/UnityProject/2021.3.10f1/Editor/Data/PlaybackEngines/iOSSupport/UnityEditor.iOS.Extensions.dll
Register platform support module: E:/UnityProject/2021.3.10f1/Editor/Data/PlaybackEngines/WindowsStandaloneSupport/UnityEditor.WindowsStandalone.Extensions.dll
Registered in 0.001986 seconds.
Native extension for WindowsStandalone target not found
[usbmuxd] Start listen thread
[usbmuxd] Listen thread started
Native extension for iOS target not found
Refreshing native plugins compatible for Editor in 45.05 ms, found 2 plugins.
Preloading 0 native plugins for Editor in 0.00 ms.
Mono: successfully reloaded assembly
- Completed reload, in  0.417 seconds
Domain Reload Profiling:
	ReloadAssembly (418ms)
		BeginReloadAssembly (46ms)
			ExecutionOrderSort (0ms)
			DisableScriptedObjects (0ms)
			BackupInstance (0ms)
			ReleaseScriptingObjects (0ms)
			CreateAndSetChildDomain (0ms)
		EndReloadAssembly (301ms)
			LoadAssemblies (46ms)
			RebuildTransferFunctionScriptingTraits (0ms)
			SetupTypeCache (67ms)
			ReleaseScriptCaches (0ms)
			RebuildScriptCaches (17ms)
			SetupLoadedEditorAssemblies (183ms)
				LogAssemblyErrors (0ms)
				InitializePlatformSupportModulesInManaged (16ms)
				SetLoadedEditorAssemblies (0ms)
				RefreshPlugins (45ms)
				BeforeProcessingInitializeOnLoad (1ms)
				ProcessInitializeOnLoadAttributes (91ms)
				ProcessInitializeOnLoadMethodAttributes (30ms)
				AfterProcessingInitializeOnLoad (0ms)
				EditorAssembliesLoaded (0ms)
			ExecutionOrderSort2 (0ms)
			AwakeInstancesAfterBackupRestoration (0ms)
Platform modules already initialized, skipping
Registering precompiled user dll's ...
Registered in 0.002336 seconds.
Begin MonoManager ReloadAssembly
Native extension for WindowsStandalone target not found
Native extension for iOS target not found
Refreshing native plugins compatible for Editor in 0.68 ms, found 2 plugins.
Preloading 0 native plugins for Editor in 0.00 ms.
Mono: successfully reloaded assembly
- Completed reload, in  0.580 seconds
Domain Reload Profiling:
	ReloadAssembly (580ms)
		BeginReloadAssembly (71ms)
			ExecutionOrderSort (0ms)
			DisableScriptedObjects (4ms)
			BackupInstance (0ms)
			ReleaseScriptingObjects (0ms)
			CreateAndSetChildDomain (14ms)
		EndReloadAssembly (431ms)
			LoadAssemblies (46ms)
			RebuildTransferFunctionScriptingTraits (0ms)
			SetupTypeCache (132ms)
			ReleaseScriptCaches (0ms)
			RebuildScriptCaches (29ms)
			SetupLoadedEditorAssemblies (200ms)
				LogAssemblyErrors (0ms)
				InitializePlatformSupportModulesInManaged (13ms)
				SetLoadedEditorAssemblies (0ms)
				RefreshPlugins (1ms)
				BeforeProcessingInitializeOnLoad (34ms)
				ProcessInitializeOnLoadAttributes (131ms)
				ProcessInitializeOnLoadMethodAttributes (19ms)
				AfterProcessingInitializeOnLoad (2ms)
				EditorAssembliesLoaded (0ms)
			ExecutionOrderSort2 (0ms)
			AwakeInstancesAfterBackupRestoration (4ms)
Platform modules already initialized, skipping
========================================================================
Worker process is ready to serve import requests
Shader 'WFX/Transparent Specular': fallback shader 'Particles/Alpha Blended' not found
Shader 'WFX/Transparent Diffuse': fallback shader 'Particles/Alpha Blended' not found
Launched and connected shader compiler UnityShaderCompiler.exe after 0.03 seconds
Refreshing native plugins compatible for Editor in 0.68 ms, found 2 plugins.
Preloading 0 native plugins for Editor in 0.00 ms.
Unloading 1978 Unused Serialized files (Serialized files now loaded: 0)
Unloading 23 unused Assets / (49.0 KB). Loaded Objects now: 2466.
Memory consumption went from 110.1 MB to 110.0 MB.
Total: 2.132000 ms (FindLiveObjects: 0.100900 ms CreateObjectMapping: 0.043700 ms MarkObjects: 1.931100 ms  DeleteObjects: 0.055600 ms)

AssetImportParameters requested are different than current active one (requested -> active):
  custom:video-decoder-ogg-theora: a1e56fd34408186e4bbccfd4996cb3dc -> 
  custom:container-muxer-webm: aa71ff27fc2769a1b78a27578f13a17b -> 
  custom:container-demuxer-webm: 4f35f7cbe854078d1ac9338744f61a02 -> 
  custom:video-encoder-webm-vp8: eb34c28f22e8b96e1ab97ce403110664 -> 
  custom:audio-encoder-webm-vorbis: bf7c407c2cedff20999df2af8eb42d56 -> 
  custom:framework-win-MediaFoundation: 216162199b28c13a410421893ffa2e32 -> 
  custom:container-demuxer-ogg: 62fdf1f143b41e24485cea50d1cbac27 -> 
  custom:video-decoder-webm-vp8: 9c59270c3fd7afecdb556c50c9e8de78 -> 
  custom:audio-decoder-ogg-vorbis: bf7c407c2cedff20999df2af8eb42d56 -> 
========================================================================
Received Prepare
Registering precompiled user dll's ...
Registered in 0.002235 seconds.
Begin MonoManager ReloadAssembly
Native extension for WindowsStandalone target not found
Native extension for iOS target not found
Refreshing native plugins compatible for Editor in 0.70 ms, found 2 plugins.
Preloading 0 native plugins for Editor in 0.00 ms.
Mono: successfully reloaded assembly
- Completed reload, in  0.594 seconds
Domain Reload Profiling:
	ReloadAssembly (595ms)
		BeginReloadAssembly (90ms)
			ExecutionOrderSort (0ms)
			DisableScriptedObjects (4ms)
			BackupInstance (0ms)
			ReleaseScriptingObjects (0ms)
			CreateAndSetChildDomain (26ms)
		EndReloadAssembly (433ms)
			LoadAssemblies (47ms)
			RebuildTransferFunctionScriptingTraits (0ms)
			SetupTypeCache (118ms)
			ReleaseScriptCaches (1ms)
			RebuildScriptCaches (22ms)
			SetupLoadedEditorAssemblies (216ms)
				LogAssemblyErrors (0ms)
				InitializePlatformSupportModulesInManaged (18ms)
				SetLoadedEditorAssemblies (0ms)
				RefreshPlugins (1ms)
				BeforeProcessingInitializeOnLoad (33ms)
				ProcessInitializeOnLoadAttributes (139ms)
				ProcessInitializeOnLoadMethodAttributes (23ms)
				AfterProcessingInitializeOnLoad (2ms)
				EditorAssembliesLoaded (0ms)
			ExecutionOrderSort2 (0ms)
			AwakeInstancesAfterBackupRestoration (5ms)
Platform modules already initialized, skipping
Shader 'WFX/Transparent Specular': fallback shader 'Particles/Alpha Blended' not found
Shader 'WFX/Transparent Diffuse': fallback shader 'Particles/Alpha Blended' not found
Refreshing native plugins compatible for Editor in 1.24 ms, found 2 plugins.
Preloading 0 native plugins for Editor in 0.00 ms.
Unloading 1934 Unused Serialized files (Serialized files now loaded: 0)
Unloading 16 unused Assets / (24.7 KB). Loaded Objects now: 2469.
Memory consumption went from 106.0 MB to 105.9 MB.
Total: 2.081000 ms (FindLiveObjects: 0.109200 ms CreateObjectMapping: 0.041600 ms MarkObjects: 1.918400 ms  DeleteObjects: 0.011200 ms)

AssetImportParameters requested are different than current active one (requested -> active):
  custom:video-decoder-ogg-theora: a1e56fd34408186e4bbccfd4996cb3dc -> 
  custom:container-muxer-webm: aa71ff27fc2769a1b78a27578f13a17b -> 
  custom:container-demuxer-webm: 4f35f7cbe854078d1ac9338744f61a02 -> 
  custom:video-encoder-webm-vp8: eb34c28f22e8b96e1ab97ce403110664 -> 
  custom:audio-encoder-webm-vorbis: bf7c407c2cedff20999df2af8eb42d56 -> 
  custom:framework-win-MediaFoundation: 216162199b28c13a410421893ffa2e32 -> 
  custom:container-demuxer-ogg: 62fdf1f143b41e24485cea50d1cbac27 -> 
  custom:video-decoder-webm-vp8: 9c59270c3fd7afecdb556c50c9e8de78 -> 
  custom:audio-decoder-ogg-vorbis: bf7c407c2cedff20999df2af8eb42d56 -> 
========================================================================
Received Prepare
Registering precompiled user dll's ...
Registered in 0.003183 seconds.
Begin MonoManager ReloadAssembly
Native extension for WindowsStandalone target not found
Native extension for iOS target not found
Refreshing native plugins compatible for Editor in 0.80 ms, found 2 plugins.
Preloading 0 native plugins for Editor in 0.00 ms.
Mono: successfully reloaded assembly
- Completed reload, in  0.569 seconds
Domain Reload Profiling:
	ReloadAssembly (570ms)
		BeginReloadAssembly (87ms)
			ExecutionOrderSort (0ms)
			DisableScriptedObjects (4ms)
			BackupInstance (0ms)
			ReleaseScriptingObjects (0ms)
			CreateAndSetChildDomain (26ms)
		EndReloadAssembly (422ms)
			LoadAssemblies (47ms)
			RebuildTransferFunctionScriptingTraits (0ms)
			SetupTypeCache (120ms)
			ReleaseScriptCaches (1ms)
			RebuildScriptCaches (23ms)
			SetupLoadedEditorAssemblies (201ms)
				LogAssemblyErrors (0ms)
				InitializePlatformSupportModulesInManaged (19ms)
				SetLoadedEditorAssemblies (0ms)
				RefreshPlugins (1ms)
				BeforeProcessingInitializeOnLoad (30ms)
				ProcessInitializeOnLoadAttributes (128ms)
				ProcessInitializeOnLoadMethodAttributes (21ms)
				AfterProcessingInitializeOnLoad (2ms)
				EditorAssembliesLoaded (0ms)
			ExecutionOrderSort2 (0ms)
			AwakeInstancesAfterBackupRestoration (4ms)
Platform modules already initialized, skipping
Shader 'WFX/Transparent Specular': fallback shader 'Particles/Alpha Blended' not found
Shader 'WFX/Transparent Diffuse': fallback shader 'Particles/Alpha Blended' not found
Refreshing native plugins compatible for Editor in 2.10 ms, found 2 plugins.
Preloading 0 native plugins for Editor in 0.00 ms.
Unloading 1934 Unused Serialized files (Serialized files now loaded: 0)
Unloading 16 unused Assets / (24.7 KB). Loaded Objects now: 2472.
Memory consumption went from 106.0 MB to 105.9 MB.
Total: 2.023100 ms (FindLiveObjects: 0.125000 ms CreateObjectMapping: 0.043400 ms MarkObjects: 1.839600 ms  DeleteObjects: 0.014400 ms)

AssetImportParameters requested are different than current active one (requested -> active):
  custom:video-decoder-ogg-theora: a1e56fd34408186e4bbccfd4996cb3dc -> 
  custom:container-muxer-webm: aa71ff27fc2769a1b78a27578f13a17b -> 
  custom:container-demuxer-webm: 4f35f7cbe854078d1ac9338744f61a02 -> 
  custom:video-encoder-webm-vp8: eb34c28f22e8b96e1ab97ce403110664 -> 
  custom:audio-encoder-webm-vorbis: bf7c407c2cedff20999df2af8eb42d56 -> 
  custom:framework-win-MediaFoundation: 216162199b28c13a410421893ffa2e32 -> 
  custom:container-demuxer-ogg: 62fdf1f143b41e24485cea50d1cbac27 -> 
  custom:video-decoder-webm-vp8: 9c59270c3fd7afecdb556c50c9e8de78 -> 
  custom:audio-decoder-ogg-vorbis: bf7c407c2cedff20999df2af8eb42d56 -> 
========================================================================
Received Prepare
Registering precompiled user dll's ...
Registered in 0.002156 seconds.
Begin MonoManager ReloadAssembly
Native extension for WindowsStandalone target not found
Native extension for iOS target not found
Refreshing native plugins compatible for Editor in 0.77 ms, found 2 plugins.
Preloading 0 native plugins for Editor in 0.00 ms.
Mono: successfully reloaded assembly
- Completed reload, in  0.586 seconds
Domain Reload Profiling:
	ReloadAssembly (587ms)
		BeginReloadAssembly (83ms)
			ExecutionOrderSort (0ms)
			DisableScriptedObjects (4ms)
			BackupInstance (0ms)
			ReleaseScriptingObjects (0ms)
			CreateAndSetChildDomain (25ms)
		EndReloadAssembly (442ms)
			LoadAssemblies (46ms)
			RebuildTransferFunctionScriptingTraits (0ms)
			SetupTypeCache (123ms)
			ReleaseScriptCaches (1ms)
			RebuildScriptCaches (24ms)
			SetupLoadedEditorAssemblies (218ms)
				LogAssemblyErrors (0ms)
				InitializePlatformSupportModulesInManaged (23ms)
				SetLoadedEditorAssemblies (1ms)
				RefreshPlugins (1ms)
				BeforeProcessingInitializeOnLoad (35ms)
				ProcessInitializeOnLoadAttributes (134ms)
				ProcessInitializeOnLoadMethodAttributes (22ms)
				AfterProcessingInitializeOnLoad (3ms)
				EditorAssembliesLoaded (0ms)
			ExecutionOrderSort2 (0ms)
			AwakeInstancesAfterBackupRestoration (5ms)
Platform modules already initialized, skipping
Shader 'WFX/Transparent Specular': fallback shader 'Particles/Alpha Blended' not found
Shader 'WFX/Transparent Diffuse': fallback shader 'Particles/Alpha Blended' not found
Refreshing native plugins compatible for Editor in 1.22 ms, found 2 plugins.
Preloading 0 native plugins for Editor in 0.00 ms.
Unloading 1934 Unused Serialized files (Serialized files now loaded: 0)
Unloading 16 unused Assets / (24.7 KB). Loaded Objects now: 2475.
Memory consumption went from 106.0 MB to 105.9 MB.
Total: 1.912200 ms (FindLiveObjects: 0.101500 ms CreateObjectMapping: 0.035300 ms MarkObjects: 1.764600 ms  DeleteObjects: 0.010100 ms)

AssetImportParameters requested are different than current active one (requested -> active):
  custom:video-decoder-ogg-theora: a1e56fd34408186e4bbccfd4996cb3dc -> 
  custom:container-muxer-webm: aa71ff27fc2769a1b78a27578f13a17b -> 
  custom:container-demuxer-webm: 4f35f7cbe854078d1ac9338744f61a02 -> 
  custom:video-encoder-webm-vp8: eb34c28f22e8b96e1ab97ce403110664 -> 
  custom:audio-encoder-webm-vorbis: bf7c407c2cedff20999df2af8eb42d56 -> 
  custom:framework-win-MediaFoundation: 216162199b28c13a410421893ffa2e32 -> 
  custom:container-demuxer-ogg: 62fdf1f143b41e24485cea50d1cbac27 -> 
  custom:video-decoder-webm-vp8: 9c59270c3fd7afecdb556c50c9e8de78 -> 
  custom:audio-decoder-ogg-vorbis: bf7c407c2cedff20999df2af8eb42d56 -> 
========================================================================
Received Prepare
Registering precompiled user dll's ...
Registered in 0.002454 seconds.
Begin MonoManager ReloadAssembly
Native extension for WindowsStandalone target not found
Native extension for iOS target not found
Refreshing native plugins compatible for Editor in 0.69 ms, found 2 plugins.
Preloading 0 native plugins for Editor in 0.00 ms.
Mono: successfully reloaded assembly
- Completed reload, in  0.576 seconds
Domain Reload Profiling:
	ReloadAssembly (577ms)
		BeginReloadAssembly (85ms)
			ExecutionOrderSort (0ms)
			DisableScriptedObjects (4ms)
			BackupInstance (0ms)
			ReleaseScriptingObjects (0ms)
			CreateAndSetChildDomain (26ms)
		EndReloadAssembly (430ms)
			LoadAssemblies (47ms)
			RebuildTransferFunctionScriptingTraits (0ms)
			SetupTypeCache (120ms)
			ReleaseScriptCaches (1ms)
			RebuildScriptCaches (22ms)
			SetupLoadedEditorAssemblies (213ms)
				LogAssemblyErrors (0ms)
				InitializePlatformSupportModulesInManaged (18ms)
				SetLoadedEditorAssemblies (0ms)
				RefreshPlugins (1ms)
				BeforeProcessingInitializeOnLoad (32ms)
				ProcessInitializeOnLoadAttributes (139ms)
				ProcessInitializeOnLoadMethodAttributes (21ms)
				AfterProcessingInitializeOnLoad (2ms)
				EditorAssembliesLoaded (0ms)
			ExecutionOrderSort2 (0ms)
			AwakeInstancesAfterBackupRestoration (5ms)
Platform modules already initialized, skipping
Shader 'WFX/Transparent Specular': fallback shader 'Particles/Alpha Blended' not found
Shader 'WFX/Transparent Diffuse': fallback shader 'Particles/Alpha Blended' not found
Refreshing native plugins compatible for Editor in 1.31 ms, found 2 plugins.
Preloading 0 native plugins for Editor in 0.00 ms.
Unloading 1934 Unused Serialized files (Serialized files now loaded: 0)
Unloading 16 unused Assets / (24.7 KB). Loaded Objects now: 2478.
Memory consumption went from 106.0 MB to 106.0 MB.
Total: 2.032300 ms (FindLiveObjects: 0.115200 ms CreateObjectMapping: 0.035700 ms MarkObjects: 1.867400 ms  DeleteObjects: 0.013200 ms)

AssetImportParameters requested are different than current active one (requested -> active):
  custom:video-decoder-ogg-theora: a1e56fd34408186e4bbccfd4996cb3dc -> 
  custom:container-muxer-webm: aa71ff27fc2769a1b78a27578f13a17b -> 
  custom:container-demuxer-webm: 4f35f7cbe854078d1ac9338744f61a02 -> 
  custom:video-encoder-webm-vp8: eb34c28f22e8b96e1ab97ce403110664 -> 
  custom:audio-encoder-webm-vorbis: bf7c407c2cedff20999df2af8eb42d56 -> 
  custom:framework-win-MediaFoundation: 216162199b28c13a410421893ffa2e32 -> 
  custom:container-demuxer-ogg: 62fdf1f143b41e24485cea50d1cbac27 -> 
  custom:video-decoder-webm-vp8: 9c59270c3fd7afecdb556c50c9e8de78 -> 
  custom:audio-decoder-ogg-vorbis: bf7c407c2cedff20999df2af8eb42d56 -> 
========================================================================
Received Prepare
Registering precompiled user dll's ...
Registered in 0.002332 seconds.
Begin MonoManager ReloadAssembly
Native extension for WindowsStandalone target not found
Native extension for iOS target not found
Refreshing native plugins compatible for Editor in 0.67 ms, found 2 plugins.
Preloading 0 native plugins for Editor in 0.00 ms.
Mono: successfully reloaded assembly
- Completed reload, in  0.580 seconds
Domain Reload Profiling:
	ReloadAssembly (580ms)
		BeginReloadAssembly (85ms)
			ExecutionOrderSort (0ms)
			DisableScriptedObjects (4ms)
			BackupInstance (0ms)
			ReleaseScriptingObjects (0ms)
			CreateAndSetChildDomain (23ms)
		EndReloadAssembly (430ms)
			LoadAssemblies (47ms)
			RebuildTransferFunctionScriptingTraits (0ms)
			SetupTypeCache (124ms)
			ReleaseScriptCaches (1ms)
			RebuildScriptCaches (25ms)
			SetupLoadedEditorAssemblies (204ms)
				LogAssemblyErrors (0ms)
				InitializePlatformSupportModulesInManaged (18ms)
				SetLoadedEditorAssemblies (0ms)
				RefreshPlugins (1ms)
				BeforeProcessingInitializeOnLoad (30ms)
				ProcessInitializeOnLoadAttributes (131ms)
				ProcessInitializeOnLoadMethodAttributes (22ms)
				AfterProcessingInitializeOnLoad (2ms)
				EditorAssembliesLoaded (0ms)
			ExecutionOrderSort2 (0ms)
			AwakeInstancesAfterBackupRestoration (5ms)
Platform modules already initialized, skipping
Shader 'WFX/Transparent Specular': fallback shader 'Particles/Alpha Blended' not found
Shader 'WFX/Transparent Diffuse': fallback shader 'Particles/Alpha Blended' not found
Refreshing native plugins compatible for Editor in 1.28 ms, found 2 plugins.
Preloading 0 native plugins for Editor in 0.00 ms.
Unloading 1934 Unused Serialized files (Serialized files now loaded: 0)
Unloading 16 unused Assets / (24.7 KB). Loaded Objects now: 2481.
Memory consumption went from 105.9 MB to 105.9 MB.
Total: 1.978000 ms (FindLiveObjects: 0.104700 ms CreateObjectMapping: 0.034700 ms MarkObjects: 1.825500 ms  DeleteObjects: 0.012400 ms)

AssetImportParameters requested are different than current active one (requested -> active):
  custom:video-decoder-ogg-theora: a1e56fd34408186e4bbccfd4996cb3dc -> 
  custom:container-muxer-webm: aa71ff27fc2769a1b78a27578f13a17b -> 
  custom:container-demuxer-webm: 4f35f7cbe854078d1ac9338744f61a02 -> 
  custom:video-encoder-webm-vp8: eb34c28f22e8b96e1ab97ce403110664 -> 
  custom:audio-encoder-webm-vorbis: bf7c407c2cedff20999df2af8eb42d56 -> 
  custom:framework-win-MediaFoundation: 216162199b28c13a410421893ffa2e32 -> 
  custom:container-demuxer-ogg: 62fdf1f143b41e24485cea50d1cbac27 -> 
  custom:video-decoder-webm-vp8: 9c59270c3fd7afecdb556c50c9e8de78 -> 
  custom:audio-decoder-ogg-vorbis: bf7c407c2cedff20999df2af8eb42d56 -> 
========================================================================
Received Prepare
Registering precompiled user dll's ...
Registered in 0.002433 seconds.
Begin MonoManager ReloadAssembly
Native extension for WindowsStandalone target not found
Native extension for iOS target not found
Refreshing native plugins compatible for Editor in 0.67 ms, found 2 plugins.
Preloading 0 native plugins for Editor in 0.00 ms.
Mono: successfully reloaded assembly
- Completed reload, in  0.585 seconds
Domain Reload Profiling:
	ReloadAssembly (586ms)
		BeginReloadAssembly (88ms)
			ExecutionOrderSort (0ms)
			DisableScriptedObjects (4ms)
			BackupInstance (0ms)
			ReleaseScriptingObjects (0ms)
			CreateAndSetChildDomain (24ms)
		EndReloadAssembly (433ms)
			LoadAssemblies (51ms)
			RebuildTransferFunctionScriptingTraits (0ms)
			SetupTypeCache (124ms)
			ReleaseScriptCaches (1ms)
			RebuildScriptCaches (21ms)
			SetupLoadedEditorAssemblies (211ms)
				LogAssemblyErrors (0ms)
				InitializePlatformSupportModulesInManaged (18ms)
				SetLoadedEditorAssemblies (0ms)
				RefreshPlugins (1ms)
				BeforeProcessingInitializeOnLoad (32ms)
				ProcessInitializeOnLoadAttributes (135ms)
				ProcessInitializeOnLoadMethodAttributes (23ms)
				AfterProcessingInitializeOnLoad (2ms)
				EditorAssembliesLoaded (0ms)
			ExecutionOrderSort2 (0ms)
			AwakeInstancesAfterBackupRestoration (5ms)
Platform modules already initialized, skipping
Shader 'WFX/Transparent Specular': fallback shader 'Particles/Alpha Blended' not found
Shader 'WFX/Transparent Diffuse': fallback shader 'Particles/Alpha Blended' not found
Refreshing native plugins compatible for Editor in 1.40 ms, found 2 plugins.
Preloading 0 native plugins for Editor in 0.00 ms.
Unloading 1934 Unused Serialized files (Serialized files now loaded: 0)
Unloading 16 unused Assets / (24.7 KB). Loaded Objects now: 2484.
Memory consumption went from 105.9 MB to 105.9 MB.
Total: 1.984300 ms (FindLiveObjects: 0.109000 ms CreateObjectMapping: 0.041800 ms MarkObjects: 1.822000 ms  DeleteObjects: 0.010900 ms)

AssetImportParameters requested are different than current active one (requested -> active):
  custom:video-decoder-ogg-theora: a1e56fd34408186e4bbccfd4996cb3dc -> 
  custom:container-muxer-webm: aa71ff27fc2769a1b78a27578f13a17b -> 
  custom:container-demuxer-webm: 4f35f7cbe854078d1ac9338744f61a02 -> 
  custom:video-encoder-webm-vp8: eb34c28f22e8b96e1ab97ce403110664 -> 
  custom:audio-encoder-webm-vorbis: bf7c407c2cedff20999df2af8eb42d56 -> 
  custom:framework-win-MediaFoundation: 216162199b28c13a410421893ffa2e32 -> 
  custom:container-demuxer-ogg: 62fdf1f143b41e24485cea50d1cbac27 -> 
  custom:video-decoder-webm-vp8: 9c59270c3fd7afecdb556c50c9e8de78 -> 
  custom:audio-decoder-ogg-vorbis: bf7c407c2cedff20999df2af8eb42d56 -> 
========================================================================
Received Prepare
Registering precompiled user dll's ...
Registered in 0.002321 seconds.
Begin MonoManager ReloadAssembly
Native extension for WindowsStandalone target not found
Native extension for iOS target not found
Refreshing native plugins compatible for Editor in 0.70 ms, found 2 plugins.
Preloading 0 native plugins for Editor in 0.00 ms.
Mono: successfully reloaded assembly
- Completed reload, in  0.556 seconds
Domain Reload Profiling:
	ReloadAssembly (556ms)
		BeginReloadAssembly (83ms)
			ExecutionOrderSort (0ms)
			DisableScriptedObjects (4ms)
			BackupInstance (0ms)
			ReleaseScriptingObjects (0ms)
			CreateAndSetChildDomain (24ms)
		EndReloadAssembly (408ms)
			LoadAssemblies (45ms)
			RebuildTransferFunctionScriptingTraits (0ms)
			SetupTypeCache (115ms)
			ReleaseScriptCaches (1ms)
			RebuildScriptCaches (21ms)
			SetupLoadedEditorAssemblies (199ms)
				LogAssemblyErrors (0ms)
				InitializePlatformSupportModulesInManaged (18ms)
				SetLoadedEditorAssemblies (0ms)
				RefreshPlugins (1ms)
				BeforeProcessingInitializeOnLoad (31ms)
				ProcessInitializeOnLoadAttributes (126ms)
				ProcessInitializeOnLoadMethodAttributes (21ms)
				AfterProcessingInitializeOnLoad (2ms)
				EditorAssembliesLoaded (0ms)
			ExecutionOrderSort2 (0ms)
			AwakeInstancesAfterBackupRestoration (4ms)
Platform modules already initialized, skipping
Shader 'WFX/Transparent Specular': fallback shader 'Particles/Alpha Blended' not found
Shader 'WFX/Transparent Diffuse': fallback shader 'Particles/Alpha Blended' not found
Refreshing native plugins compatible for Editor in 2.08 ms, found 2 plugins.
Preloading 0 native plugins for Editor in 0.00 ms.
Unloading 1934 Unused Serialized files (Serialized files now loaded: 0)
Unloading 16 unused Assets / (24.7 KB). Loaded Objects now: 2487.
Memory consumption went from 105.9 MB to 105.9 MB.
Total: 2.180400 ms (FindLiveObjects: 0.147600 ms CreateObjectMapping: 0.040700 ms MarkObjects: 1.976600 ms  DeleteObjects: 0.014700 ms)

AssetImportParameters requested are different than current active one (requested -> active):
  custom:video-decoder-ogg-theora: a1e56fd34408186e4bbccfd4996cb3dc -> 
  custom:container-muxer-webm: aa71ff27fc2769a1b78a27578f13a17b -> 
  custom:container-demuxer-webm: 4f35f7cbe854078d1ac9338744f61a02 -> 
  custom:video-encoder-webm-vp8: eb34c28f22e8b96e1ab97ce403110664 -> 
  custom:audio-encoder-webm-vorbis: bf7c407c2cedff20999df2af8eb42d56 -> 
  custom:framework-win-MediaFoundation: 216162199b28c13a410421893ffa2e32 -> 
  custom:container-demuxer-ogg: 62fdf1f143b41e24485cea50d1cbac27 -> 
  custom:video-decoder-webm-vp8: 9c59270c3fd7afecdb556c50c9e8de78 -> 
  custom:audio-decoder-ogg-vorbis: bf7c407c2cedff20999df2af8eb42d56 -> 
========================================================================
Received Prepare
Registering precompiled user dll's ...
Registered in 0.001958 seconds.
Begin MonoManager ReloadAssembly
Native extension for WindowsStandalone target not found
Native extension for iOS target not found
Refreshing native plugins compatible for Editor in 0.70 ms, found 2 plugins.
Preloading 0 native plugins for Editor in 0.00 ms.
Mono: successfully reloaded assembly
- Completed reload, in  0.567 seconds
Domain Reload Profiling:
	ReloadAssembly (567ms)
		BeginReloadAssembly (78ms)
			ExecutionOrderSort (0ms)
			DisableScriptedObjects (4ms)
			BackupInstance (0ms)
			ReleaseScriptingObjects (0ms)
			CreateAndSetChildDomain (22ms)
		EndReloadAssembly (429ms)
			LoadAssemblies (42ms)
			RebuildTransferFunctionScriptingTraits (0ms)
			SetupTypeCache (117ms)
			ReleaseScriptCaches (1ms)
			RebuildScriptCaches (22ms)
			SetupLoadedEditorAssemblies (216ms)
				LogAssemblyErrors (0ms)
				InitializePlatformSupportModulesInManaged (19ms)
				SetLoadedEditorAssemblies (0ms)
				RefreshPlugins (1ms)
				BeforeProcessingInitializeOnLoad (30ms)
				ProcessInitializeOnLoadAttributes (140ms)
				ProcessInitializeOnLoadMethodAttributes (23ms)
				AfterProcessingInitializeOnLoad (2ms)
				EditorAssembliesLoaded (0ms)
			ExecutionOrderSort2 (0ms)
			AwakeInstancesAfterBackupRestoration (4ms)
Platform modules already initialized, skipping
Shader 'WFX/Transparent Specular': fallback shader 'Particles/Alpha Blended' not found
Shader 'WFX/Transparent Diffuse': fallback shader 'Particles/Alpha Blended' not found
Refreshing native plugins compatible for Editor in 1.26 ms, found 2 plugins.
Preloading 0 native plugins for Editor in 0.00 ms.
Unloading 1934 Unused Serialized files (Serialized files now loaded: 0)
Unloading 16 unused Assets / (24.7 KB). Loaded Objects now: 2490.
Memory consumption went from 105.9 MB to 105.9 MB.
Total: 2.080500 ms (FindLiveObjects: 0.127900 ms CreateObjectMapping: 0.044100 ms MarkObjects: 1.895200 ms  DeleteObjects: 0.012800 ms)

AssetImportParameters requested are different than current active one (requested -> active):
  custom:video-decoder-ogg-theora: a1e56fd34408186e4bbccfd4996cb3dc -> 
  custom:container-muxer-webm: aa71ff27fc2769a1b78a27578f13a17b -> 
  custom:container-demuxer-webm: 4f35f7cbe854078d1ac9338744f61a02 -> 
  custom:video-encoder-webm-vp8: eb34c28f22e8b96e1ab97ce403110664 -> 
  custom:audio-encoder-webm-vorbis: bf7c407c2cedff20999df2af8eb42d56 -> 
  custom:framework-win-MediaFoundation: 216162199b28c13a410421893ffa2e32 -> 
  custom:container-demuxer-ogg: 62fdf1f143b41e24485cea50d1cbac27 -> 
  custom:video-decoder-webm-vp8: 9c59270c3fd7afecdb556c50c9e8de78 -> 
  custom:audio-decoder-ogg-vorbis: bf7c407c2cedff20999df2af8eb42d56 -> 
========================================================================
Received Prepare
Registering precompiled user dll's ...
Registered in 0.002146 seconds.
Begin MonoManager ReloadAssembly
Native extension for WindowsStandalone target not found
Native extension for iOS target not found
Refreshing native plugins compatible for Editor in 0.76 ms, found 2 plugins.
Preloading 0 native plugins for Editor in 0.00 ms.
Mono: successfully reloaded assembly
- Completed reload, in  0.550 seconds
Domain Reload Profiling:
	ReloadAssembly (551ms)
		BeginReloadAssembly (80ms)
			ExecutionOrderSort (0ms)
			DisableScriptedObjects (4ms)
			BackupInstance (0ms)
			ReleaseScriptingObjects (0ms)
			CreateAndSetChildDomain (22ms)
		EndReloadAssembly (411ms)
			LoadAssemblies (42ms)
			RebuildTransferFunctionScriptingTraits (0ms)
			SetupTypeCache (116ms)
			ReleaseScriptCaches (1ms)
			RebuildScriptCaches (21ms)
			SetupLoadedEditorAssemblies (204ms)
				LogAssemblyErrors (0ms)
				InitializePlatformSupportModulesInManaged (18ms)
				SetLoadedEditorAssemblies (0ms)
				RefreshPlugins (1ms)
				BeforeProcessingInitializeOnLoad (33ms)
				ProcessInitializeOnLoadAttributes (128ms)
				ProcessInitializeOnLoadMethodAttributes (22ms)
				AfterProcessingInitializeOnLoad (2ms)
				EditorAssembliesLoaded (0ms)
			ExecutionOrderSort2 (0ms)
			AwakeInstancesAfterBackupRestoration (4ms)
Platform modules already initialized, skipping
Shader 'WFX/Transparent Specular': fallback shader 'Particles/Alpha Blended' not found
Shader 'WFX/Transparent Diffuse': fallback shader 'Particles/Alpha Blended' not found
Refreshing native plugins compatible for Editor in 1.37 ms, found 2 plugins.
Preloading 0 native plugins for Editor in 0.00 ms.
Unloading 1934 Unused Serialized files (Serialized files now loaded: 0)
Unloading 16 unused Assets / (24.8 KB). Loaded Objects now: 2493.
Memory consumption went from 105.9 MB to 105.9 MB.
Total: 2.031500 ms (FindLiveObjects: 0.130500 ms CreateObjectMapping: 0.036700 ms MarkObjects: 1.849500 ms  DeleteObjects: 0.014200 ms)

AssetImportParameters requested are different than current active one (requested -> active):
  custom:video-decoder-ogg-theora: a1e56fd34408186e4bbccfd4996cb3dc -> 
  custom:container-muxer-webm: aa71ff27fc2769a1b78a27578f13a17b -> 
  custom:container-demuxer-webm: 4f35f7cbe854078d1ac9338744f61a02 -> 
  custom:video-encoder-webm-vp8: eb34c28f22e8b96e1ab97ce403110664 -> 
  custom:audio-encoder-webm-vorbis: bf7c407c2cedff20999df2af8eb42d56 -> 
  custom:framework-win-MediaFoundation: 216162199b28c13a410421893ffa2e32 -> 
  custom:container-demuxer-ogg: 62fdf1f143b41e24485cea50d1cbac27 -> 
  custom:video-decoder-webm-vp8: 9c59270c3fd7afecdb556c50c9e8de78 -> 
  custom:audio-decoder-ogg-vorbis: bf7c407c2cedff20999df2af8eb42d56 -> 
========================================================================
Received Prepare
Shader 'WFX/Transparent Specular': fallback shader 'Particles/Alpha Blended' not found
Shader 'WFX/Transparent Diffuse': fallback shader 'Particles/Alpha Blended' not found
Refreshing native plugins compatible for Editor in 2.45 ms, found 2 plugins.
Preloading 0 native plugins for Editor in 0.00 ms.
Unloading 16 Unused Serialized files (Serialized files now loaded: 0)
Unloading 16 unused Assets / (21.9 KB). Loaded Objects now: 2493.
Memory consumption went from 67.5 MB to 67.4 MB.
Total: 2.295300 ms (FindLiveObjects: 0.150000 ms CreateObjectMapping: 0.035400 ms MarkObjects: 2.097900 ms  DeleteObjects: 0.011500 ms)

AssetImportParameters requested are different than current active one (requested -> active):
  custom:video-decoder-ogg-theora: a1e56fd34408186e4bbccfd4996cb3dc -> 
  custom:container-muxer-webm: aa71ff27fc2769a1b78a27578f13a17b -> 
  custom:container-demuxer-webm: 4f35f7cbe854078d1ac9338744f61a02 -> 
  custom:video-encoder-webm-vp8: eb34c28f22e8b96e1ab97ce403110664 -> 
  custom:audio-encoder-webm-vorbis: bf7c407c2cedff20999df2af8eb42d56 -> 
  custom:framework-win-MediaFoundation: 216162199b28c13a410421893ffa2e32 -> 
  custom:container-demuxer-ogg: 62fdf1f143b41e24485cea50d1cbac27 -> 
  custom:video-decoder-webm-vp8: 9c59270c3fd7afecdb556c50c9e8de78 -> 
  custom:audio-decoder-ogg-vorbis: bf7c407c2cedff20999df2af8eb42d56 -> 
========================================================================
Received Prepare
Registering precompiled user dll's ...
Registered in 0.002398 seconds.
Begin MonoManager ReloadAssembly
Native extension for WindowsStandalone target not found
Native extension for iOS target not found
Refreshing native plugins compatible for Editor in 0.63 ms, found 2 plugins.
Preloading 0 native plugins for Editor in 0.00 ms.
Mono: successfully reloaded assembly
- Completed reload, in  0.564 seconds
Domain Reload Profiling:
	ReloadAssembly (564ms)
		BeginReloadAssembly (84ms)
			ExecutionOrderSort (0ms)
			DisableScriptedObjects (6ms)
			BackupInstance (0ms)
			ReleaseScriptingObjects (0ms)
			CreateAndSetChildDomain (23ms)
		EndReloadAssembly (418ms)
			LoadAssemblies (44ms)
			RebuildTransferFunctionScriptingTraits (0ms)
			SetupTypeCache (120ms)
			ReleaseScriptCaches (1ms)
			RebuildScriptCaches (24ms)
			SetupLoadedEditorAssemblies (201ms)
				LogAssemblyErrors (0ms)
				InitializePlatformSupportModulesInManaged (19ms)
				SetLoadedEditorAssemblies (0ms)
				RefreshPlugins (1ms)
				BeforeProcessingInitializeOnLoad (29ms)
				ProcessInitializeOnLoadAttributes (128ms)
				ProcessInitializeOnLoadMethodAttributes (21ms)
				AfterProcessingInitializeOnLoad (2ms)
				EditorAssembliesLoaded (0ms)
			ExecutionOrderSort2 (0ms)
			AwakeInstancesAfterBackupRestoration (4ms)
Platform modules already initialized, skipping
Shader 'WFX/Transparent Specular': fallback shader 'Particles/Alpha Blended' not found
Shader 'WFX/Transparent Diffuse': fallback shader 'Particles/Alpha Blended' not found
Refreshing native plugins compatible for Editor in 1.32 ms, found 2 plugins.
Preloading 0 native plugins for Editor in 0.00 ms.
Unloading 1934 Unused Serialized files (Serialized files now loaded: 0)
Unloading 16 unused Assets / (24.7 KB). Loaded Objects now: 2496.
Memory consumption went from 106.0 MB to 106.0 MB.
Total: 2.120100 ms (FindLiveObjects: 0.141300 ms CreateObjectMapping: 0.038800 ms MarkObjects: 1.923700 ms  DeleteObjects: 0.015500 ms)

AssetImportParameters requested are different than current active one (requested -> active):
  custom:video-decoder-ogg-theora: a1e56fd34408186e4bbccfd4996cb3dc -> 
  custom:container-muxer-webm: aa71ff27fc2769a1b78a27578f13a17b -> 
  custom:container-demuxer-webm: 4f35f7cbe854078d1ac9338744f61a02 -> 
  custom:video-encoder-webm-vp8: eb34c28f22e8b96e1ab97ce403110664 -> 
  custom:audio-encoder-webm-vorbis: bf7c407c2cedff20999df2af8eb42d56 -> 
  custom:framework-win-MediaFoundation: 216162199b28c13a410421893ffa2e32 -> 
  custom:container-demuxer-ogg: 62fdf1f143b41e24485cea50d1cbac27 -> 
  custom:video-decoder-webm-vp8: 9c59270c3fd7afecdb556c50c9e8de78 -> 
  custom:audio-decoder-ogg-vorbis: bf7c407c2cedff20999df2af8eb42d56 -> 
========================================================================
Received Prepare
Shader 'WFX/Transparent Specular': fallback shader 'Particles/Alpha Blended' not found
Shader 'WFX/Transparent Diffuse': fallback shader 'Particles/Alpha Blended' not found
Refreshing native plugins compatible for Editor in 2.52 ms, found 2 plugins.
Preloading 0 native plugins for Editor in 0.00 ms.
Unloading 16 Unused Serialized files (Serialized files now loaded: 0)
Unloading 16 unused Assets / (21.9 KB). Loaded Objects now: 2496.
Memory consumption went from 67.6 MB to 67.5 MB.
Total: 2.286800 ms (FindLiveObjects: 0.189700 ms CreateObjectMapping: 0.089100 ms MarkObjects: 1.997200 ms  DeleteObjects: 0.010100 ms)

AssetImportParameters requested are different than current active one (requested -> active):
  custom:video-decoder-ogg-theora: a1e56fd34408186e4bbccfd4996cb3dc -> 
  custom:container-muxer-webm: aa71ff27fc2769a1b78a27578f13a17b -> 
  custom:container-demuxer-webm: 4f35f7cbe854078d1ac9338744f61a02 -> 
  custom:video-encoder-webm-vp8: eb34c28f22e8b96e1ab97ce403110664 -> 
  custom:audio-encoder-webm-vorbis: bf7c407c2cedff20999df2af8eb42d56 -> 
  custom:framework-win-MediaFoundation: 216162199b28c13a410421893ffa2e32 -> 
  custom:container-demuxer-ogg: 62fdf1f143b41e24485cea50d1cbac27 -> 
  custom:video-decoder-webm-vp8: 9c59270c3fd7afecdb556c50c9e8de78 -> 
  custom:audio-decoder-ogg-vorbis: bf7c407c2cedff20999df2af8eb42d56 -> 
========================================================================
Received Prepare
Registering precompiled user dll's ...
Registered in 0.002533 seconds.
Begin MonoManager ReloadAssembly
Native extension for WindowsStandalone target not found
Native extension for iOS target not found
Refreshing native plugins compatible for Editor in 0.68 ms, found 2 plugins.
Preloading 0 native plugins for Editor in 0.00 ms.
Mono: successfully reloaded assembly
- Completed reload, in  0.581 seconds
Domain Reload Profiling:
	ReloadAssembly (581ms)
		BeginReloadAssembly (84ms)
			ExecutionOrderSort (0ms)
			DisableScriptedObjects (4ms)
			BackupInstance (0ms)
			ReleaseScriptingObjects (0ms)
			CreateAndSetChildDomain (24ms)
		EndReloadAssembly (431ms)
			LoadAssemblies (42ms)
			RebuildTransferFunctionScriptingTraits (0ms)
			SetupTypeCache (129ms)
			ReleaseScriptCaches (1ms)
			RebuildScriptCaches (24ms)
			SetupLoadedEditorAssemblies (203ms)
				LogAssemblyErrors (0ms)
				InitializePlatformSupportModulesInManaged (18ms)
				SetLoadedEditorAssemblies (0ms)
				RefreshPlugins (1ms)
				BeforeProcessingInitializeOnLoad (30ms)
				ProcessInitializeOnLoadAttributes (129ms)
				ProcessInitializeOnLoadMethodAttributes (22ms)
				AfterProcessingInitializeOnLoad (2ms)
				EditorAssembliesLoaded (0ms)
			ExecutionOrderSort2 (0ms)
			AwakeInstancesAfterBackupRestoration (5ms)
Platform modules already initialized, skipping
Shader 'WFX/Transparent Specular': fallback shader 'Particles/Alpha Blended' not found
Shader 'WFX/Transparent Diffuse': fallback shader 'Particles/Alpha Blended' not found
Refreshing native plugins compatible for Editor in 2.29 ms, found 2 plugins.
Preloading 0 native plugins for Editor in 0.00 ms.
Unloading 1934 Unused Serialized files (Serialized files now loaded: 0)
Unloading 16 unused Assets / (24.7 KB). Loaded Objects now: 2499.
Memory consumption went from 106.0 MB to 106.0 MB.
Total: 2.105100 ms (FindLiveObjects: 0.113800 ms CreateObjectMapping: 0.036000 ms MarkObjects: 1.940600 ms  DeleteObjects: 0.013700 ms)

AssetImportParameters requested are different than current active one (requested -> active):
  custom:video-decoder-ogg-theora: a1e56fd34408186e4bbccfd4996cb3dc -> 
  custom:container-muxer-webm: aa71ff27fc2769a1b78a27578f13a17b -> 
  custom:container-demuxer-webm: 4f35f7cbe854078d1ac9338744f61a02 -> 
  custom:video-encoder-webm-vp8: eb34c28f22e8b96e1ab97ce403110664 -> 
  custom:audio-encoder-webm-vorbis: bf7c407c2cedff20999df2af8eb42d56 -> 
  custom:framework-win-MediaFoundation: 216162199b28c13a410421893ffa2e32 -> 
  custom:container-demuxer-ogg: 62fdf1f143b41e24485cea50d1cbac27 -> 
  custom:video-decoder-webm-vp8: 9c59270c3fd7afecdb556c50c9e8de78 -> 
  custom:audio-decoder-ogg-vorbis: bf7c407c2cedff20999df2af8eb42d56 -> 
========================================================================
Received Prepare
Registering precompiled user dll's ...
Registered in 0.002547 seconds.
Begin MonoManager ReloadAssembly
Native extension for WindowsStandalone target not found
Native extension for iOS target not found
Refreshing native plugins compatible for Editor in 0.69 ms, found 2 plugins.
Preloading 0 native plugins for Editor in 0.00 ms.
Mono: successfully reloaded assembly
- Completed reload, in  0.569 seconds
Domain Reload Profiling:
	ReloadAssembly (569ms)
		BeginReloadAssembly (83ms)
			ExecutionOrderSort (0ms)
			DisableScriptedObjects (4ms)
			BackupInstance (0ms)
			ReleaseScriptingObjects (0ms)
			CreateAndSetChildDomain (23ms)
		EndReloadAssembly (425ms)
			LoadAssemblies (42ms)
			RebuildTransferFunctionScriptingTraits (0ms)
			SetupTypeCache (118ms)
			ReleaseScriptCaches (1ms)
			RebuildScriptCaches (23ms)
			SetupLoadedEditorAssemblies (210ms)
				LogAssemblyErrors (0ms)
				InitializePlatformSupportModulesInManaged (20ms)
				SetLoadedEditorAssemblies (0ms)
				RefreshPlugins (1ms)
				BeforeProcessingInitializeOnLoad (29ms)
				ProcessInitializeOnLoadAttributes (135ms)
				ProcessInitializeOnLoadMethodAttributes (22ms)
				AfterProcessingInitializeOnLoad (3ms)
				EditorAssembliesLoaded (0ms)
			ExecutionOrderSort2 (0ms)
			AwakeInstancesAfterBackupRestoration (6ms)
Platform modules already initialized, skipping
Shader 'WFX/Transparent Specular': fallback shader 'Particles/Alpha Blended' not found
Shader 'WFX/Transparent Diffuse': fallback shader 'Particles/Alpha Blended' not found
Refreshing native plugins compatible for Editor in 1.41 ms, found 2 plugins.
Preloading 0 native plugins for Editor in 0.00 ms.
Unloading 1934 Unused Serialized files (Serialized files now loaded: 0)
Unloading 16 unused Assets / (24.7 KB). Loaded Objects now: 2502.
Memory consumption went from 106.0 MB to 106.0 MB.
Total: 2.102600 ms (FindLiveObjects: 0.118600 ms CreateObjectMapping: 0.034800 ms MarkObjects: 1.930000 ms  DeleteObjects: 0.018300 ms)

AssetImportParameters requested are different than current active one (requested -> active):
  custom:video-decoder-ogg-theora: a1e56fd34408186e4bbccfd4996cb3dc -> 
  custom:container-muxer-webm: aa71ff27fc2769a1b78a27578f13a17b -> 
  custom:container-demuxer-webm: 4f35f7cbe854078d1ac9338744f61a02 -> 
  custom:video-encoder-webm-vp8: eb34c28f22e8b96e1ab97ce403110664 -> 
  custom:audio-encoder-webm-vorbis: bf7c407c2cedff20999df2af8eb42d56 -> 
  custom:framework-win-MediaFoundation: 216162199b28c13a410421893ffa2e32 -> 
  custom:container-demuxer-ogg: 62fdf1f143b41e24485cea50d1cbac27 -> 
  custom:video-decoder-webm-vp8: 9c59270c3fd7afecdb556c50c9e8de78 -> 
  custom:audio-decoder-ogg-vorbis: bf7c407c2cedff20999df2af8eb42d56 -> 
========================================================================
Received Import Request.
  Time since last request: 1369156.337585 seconds.
  path: Assets/Asset_reference/AurynSky/Rockets Missiles and Bombs/Prefabs/Blue/Rocket08_Blue.prefab
  artifactKey: Guid(9f303d1f8ba094c4299096ceb21f3ae2) Importer(815301076,1909f56bfc062723c751e8b465ee728b)
Start importing Assets/Asset_reference/AurynSky/Rockets Missiles and Bombs/Prefabs/Blue/Rocket08_Blue.prefab using Guid(9f303d1f8ba094c4299096ceb21f3ae2) Importer(815301076,1909f56bfc062723c751e8b465ee728b)  -> (artifact id: '5fb93d02b227bce57e507b45d9fe9f77') in 0.187964 seconds 
========================================================================
Received Import Request.
  Time since last request: 0.000018 seconds.
  path: Assets/Asset_reference/AurynSky/Rockets Missiles and Bombs/Prefabs/Green/Rocket19_Green.prefab
  artifactKey: Guid(7cf48b1931617c243aa4e27e065567d6) Importer(815301076,1909f56bfc062723c751e8b465ee728b)
Start importing Assets/Asset_reference/AurynSky/Rockets Missiles and Bombs/Prefabs/Green/Rocket19_Green.prefab using Guid(7cf48b1931617c243aa4e27e065567d6) Importer(815301076,1909f56bfc062723c751e8b465ee728b)  -> (artifact id: 'a2f827a64a04845ee7e02f677aebbc78') in 0.016995 seconds 
========================================================================
Received Import Request.
  Time since last request: 0.000018 seconds.
  path: Assets/Asset_reference/AurynSky/Rockets Missiles and Bombs/Prefabs/Green/Rocket18_Green.prefab
  artifactKey: Guid(b809d6d16d69d0340bb458654f7f2973) Importer(815301076,1909f56bfc062723c751e8b465ee728b)
Start importing Assets/Asset_reference/AurynSky/Rockets Missiles and Bombs/Prefabs/Green/Rocket18_Green.prefab using Guid(b809d6d16d69d0340bb458654f7f2973) Importer(815301076,1909f56bfc062723c751e8b465ee728b)  -> (artifact id: '49916374e6b950103678ea0d5758c6a9') in 0.010504 seconds 
========================================================================
Received Import Request.
  Time since last request: 0.000012 seconds.
  path: Assets/Asset_reference/AurynSky/Rockets Missiles and Bombs/Models/Rocket20.fbx
  artifactKey: Guid(e675672c9efbede4ba2c974ad7f24bd1) Importer(815301076,1909f56bfc062723c751e8b465ee728b)
Start importing Assets/Asset_reference/AurynSky/Rockets Missiles and Bombs/Models/Rocket20.fbx using Guid(e675672c9efbede4ba2c974ad7f24bd1) Importer(815301076,1909f56bfc062723c751e8b465ee728b)  -> (artifact id: 'f2772efe887c472ecb90753e32fd017b') in 0.042668 seconds 
========================================================================
Received Import Request.
  Time since last request: 0.000018 seconds.
  path: Assets/Asset_reference/AurynSky/Rockets Missiles and Bombs/Prefabs/Pink/Rocket28_Pink.prefab
  artifactKey: Guid(f50b46cfbafe4764e91a57e8ead71802) Importer(815301076,1909f56bfc062723c751e8b465ee728b)
Start importing Assets/Asset_reference/AurynSky/Rockets Missiles and Bombs/Prefabs/Pink/Rocket28_Pink.prefab using Guid(f50b46cfbafe4764e91a57e8ead71802) Importer(815301076,1909f56bfc062723c751e8b465ee728b)  -> (artifact id: '9a028432357f7e151bd00ee79e621654') in 0.019430 seconds 
========================================================================
Received Import Request.
  Time since last request: 0.000018 seconds.
  path: Assets/Asset_reference/AurynSky/Rockets Missiles and Bombs/Models/Rocket30.fbx
  artifactKey: Guid(93aa6b0374cbc5d429b7fef4523e1650) Importer(815301076,1909f56bfc062723c751e8b465ee728b)
Start importing Assets/Asset_reference/AurynSky/Rockets Missiles and Bombs/Models/Rocket30.fbx using Guid(93aa6b0374cbc5d429b7fef4523e1650) Importer(815301076,1909f56bfc062723c751e8b465ee728b)  -> (artifact id: '8428bb3f874a135175f66d2529021132') in 0.016418 seconds 
========================================================================
Received Import Request.
  Time since last request: 0.000013 seconds.
  path: Assets/Asset_reference/AurynSky/Rockets Missiles and Bombs/Prefabs/Pink/Rocket30_Pink.prefab
  artifactKey: Guid(640b842c52e64714684a376a834c10e7) Importer(815301076,1909f56bfc062723c751e8b465ee728b)
Start importing Assets/Asset_reference/AurynSky/Rockets Missiles and Bombs/Prefabs/Pink/Rocket30_Pink.prefab using Guid(640b842c52e64714684a376a834c10e7) Importer(815301076,1909f56bfc062723c751e8b465ee728b)  -> (artifact id: '725270c92a0d55e44c5f0ff50f8d38bd') in 0.011769 seconds 
========================================================================
Received Import Request.
  Time since last request: 0.000016 seconds.
  path: Assets/Asset_reference/Customized Weapons - Low poly/Models/RocketLauncher5.fbx
  artifactKey: Guid(2df433980a1fcb241915264cadcafe4d) Importer(815301076,1909f56bfc062723c751e8b465ee728b)
Start importing Assets/Asset_reference/Customized Weapons - Low poly/Models/RocketLauncher5.fbx using Guid(2df433980a1fcb241915264cadcafe4d) Importer(815301076,1909f56bfc062723c751e8b465ee728b)  -> (artifact id: 'a5d9fef9ca7456f1e45830869f3ae0fc') in 0.039235 seconds 
========================================================================
Received Import Request.
  Time since last request: 0.000017 seconds.
  path: Assets/Asset_reference/AurynSky/Rockets Missiles and Bombs/Materials/RocketsPalletteOrange.mat
  artifactKey: Guid(b1fe464b75e438e43a558970be8913c3) Importer(815301076,1909f56bfc062723c751e8b465ee728b)
Start importing Assets/Asset_reference/AurynSky/Rockets Missiles and Bombs/Materials/RocketsPalletteOrange.mat using Guid(b1fe464b75e438e43a558970be8913c3) Importer(815301076,1909f56bfc062723c751e8b465ee728b)  -> (artifact id: '18bebeb9eeb1e6e4750ab98377c5ea98') in 0.011153 seconds 
========================================================================
Received Import Request.
  Time since last request: 0.000015 seconds.
  path: Assets/Asset_reference/AurynSky/Rockets Missiles and Bombs/Prefabs/Red/Rocket29_Red.prefab
  artifactKey: Guid(f412ceae8eafba746a26c5a178a0251e) Importer(815301076,1909f56bfc062723c751e8b465ee728b)
Start importing Assets/Asset_reference/AurynSky/Rockets Missiles and Bombs/Prefabs/Red/Rocket29_Red.prefab using Guid(f412ceae8eafba746a26c5a178a0251e) Importer(815301076,1909f56bfc062723c751e8b465ee728b)  -> (artifact id: '5bb56d6f0f1995e9bdd36b2fa538c7b6') in 0.010915 seconds 
========================================================================
Received Import Request.
  Time since last request: 0.000016 seconds.
  path: Assets/Asset_reference/AurynSky/Rockets Missiles and Bombs/Prefabs/Red/Rocket08_Red.prefab
  artifactKey: Guid(818eebc32ffe82c48a228c6a0845633f) Importer(815301076,1909f56bfc062723c751e8b465ee728b)
Start importing Assets/Asset_reference/AurynSky/Rockets Missiles and Bombs/Prefabs/Red/Rocket08_Red.prefab using Guid(818eebc32ffe82c48a228c6a0845633f) Importer(815301076,1909f56bfc062723c751e8b465ee728b)  -> (artifact id: 'bbffd231a51f5f545699682c86cd0f3b') in 0.009062 seconds 
========================================================================
Received Import Request.
  Time since last request: 0.000014 seconds.
  path: Assets/Asset_reference/AurynSky/Rockets Missiles and Bombs/Materials/RocketsPalletteGrey.mat
  artifactKey: Guid(3fe3bbcc093ebdb4391d77116c4275e0) Importer(815301076,1909f56bfc062723c751e8b465ee728b)
Start importing Assets/Asset_reference/AurynSky/Rockets Missiles and Bombs/Materials/RocketsPalletteGrey.mat using Guid(3fe3bbcc093ebdb4391d77116c4275e0) Importer(815301076,1909f56bfc062723c751e8b465ee728b)  -> (artifact id: '45bcf81526bc06071e1ccc9dc486a7eb') in 0.010114 seconds 
========================================================================
Received Import Request.
  Time since last request: 0.000017 seconds.
  path: Assets/Asset_reference/Customized Weapons - Low poly/Models/RocketLauncher1.fbx
  artifactKey: Guid(579ed666dddcfa84988d0d56f73dd0f6) Importer(815301076,1909f56bfc062723c751e8b465ee728b)
Start importing Assets/Asset_reference/Customized Weapons - Low poly/Models/RocketLauncher1.fbx using Guid(579ed666dddcfa84988d0d56f73dd0f6) Importer(815301076,1909f56bfc062723c751e8b465ee728b)  -> (artifact id: '0e3bddbf0f1717cfab70f92a0d91b91e') in 0.025297 seconds 
========================================================================
Received Import Request.
  Time since last request: 0.000019 seconds.
  path: Assets/Asset_reference/AurynSky/Rockets Missiles and Bombs/Prefabs/Red/Rocket28_Red.prefab
  artifactKey: Guid(35775ab2b578be846a58f7874615a797) Importer(815301076,1909f56bfc062723c751e8b465ee728b)
Start importing Assets/Asset_reference/AurynSky/Rockets Missiles and Bombs/Prefabs/Red/Rocket28_Red.prefab using Guid(35775ab2b578be846a58f7874615a797) Importer(815301076,1909f56bfc062723c751e8b465ee728b)  -> (artifact id: 'be857a1494b9d1988ba4275c7a29f18f') in 0.008475 seconds 
========================================================================
Received Import Request.
  Time since last request: 0.000013 seconds.
  path: Assets/Asset_reference/AurynSky/Rockets Missiles and Bombs/Prefabs/Blue/Rocket19_Blue.prefab
  artifactKey: Guid(7498719881dd35b4c8c2af3f51d30ef2) Importer(815301076,1909f56bfc062723c751e8b465ee728b)
Start importing Assets/Asset_reference/AurynSky/Rockets Missiles and Bombs/Prefabs/Blue/Rocket19_Blue.prefab using Guid(7498719881dd35b4c8c2af3f51d30ef2) Importer(815301076,1909f56bfc062723c751e8b465ee728b)  -> (artifact id: '9dceb4aeeb585374cac2f7d51c5c98a9') in 0.010505 seconds 
========================================================================
Received Import Request.
  Time since last request: 0.000015 seconds.
  path: Assets/Asset_reference/AurynSky/Rockets Missiles and Bombs/Prefabs/Orange/Rocket10_Orange.prefab
  artifactKey: Guid(a1aa3ab93da62de47956fadce5f0ad63) Importer(815301076,1909f56bfc062723c751e8b465ee728b)
Start importing Assets/Asset_reference/AurynSky/Rockets Missiles and Bombs/Prefabs/Orange/Rocket10_Orange.prefab using Guid(a1aa3ab93da62de47956fadce5f0ad63) Importer(815301076,1909f56bfc062723c751e8b465ee728b)  -> (artifact id: '3b9c56d2dc79646374bb9b8ca42ddf08') in 0.009672 seconds 
========================================================================
Received Import Request.
  Time since last request: 0.000017 seconds.
  path: Assets/Asset_reference/AurynSky/Rockets Missiles and Bombs/Prefabs/Red/Rocket10_Red.prefab
  artifactKey: Guid(57369ee17caa1a2499b2aaa832a1134d) Importer(815301076,1909f56bfc062723c751e8b465ee728b)
Start importing Assets/Asset_reference/AurynSky/Rockets Missiles and Bombs/Prefabs/Red/Rocket10_Red.prefab using Guid(57369ee17caa1a2499b2aaa832a1134d) Importer(815301076,1909f56bfc062723c751e8b465ee728b)  -> (artifact id: '78a128cb8845455268d417681c1986d7') in 0.008718 seconds 
========================================================================
Received Import Request.
  Time since last request: 0.000014 seconds.
  path: Assets/Asset_reference/AurynSky/Rockets Missiles and Bombs/Models/Rocket12.fbx
  artifactKey: Guid(2cc0d580e1f45a54fbcde2699abadfbe) Importer(815301076,1909f56bfc062723c751e8b465ee728b)
Start importing Assets/Asset_reference/AurynSky/Rockets Missiles and Bombs/Models/Rocket12.fbx using Guid(2cc0d580e1f45a54fbcde2699abadfbe) Importer(815301076,1909f56bfc062723c751e8b465ee728b)  -> (artifact id: '9793f4988ef05c101a4d6221261a34df') in 0.017584 seconds 
========================================================================
Received Import Request.
  Time since last request: 0.000014 seconds.
  path: Assets/Asset_reference/AurynSky/Rockets Missiles and Bombs/Models/Rocket09.fbx
  artifactKey: Guid(d705a6b4d5784b04fa56134079f39e6d) Importer(815301076,1909f56bfc062723c751e8b465ee728b)
Start importing Assets/Asset_reference/AurynSky/Rockets Missiles and Bombs/Models/Rocket09.fbx using Guid(d705a6b4d5784b04fa56134079f39e6d) Importer(815301076,1909f56bfc062723c751e8b465ee728b)  -> (artifact id: 'f5f66a1a6d11a004ef423ce11f71e172') in 0.013088 seconds 
========================================================================
Received Import Request.
  Time since last request: 0.000016 seconds.
  path: Assets/Asset_reference/AurynSky/Rockets Missiles and Bombs/Prefabs/Grey/Rocket21_Grey.prefab
  artifactKey: Guid(8024477cb7a56154fbcdd301219fb132) Importer(815301076,1909f56bfc062723c751e8b465ee728b)
Start importing Assets/Asset_reference/AurynSky/Rockets Missiles and Bombs/Prefabs/Grey/Rocket21_Grey.prefab using Guid(8024477cb7a56154fbcdd301219fb132) Importer(815301076,1909f56bfc062723c751e8b465ee728b)  -> (artifact id: '59fd651ec30f8a7651590ed06ebbc0f4') in 0.008661 seconds 
========================================================================
Received Import Request.
  Time since last request: 0.000016 seconds.
  path: Assets/Asset_reference/AurynSky/Rockets Missiles and Bombs/Prefabs/Red/Rocket26_Red.prefab
  artifactKey: Guid(34a5e34bd888e0b4883bb80aa3cd437d) Importer(815301076,1909f56bfc062723c751e8b465ee728b)
Start importing Assets/Asset_reference/AurynSky/Rockets Missiles and Bombs/Prefabs/Red/Rocket26_Red.prefab using Guid(34a5e34bd888e0b4883bb80aa3cd437d) Importer(815301076,1909f56bfc062723c751e8b465ee728b)  -> (artifact id: '45494ea0e8b3b51eb85788a7304ca66b') in 0.008821 seconds 
========================================================================
Received Import Request.
  Time since last request: 0.000013 seconds.
  path: Assets/Asset_reference/AurynSky/Rockets Missiles and Bombs/Prefabs/Grey/Rocket26_Grey.prefab
  artifactKey: Guid(98909b2fcc0dae144a70bb876ca5562c) Importer(815301076,1909f56bfc062723c751e8b465ee728b)
Start importing Assets/Asset_reference/AurynSky/Rockets Missiles and Bombs/Prefabs/Grey/Rocket26_Grey.prefab using Guid(98909b2fcc0dae144a70bb876ca5562c) Importer(815301076,1909f56bfc062723c751e8b465ee728b)  -> (artifact id: 'e7c8f5413658b2da75472be88786d9b9') in 0.010081 seconds 
========================================================================
Received Import Request.
  Time since last request: 0.000014 seconds.
  path: Assets/Asset_reference/AurynSky/Rockets Missiles and Bombs/Prefabs/Pink/Rocket09_Pink.prefab
  artifactKey: Guid(4b2910c7f141a4e47b2954bb67750129) Importer(815301076,1909f56bfc062723c751e8b465ee728b)
Start importing Assets/Asset_reference/AurynSky/Rockets Missiles and Bombs/Prefabs/Pink/Rocket09_Pink.prefab using Guid(4b2910c7f141a4e47b2954bb67750129) Importer(815301076,1909f56bfc062723c751e8b465ee728b)  -> (artifact id: 'bb92eb6e0fdb2bce6e9cab14339daa0c') in 0.010236 seconds 
========================================================================
Received Import Request.
  Time since last request: 0.000016 seconds.
  path: Assets/Asset_reference/AurynSky/Rockets Missiles and Bombs/Prefabs/Pink/Rocket18_Pink.prefab
  artifactKey: Guid(971f59115a4c9db4788065cdaea9677c) Importer(815301076,1909f56bfc062723c751e8b465ee728b)
Start importing Assets/Asset_reference/AurynSky/Rockets Missiles and Bombs/Prefabs/Pink/Rocket18_Pink.prefab using Guid(971f59115a4c9db4788065cdaea9677c) Importer(815301076,1909f56bfc062723c751e8b465ee728b)  -> (artifact id: 'b0883ff6f425bdb8b1053dc822fbafba') in 0.009302 seconds 
========================================================================
Received Import Request.
  Time since last request: 0.000013 seconds.
  path: Assets/Asset_reference/AurynSky/Rockets Missiles and Bombs/Prefabs/Orange/Rocket28_Orange.prefab
  artifactKey: Guid(c00e9e6eb24caed43aa452d92e965748) Importer(815301076,1909f56bfc062723c751e8b465ee728b)
Start importing Assets/Asset_reference/AurynSky/Rockets Missiles and Bombs/Prefabs/Orange/Rocket28_Orange.prefab using Guid(c00e9e6eb24caed43aa452d92e965748) Importer(815301076,1909f56bfc062723c751e8b465ee728b)  -> (artifact id: '176ce65c1c2a2375ad255db6206ba8aa') in 0.009105 seconds 
========================================================================
Received Import Request.
  Time since last request: 0.000014 seconds.
  path: Assets/Asset_reference/AurynSky/Rockets Missiles and Bombs/Prefabs/Red/Rocket11_Red.prefab
  artifactKey: Guid(9ed671e46c346d84f91d3c0682968012) Importer(815301076,1909f56bfc062723c751e8b465ee728b)
Start importing Assets/Asset_reference/AurynSky/Rockets Missiles and Bombs/Prefabs/Red/Rocket11_Red.prefab using Guid(9ed671e46c346d84f91d3c0682968012) Importer(815301076,1909f56bfc062723c751e8b465ee728b)  -> (artifact id: '83250438739fb978f745efd1026c217b') in 0.009233 seconds 
========================================================================
Received Import Request.
  Time since last request: 0.000013 seconds.
  path: Assets/Asset_reference/AurynSky/Rockets Missiles and Bombs/Prefabs/Red/Rocket09_Red.prefab
  artifactKey: Guid(930cc3f14bc84554f8048c12ee59326e) Importer(815301076,1909f56bfc062723c751e8b465ee728b)
Start importing Assets/Asset_reference/AurynSky/Rockets Missiles and Bombs/Prefabs/Red/Rocket09_Red.prefab using Guid(930cc3f14bc84554f8048c12ee59326e) Importer(815301076,1909f56bfc062723c751e8b465ee728b)  -> (artifact id: '24c469eb33fd1be58fae318966e8208d') in 0.008607 seconds 
========================================================================
Received Import Request.
  Time since last request: 0.000016 seconds.
  path: Assets/Asset_reference/AurynSky/Rockets Missiles and Bombs/Prefabs/Yellow/Rocket20_Yellow.prefab
  artifactKey: Guid(f2a012c9a5312dc46a3d14cbf61eba5d) Importer(815301076,1909f56bfc062723c751e8b465ee728b)
Start importing Assets/Asset_reference/AurynSky/Rockets Missiles and Bombs/Prefabs/Yellow/Rocket20_Yellow.prefab using Guid(f2a012c9a5312dc46a3d14cbf61eba5d) Importer(815301076,1909f56bfc062723c751e8b465ee728b)  -> (artifact id: 'fd4ed33b2ee182c9a1565c09a59c28e1') in 0.010497 seconds 
========================================================================
Received Import Request.
  Time since last request: 0.000013 seconds.
  path: Assets/Asset_reference/AurynSky/Rockets Missiles and Bombs/Textures/RocketsPallettePink.png
  artifactKey: Guid(da92151212311ef43b05edc7d7fac370) Importer(815301076,1909f56bfc062723c751e8b465ee728b)
Start importing Assets/Asset_reference/AurynSky/Rockets Missiles and Bombs/Textures/RocketsPallettePink.png using Guid(da92151212311ef43b05edc7d7fac370) Importer(815301076,1909f56bfc062723c751e8b465ee728b)  -> (artifact id: '14154e4d6e9c1d25fd19343fc060bab4') in 0.012603 seconds 
========================================================================
Received Import Request.
  Time since last request: 0.000019 seconds.
  path: Assets/Asset_reference/AurynSky/Rockets Missiles and Bombs/Prefabs/Grey/Rocket30_Grey.prefab
  artifactKey: Guid(9ca2404976c35624bbc4c0777b8e56d4) Importer(815301076,1909f56bfc062723c751e8b465ee728b)
Start importing Assets/Asset_reference/AurynSky/Rockets Missiles and Bombs/Prefabs/Grey/Rocket30_Grey.prefab using Guid(9ca2404976c35624bbc4c0777b8e56d4) Importer(815301076,1909f56bfc062723c751e8b465ee728b)  -> (artifact id: '79332a0e6d1a96bfaabeac7be8d620cc') in 0.009256 seconds 
========================================================================
Received Import Request.
  Time since last request: 0.000024 seconds.
  path: Assets/Asset_reference/AurynSky/Rockets Missiles and Bombs/Prefabs/Yellow/Rocket25_Yellow.prefab
  artifactKey: Guid(3425d348aee5f1143873523e419090c1) Importer(815301076,1909f56bfc062723c751e8b465ee728b)
Start importing Assets/Asset_reference/AurynSky/Rockets Missiles and Bombs/Prefabs/Yellow/Rocket25_Yellow.prefab using Guid(3425d348aee5f1143873523e419090c1) Importer(815301076,1909f56bfc062723c751e8b465ee728b)  -> (artifact id: '15cc526631aea57110c71955465ba477') in 0.009716 seconds 
========================================================================
Received Import Request.
  Time since last request: 0.000015 seconds.
  path: Assets/Asset_reference/AurynSky/Rockets Missiles and Bombs/Prefabs/Orange/Rocket21_Orange.prefab
  artifactKey: Guid(bc9f072c0775a734f8da2c0f78cdf9f7) Importer(815301076,1909f56bfc062723c751e8b465ee728b)
Start importing Assets/Asset_reference/AurynSky/Rockets Missiles and Bombs/Prefabs/Orange/Rocket21_Orange.prefab using Guid(bc9f072c0775a734f8da2c0f78cdf9f7) Importer(815301076,1909f56bfc062723c751e8b465ee728b)  -> (artifact id: 'ca13e2b5037dae5d7924af19c0bca3e7') in 0.008786 seconds 
========================================================================
Received Import Request.
  Time since last request: 0.000015 seconds.
  path: Assets/Asset_reference/AurynSky/Rockets Missiles and Bombs/Prefabs/Pink/Rocket21_Pink.prefab
  artifactKey: Guid(9264447870e2fcf4c9e6bf6e0d23c4a6) Importer(815301076,1909f56bfc062723c751e8b465ee728b)
Start importing Assets/Asset_reference/AurynSky/Rockets Missiles and Bombs/Prefabs/Pink/Rocket21_Pink.prefab using Guid(9264447870e2fcf4c9e6bf6e0d23c4a6) Importer(815301076,1909f56bfc062723c751e8b465ee728b)  -> (artifact id: '7728ec3d5d3fce8f203162d026e3af29') in 0.009224 seconds 
========================================================================
Received Import Request.
  Time since last request: 0.000014 seconds.
  path: Assets/Asset_reference/AurynSky/Rockets Missiles and Bombs/Prefabs/Grey/Rocket20_Grey.prefab
  artifactKey: Guid(2dc0e72f48efa094996be8621ad92a68) Importer(815301076,1909f56bfc062723c751e8b465ee728b)
Start importing Assets/Asset_reference/AurynSky/Rockets Missiles and Bombs/Prefabs/Grey/Rocket20_Grey.prefab using Guid(2dc0e72f48efa094996be8621ad92a68) Importer(815301076,1909f56bfc062723c751e8b465ee728b)  -> (artifact id: 'fba2d5baad2639581152e4e9c5a94d98') in 0.008835 seconds 
========================================================================
Received Import Request.
  Time since last request: 0.000013 seconds.
  path: Assets/Asset_reference/AurynSky/Rockets Missiles and Bombs/Prefabs/Yellow/Rocket18_Yellow.prefab
  artifactKey: Guid(87fe9d26415e46a4d86ae79d81c14726) Importer(815301076,1909f56bfc062723c751e8b465ee728b)
Start importing Assets/Asset_reference/AurynSky/Rockets Missiles and Bombs/Prefabs/Yellow/Rocket18_Yellow.prefab using Guid(87fe9d26415e46a4d86ae79d81c14726) Importer(815301076,1909f56bfc062723c751e8b465ee728b)  -> (artifact id: '6ac31eac8ec101d3438ca73d792fcc7b') in 0.009885 seconds 
========================================================================
Received Import Request.
  Time since last request: 0.000017 seconds.
  path: Assets/Asset_reference/AurynSky/Rockets Missiles and Bombs/Models/Rocket10.fbx
  artifactKey: Guid(70885693ea99b8749b751f80202232a3) Importer(815301076,1909f56bfc062723c751e8b465ee728b)
Start importing Assets/Asset_reference/AurynSky/Rockets Missiles and Bombs/Models/Rocket10.fbx using Guid(70885693ea99b8749b751f80202232a3) Importer(815301076,1909f56bfc062723c751e8b465ee728b)  -> (artifact id: '0caf0f680d332fda9247aa302bec4ee6') in 0.015145 seconds 
========================================================================
Received Import Request.
  Time since last request: 0.000015 seconds.
  path: Assets/Asset_reference/AurynSky/Rockets Missiles and Bombs/Prefabs/Pink/Rocket19_Pink.prefab
  artifactKey: Guid(8288394476b18644eaaa48486b9a8629) Importer(815301076,1909f56bfc062723c751e8b465ee728b)
Start importing Assets/Asset_reference/AurynSky/Rockets Missiles and Bombs/Prefabs/Pink/Rocket19_Pink.prefab using Guid(8288394476b18644eaaa48486b9a8629) Importer(815301076,1909f56bfc062723c751e8b465ee728b)  -> (artifact id: 'e3fd47d1d3298b824e64096d618b7c1d') in 0.009905 seconds 
========================================================================
Received Import Request.
  Time since last request: 0.000014 seconds.
  path: Assets/Asset_reference/AurynSky/Rockets Missiles and Bombs/Models/Rocket11.fbx
  artifactKey: Guid(c4d63855570bf684fad9b96d6e315096) Importer(815301076,1909f56bfc062723c751e8b465ee728b)
Start importing Assets/Asset_reference/AurynSky/Rockets Missiles and Bombs/Models/Rocket11.fbx using Guid(c4d63855570bf684fad9b96d6e315096) Importer(815301076,1909f56bfc062723c751e8b465ee728b)  -> (artifact id: 'ff95607e8643cfce480db307c9562c41') in 0.014759 seconds 
========================================================================
Received Import Request.
  Time since last request: 0.000017 seconds.
  path: Assets/Asset_reference/AurynSky/Rockets Missiles and Bombs/Prefabs/Pink/Rocket20_Pink.prefab
  artifactKey: Guid(cf66a4e5a044fcc49bf39b800dd61c8f) Importer(815301076,1909f56bfc062723c751e8b465ee728b)
Start importing Assets/Asset_reference/AurynSky/Rockets Missiles and Bombs/Prefabs/Pink/Rocket20_Pink.prefab using Guid(cf66a4e5a044fcc49bf39b800dd61c8f) Importer(815301076,1909f56bfc062723c751e8b465ee728b)  -> (artifact id: 'a5063ec6977d1b924a1b729b6bfda299') in 0.009126 seconds 
========================================================================
Received Import Request.
  Time since last request: 0.000020 seconds.
  path: Assets/Asset_reference/AurynSky/Rockets Missiles and Bombs/Prefabs/Red/Rocket19_Red.prefab
  artifactKey: Guid(24baf2ca3b369a64b999258f8731be6d) Importer(815301076,1909f56bfc062723c751e8b465ee728b)
Start importing Assets/Asset_reference/AurynSky/Rockets Missiles and Bombs/Prefabs/Red/Rocket19_Red.prefab using Guid(24baf2ca3b369a64b999258f8731be6d) Importer(815301076,1909f56bfc062723c751e8b465ee728b)  -> (artifact id: '110094a21c3fcae0a46e83fa0f0181c2') in 0.008960 seconds 
========================================================================
Received Import Request.
  Time since last request: 0.000018 seconds.
  path: Assets/Asset_reference/AurynSky/Rockets Missiles and Bombs/Textures/RocketsPalletteGreen.png
  artifactKey: Guid(eef049362fc106349a741296bc0c4e4e) Importer(815301076,1909f56bfc062723c751e8b465ee728b)
Start importing Assets/Asset_reference/AurynSky/Rockets Missiles and Bombs/Textures/RocketsPalletteGreen.png using Guid(eef049362fc106349a741296bc0c4e4e) Importer(815301076,1909f56bfc062723c751e8b465ee728b)  -> (artifact id: 'a587561dc2c96ba9a94f80edb1ec2f52') in 0.007253 seconds 
========================================================================
Received Import Request.
  Time since last request: 0.000017 seconds.
  path: Assets/Asset_reference/AurynSky/Rockets Missiles and Bombs/Textures/RocketsPalletteYellow.png
  artifactKey: Guid(806ea9dd9ebcd4a43985ec808fa24d8e) Importer(815301076,1909f56bfc062723c751e8b465ee728b)
Start importing Assets/Asset_reference/AurynSky/Rockets Missiles and Bombs/Textures/RocketsPalletteYellow.png using Guid(806ea9dd9ebcd4a43985ec808fa24d8e) Importer(815301076,1909f56bfc062723c751e8b465ee728b)  -> (artifact id: '6679dbf040a1d05e2e6188610abec53d') in 0.007348 seconds 
========================================================================
Received Import Request.
  Time since last request: 0.000012 seconds.
  path: Assets/Asset_reference/AurynSky/Rockets Missiles and Bombs/Prefabs/Orange/Rocket11_Orange.prefab
  artifactKey: Guid(df7f0127f119b644cbe2d56526354dd3) Importer(815301076,1909f56bfc062723c751e8b465ee728b)
Start importing Assets/Asset_reference/AurynSky/Rockets Missiles and Bombs/Prefabs/Orange/Rocket11_Orange.prefab using Guid(df7f0127f119b644cbe2d56526354dd3) Importer(815301076,1909f56bfc062723c751e8b465ee728b)  -> (artifact id: '0a366308f862914c3186efdccce4c7ac') in 0.008896 seconds 
========================================================================
Received Import Request.
  Time since last request: 0.000017 seconds.
  path: Assets/Asset_reference/AurynSky/Rockets Missiles and Bombs/Prefabs/Yellow/Rocket28_Yellow.prefab
  artifactKey: Guid(841e0851c8a28ca4191d9b70b97e2d5b) Importer(815301076,1909f56bfc062723c751e8b465ee728b)
Start importing Assets/Asset_reference/AurynSky/Rockets Missiles and Bombs/Prefabs/Yellow/Rocket28_Yellow.prefab using Guid(841e0851c8a28ca4191d9b70b97e2d5b) Importer(815301076,1909f56bfc062723c751e8b465ee728b)  -> (artifact id: '452ec5a3c211ae3f15619ce6d4b86ddf') in 0.008767 seconds 
========================================================================
Received Import Request.
  Time since last request: 0.000015 seconds.
  path: Assets/Asset_reference/AurynSky/Rockets Missiles and Bombs/Prefabs/Yellow/Rocket19_Yellow.prefab
  artifactKey: Guid(b3f605f74025b69479fd3f3bc558539f) Importer(815301076,1909f56bfc062723c751e8b465ee728b)
Start importing Assets/Asset_reference/AurynSky/Rockets Missiles and Bombs/Prefabs/Yellow/Rocket19_Yellow.prefab using Guid(b3f605f74025b69479fd3f3bc558539f) Importer(815301076,1909f56bfc062723c751e8b465ee728b)  -> (artifact id: 'dd6591d12c018316d738afe901a1bd0f') in 0.008812 seconds 
========================================================================
Received Import Request.
  Time since last request: 0.000015 seconds.
  path: Assets/Asset_reference/AurynSky/Rockets Missiles and Bombs/Models/Rocket21.fbx
  artifactKey: Guid(377c635e6ac08e6419ccdc298b66e44b) Importer(815301076,1909f56bfc062723c751e8b465ee728b)
Start importing Assets/Asset_reference/AurynSky/Rockets Missiles and Bombs/Models/Rocket21.fbx using Guid(377c635e6ac08e6419ccdc298b66e44b) Importer(815301076,1909f56bfc062723c751e8b465ee728b)  -> (artifact id: '7910c3afa9db80556570b476c2bff66b') in 0.015047 seconds 
========================================================================
Received Import Request.
  Time since last request: 0.000017 seconds.
  path: Assets/Asset_reference/AurynSky/Rockets Missiles and Bombs/Prefabs/Red/Rocket30_Red.prefab
  artifactKey: Guid(86e9d2e10cef8204587e6e8114f65bdc) Importer(815301076,1909f56bfc062723c751e8b465ee728b)
Start importing Assets/Asset_reference/AurynSky/Rockets Missiles and Bombs/Prefabs/Red/Rocket30_Red.prefab using Guid(86e9d2e10cef8204587e6e8114f65bdc) Importer(815301076,1909f56bfc062723c751e8b465ee728b)  -> (artifact id: '3225a6f3971205013033b67b4015c1f2') in 0.010606 seconds 
========================================================================
Received Import Request.
  Time since last request: 0.000020 seconds.
  path: Assets/Asset_reference/AurynSky/Rockets Missiles and Bombs/Models/Rocket27.fbx
  artifactKey: Guid(ed244208472a4e048835974f57110a96) Importer(815301076,1909f56bfc062723c751e8b465ee728b)
Start importing Assets/Asset_reference/AurynSky/Rockets Missiles and Bombs/Models/Rocket27.fbx using Guid(ed244208472a4e048835974f57110a96) Importer(815301076,1909f56bfc062723c751e8b465ee728b)  -> (artifact id: '2726d0543b52552b84d1c2638bdcc3bf') in 0.015033 seconds 
========================================================================
Received Import Request.
  Time since last request: 0.000014 seconds.
  path: Assets/Asset_reference/AurynSky/Rockets Missiles and Bombs/Prefabs/Green/Rocket21_Green.prefab
  artifactKey: Guid(6851ade0e3fddde46807ad8108f48e84) Importer(815301076,1909f56bfc062723c751e8b465ee728b)
Start importing Assets/Asset_reference/AurynSky/Rockets Missiles and Bombs/Prefabs/Green/Rocket21_Green.prefab using Guid(6851ade0e3fddde46807ad8108f48e84) Importer(815301076,1909f56bfc062723c751e8b465ee728b)  -> (artifact id: 'fbcee6627f4bc8a988b3a18a20232baa') in 0.009048 seconds 
========================================================================
Received Import Request.
  Time since last request: 0.000019 seconds.
  path: Assets/Asset_reference/AurynSky/Rockets Missiles and Bombs/Prefabs/Grey/Rocket28_Grey.prefab
  artifactKey: Guid(e46491d19bf932a4080a750d4b34207e) Importer(815301076,1909f56bfc062723c751e8b465ee728b)
Start importing Assets/Asset_reference/AurynSky/Rockets Missiles and Bombs/Prefabs/Grey/Rocket28_Grey.prefab using Guid(e46491d19bf932a4080a750d4b34207e) Importer(815301076,1909f56bfc062723c751e8b465ee728b)  -> (artifact id: '8056763b00def79eb200ec811d5c8201') in 0.010325 seconds 
========================================================================
Received Import Request.
  Time since last request: 0.000013 seconds.
  path: Assets/Asset_reference/AurynSky/Rockets Missiles and Bombs/Prefabs/Blue/Rocket09_Blue.prefab
  artifactKey: Guid(517acb0350d861042ae93de85999a727) Importer(815301076,1909f56bfc062723c751e8b465ee728b)
Start importing Assets/Asset_reference/AurynSky/Rockets Missiles and Bombs/Prefabs/Blue/Rocket09_Blue.prefab using Guid(517acb0350d861042ae93de85999a727) Importer(815301076,1909f56bfc062723c751e8b465ee728b)  -> (artifact id: '9644c7c84288c70c4f6c75b97c948e85') in 0.008113 seconds 
========================================================================
Received Import Request.
  Time since last request: 0.000013 seconds.
  path: Assets/Asset_reference/AurynSky/Rockets Missiles and Bombs/Models/Rocket26.fbx
  artifactKey: Guid(e161d2913bca37a44a645d97c1e0c715) Importer(815301076,1909f56bfc062723c751e8b465ee728b)
Start importing Assets/Asset_reference/AurynSky/Rockets Missiles and Bombs/Models/Rocket26.fbx using Guid(e161d2913bca37a44a645d97c1e0c715) Importer(815301076,1909f56bfc062723c751e8b465ee728b)  -> (artifact id: '15635c64935e03f5d9546602d02d607e') in 0.016765 seconds 
========================================================================
Received Import Request.
  Time since last request: 0.000016 seconds.
  path: Assets/Asset_reference/AurynSky/Rockets Missiles and Bombs/Prefabs/Blue/Rocket27_Blue.prefab
  artifactKey: Guid(cc85a41767bb66b4bae421b96a923e8d) Importer(815301076,1909f56bfc062723c751e8b465ee728b)
Start importing Assets/Asset_reference/AurynSky/Rockets Missiles and Bombs/Prefabs/Blue/Rocket27_Blue.prefab using Guid(cc85a41767bb66b4bae421b96a923e8d) Importer(815301076,1909f56bfc062723c751e8b465ee728b)  -> (artifact id: '6c592b761ca1cc9e7a44364260ec1b21') in 0.009698 seconds 
========================================================================
Received Prepare
Registering precompiled user dll's ...
Registered in 0.002259 seconds.
Begin MonoManager ReloadAssembly
Native extension for WindowsStandalone target not found
Native extension for iOS target not found
Refreshing native plugins compatible for Editor in 0.69 ms, found 2 plugins.
Preloading 0 native plugins for Editor in 0.00 ms.
Mono: successfully reloaded assembly
- Completed reload, in  0.621 seconds
Domain Reload Profiling:
	ReloadAssembly (621ms)
		BeginReloadAssembly (89ms)
			ExecutionOrderSort (0ms)
			DisableScriptedObjects (3ms)
			BackupInstance (0ms)
			ReleaseScriptingObjects (0ms)
			CreateAndSetChildDomain (27ms)
		EndReloadAssembly (471ms)
			LoadAssemblies (50ms)
			RebuildTransferFunctionScriptingTraits (0ms)
			SetupTypeCache (140ms)
			ReleaseScriptCaches (1ms)
			RebuildScriptCaches (22ms)
			SetupLoadedEditorAssemblies (223ms)
				LogAssemblyErrors (0ms)
				InitializePlatformSupportModulesInManaged (19ms)
				SetLoadedEditorAssemblies (0ms)
				RefreshPlugins (1ms)
				BeforeProcessingInitializeOnLoad (32ms)
				ProcessInitializeOnLoadAttributes (144ms)
				ProcessInitializeOnLoadMethodAttributes (24ms)
				AfterProcessingInitializeOnLoad (3ms)
				EditorAssembliesLoaded (0ms)
			ExecutionOrderSort2 (0ms)
			AwakeInstancesAfterBackupRestoration (4ms)
Platform modules already initialized, skipping
Shader 'WFX/Transparent Specular': fallback shader 'Particles/Alpha Blended' not found
Shader 'WFX/Transparent Diffuse': fallback shader 'Particles/Alpha Blended' not found
Refreshing native plugins compatible for Editor in 1.42 ms, found 2 plugins.
Preloading 0 native plugins for Editor in 0.00 ms.
Unloading 1934 Unused Serialized files (Serialized files now loaded: 0)
Unloading 16 unused Assets / (24.5 KB). Loaded Objects now: 2550.
Memory consumption went from 110.4 MB to 110.3 MB.
Total: 2.207500 ms (FindLiveObjects: 0.126900 ms CreateObjectMapping: 0.038200 ms MarkObjects: 2.027500 ms  DeleteObjects: 0.014200 ms)

AssetImportParameters requested are different than current active one (requested -> active):
  custom:video-decoder-ogg-theora: a1e56fd34408186e4bbccfd4996cb3dc -> 
  custom:container-muxer-webm: aa71ff27fc2769a1b78a27578f13a17b -> 
  custom:container-demuxer-webm: 4f35f7cbe854078d1ac9338744f61a02 -> 
  custom:video-encoder-webm-vp8: eb34c28f22e8b96e1ab97ce403110664 -> 
  custom:audio-encoder-webm-vorbis: bf7c407c2cedff20999df2af8eb42d56 -> 
  custom:framework-win-MediaFoundation: 216162199b28c13a410421893ffa2e32 -> 
  custom:container-demuxer-ogg: 62fdf1f143b41e24485cea50d1cbac27 -> 
  custom:video-decoder-webm-vp8: 9c59270c3fd7afecdb556c50c9e8de78 -> 
  custom:audio-decoder-ogg-vorbis: bf7c407c2cedff20999df2af8eb42d56 -> 
========================================================================
Received Prepare
Shader 'WFX/Transparent Specular': fallback shader 'Particles/Alpha Blended' not found
Shader 'WFX/Transparent Diffuse': fallback shader 'Particles/Alpha Blended' not found
Refreshing native plugins compatible for Editor in 2.88 ms, found 2 plugins.
Preloading 0 native plugins for Editor in 0.00 ms.
Unloading 16 Unused Serialized files (Serialized files now loaded: 0)
Unloading 16 unused Assets / (21.9 KB). Loaded Objects now: 2550.
Memory consumption went from 71.9 MB to 71.9 MB.
Total: 2.414700 ms (FindLiveObjects: 0.142600 ms CreateObjectMapping: 0.038100 ms MarkObjects: 2.218400 ms  DeleteObjects: 0.014800 ms)

AssetImportParameters requested are different than current active one (requested -> active):
  custom:video-decoder-ogg-theora: a1e56fd34408186e4bbccfd4996cb3dc -> 
  custom:container-muxer-webm: aa71ff27fc2769a1b78a27578f13a17b -> 
  custom:container-demuxer-webm: 4f35f7cbe854078d1ac9338744f61a02 -> 
  custom:video-encoder-webm-vp8: eb34c28f22e8b96e1ab97ce403110664 -> 
  custom:audio-encoder-webm-vorbis: bf7c407c2cedff20999df2af8eb42d56 -> 
  custom:framework-win-MediaFoundation: 216162199b28c13a410421893ffa2e32 -> 
  custom:container-demuxer-ogg: 62fdf1f143b41e24485cea50d1cbac27 -> 
  custom:video-decoder-webm-vp8: 9c59270c3fd7afecdb556c50c9e8de78 -> 
  custom:audio-decoder-ogg-vorbis: bf7c407c2cedff20999df2af8eb42d56 -> 
Editor requested this worker to shutdown with reason: Scaling down because of idle timeout
AssetImportWorker is now disconnected from the server
Process exiting
Exiting without the bug reporter. Application will terminate with return code 0