Using pre-set license
Built from '2021.3/staging' branch; Version is '2021.3.10f1 (1c7d0df0160b) revision 1867021'; Using compiler version '192829333'; Build Type 'Release'
OS: 'Windows 10  (10.0.19044) 64bit Education' Language: 'ko' Physical Memory: 32712 MB
BatchMode: 1, IsHumanControllingUs: 0, StartBugReporterOnCrash: 0, Is64bit: 1, IsPro: 1

COMMAND LINE ARGUMENTS:
E:\UnityProject\2021.3.10f1\Editor\Unity.exe
-adb2
-batchMode
-noUpm
-name
AssetImportWorker2
-projectPath
E:/UnityProject/TeamProject/GameSoftware/Completed_Version/TangTangSurvival_Ver.1209_1400
-logFile
Logs/AssetImportWorker2.log
-srvPort
63807
Successfully changed project path to: E:/UnityProject/TeamProject/GameSoftware/Completed_Version/TangTangSurvival_Ver.1209_1400
E:/UnityProject/TeamProject/GameSoftware/Completed_Version/TangTangSurvival_Ver.1209_1400
[UnityMemory] Configuration Parameters - Can be set up in boot.config
    "memorysetup-bucket-allocator-granularity=16"
    "memorysetup-bucket-allocator-bucket-count=8"
    "memorysetup-bucket-allocator-block-size=33554432"
    "memorysetup-bucket-allocator-block-count=8"
    "memorysetup-main-allocator-block-size=16777216"
    "memorysetup-thread-allocator-block-size=16777216"
    "memorysetup-gfx-main-allocator-block-size=16777216"
    "memorysetup-gfx-thread-allocator-block-size=16777216"
    "memorysetup-cache-allocator-block-size=4194304"
    "memorysetup-typetree-allocator-block-size=2097152"
    "memorysetup-profiler-bucket-allocator-granularity=16"
    "memorysetup-profiler-bucket-allocator-bucket-count=8"
    "memorysetup-profiler-bucket-allocator-block-size=33554432"
    "memorysetup-profiler-bucket-allocator-block-count=8"
    "memorysetup-profiler-allocator-block-size=16777216"
    "memorysetup-profiler-editor-allocator-block-size=1048576"
    "memorysetup-temp-allocator-size-main=16777216"
    "memorysetup-job-temp-allocator-block-size=2097152"
    "memorysetup-job-temp-allocator-block-size-background=1048576"
    "memorysetup-job-temp-allocator-reduction-small-platforms=262144"
    "memorysetup-temp-allocator-size-background-worker=32768"
    "memorysetup-temp-allocator-size-job-worker=262144"
    "memorysetup-temp-allocator-size-preload-manager=33554432"
    "memorysetup-temp-allocator-size-nav-mesh-worker=65536"
    "memorysetup-temp-allocator-size-audio-worker=65536"
    "memorysetup-temp-allocator-size-cloud-worker=32768"
    "memorysetup-temp-allocator-size-gi-baking-worker=262144"
    "memorysetup-temp-allocator-size-gfx=262144"
Refreshing native plugins compatible for Editor in 59.30 ms, found 2 plugins.
Preloading 0 native plugins for Editor in 0.00 ms.
Initialize engine version: 2021.3.10f1 (1c7d0df0160b)
[Subsystems] Discovering subsystems at path E:/UnityProject/2021.3.10f1/Editor/Data/Resources/UnitySubsystems
[Subsystems] Discovering subsystems at path E:/UnityProject/TeamProject/GameSoftware/Completed_Version/TangTangSurvival_Ver.1209_1400/Assets
GfxDevice: creating device client; threaded=0; jobified=0
Direct3D:
    Version:  Direct3D 11.0 [level 11.1]
    Renderer: NVIDIA GeForce RTX 2060 (ID=0x1f03)
    Vendor:   NVIDIA
    VRAM:     12087 MB
    Driver:   31.0.15.1694
Shader 'WFX/Transparent Diffuse': fallback shader 'Particles/Alpha Blended' not found
Shader 'WFX/Transparent Specular': fallback shader 'Particles/Alpha Blended' not found
Initialize mono
Mono path[0] = 'E:/UnityProject/2021.3.10f1/Editor/Data/Managed'
Mono path[1] = 'E:/UnityProject/2021.3.10f1/Editor/Data/MonoBleedingEdge/lib/mono/unityjit-win32'
Mono config path = 'E:/UnityProject/2021.3.10f1/Editor/Data/MonoBleedingEdge/etc'
Using monoOptions --debugger-agent=transport=dt_socket,embedding=1,server=y,suspend=n,address=127.0.0.1:56508
Begin MonoManager ReloadAssembly
Registering precompiled unity dll's ...
Register platform support module: E:/UnityProject/2021.3.10f1/Editor/Data/PlaybackEngines/iOSSupport/UnityEditor.iOS.Extensions.dll
Register platform support module: E:/UnityProject/2021.3.10f1/Editor/Data/PlaybackEngines/WindowsStandaloneSupport/UnityEditor.WindowsStandalone.Extensions.dll
Registered in 0.002230 seconds.
Native extension for WindowsStandalone target not found
[usbmuxd] Start listen thread
[usbmuxd] Listen thread started
Native extension for iOS target not found
Refreshing native plugins compatible for Editor in 50.59 ms, found 2 plugins.
Preloading 0 native plugins for Editor in 0.00 ms.
Mono: successfully reloaded assembly
- Completed reload, in  0.466 seconds
Domain Reload Profiling:
	ReloadAssembly (466ms)
		BeginReloadAssembly (46ms)
			ExecutionOrderSort (0ms)
			DisableScriptedObjects (0ms)
			BackupInstance (0ms)
			ReleaseScriptingObjects (0ms)
			CreateAndSetChildDomain (1ms)
		EndReloadAssembly (349ms)
			LoadAssemblies (45ms)
			RebuildTransferFunctionScriptingTraits (0ms)
			SetupTypeCache (81ms)
			ReleaseScriptCaches (0ms)
			RebuildScriptCaches (27ms)
			SetupLoadedEditorAssemblies (205ms)
				LogAssemblyErrors (0ms)
				InitializePlatformSupportModulesInManaged (21ms)
				SetLoadedEditorAssemblies (0ms)
				RefreshPlugins (51ms)
				BeforeProcessingInitializeOnLoad (1ms)
				ProcessInitializeOnLoadAttributes (102ms)
				ProcessInitializeOnLoadMethodAttributes (30ms)
				AfterProcessingInitializeOnLoad (0ms)
				EditorAssembliesLoaded (0ms)
			ExecutionOrderSort2 (0ms)
			AwakeInstancesAfterBackupRestoration (0ms)
Platform modules already initialized, skipping
Registering precompiled user dll's ...
Registered in 0.002603 seconds.
Begin MonoManager ReloadAssembly
Native extension for WindowsStandalone target not found
Native extension for iOS target not found
Refreshing native plugins compatible for Editor in 0.69 ms, found 2 plugins.
Preloading 0 native plugins for Editor in 0.00 ms.
Mono: successfully reloaded assembly
- Completed reload, in  0.581 seconds
Domain Reload Profiling:
	ReloadAssembly (582ms)
		BeginReloadAssembly (71ms)
			ExecutionOrderSort (0ms)
			DisableScriptedObjects (4ms)
			BackupInstance (0ms)
			ReleaseScriptingObjects (0ms)
			CreateAndSetChildDomain (17ms)
		EndReloadAssembly (437ms)
			LoadAssemblies (45ms)
			RebuildTransferFunctionScriptingTraits (0ms)
			SetupTypeCache (124ms)
			ReleaseScriptCaches (0ms)
			RebuildScriptCaches (30ms)
			SetupLoadedEditorAssemblies (210ms)
				LogAssemblyErrors (0ms)
				InitializePlatformSupportModulesInManaged (13ms)
				SetLoadedEditorAssemblies (0ms)
				RefreshPlugins (1ms)
				BeforeProcessingInitializeOnLoad (37ms)
				ProcessInitializeOnLoadAttributes (136ms)
				ProcessInitializeOnLoadMethodAttributes (20ms)
				AfterProcessingInitializeOnLoad (2ms)
				EditorAssembliesLoaded (0ms)
			ExecutionOrderSort2 (0ms)
			AwakeInstancesAfterBackupRestoration (4ms)
Platform modules already initialized, skipping
========================================================================
Worker process is ready to serve import requests
Shader 'WFX/Transparent Specular': fallback shader 'Particles/Alpha Blended' not found
Shader 'WFX/Transparent Diffuse': fallback shader 'Particles/Alpha Blended' not found
Launched and connected shader compiler UnityShaderCompiler.exe after 0.04 seconds
Refreshing native plugins compatible for Editor in 0.71 ms, found 2 plugins.
Preloading 0 native plugins for Editor in 0.00 ms.
Unloading 1978 Unused Serialized files (Serialized files now loaded: 0)
Unloading 23 unused Assets / (49.1 KB). Loaded Objects now: 2466.
Memory consumption went from 110.7 MB to 110.6 MB.
Total: 2.213300 ms (FindLiveObjects: 0.124100 ms CreateObjectMapping: 0.040000 ms MarkObjects: 1.987800 ms  DeleteObjects: 0.060900 ms)

AssetImportParameters requested are different than current active one (requested -> active):
  custom:video-decoder-ogg-theora: a1e56fd34408186e4bbccfd4996cb3dc -> 
  custom:container-muxer-webm: aa71ff27fc2769a1b78a27578f13a17b -> 
  custom:container-demuxer-webm: 4f35f7cbe854078d1ac9338744f61a02 -> 
  custom:video-encoder-webm-vp8: eb34c28f22e8b96e1ab97ce403110664 -> 
  custom:audio-encoder-webm-vorbis: bf7c407c2cedff20999df2af8eb42d56 -> 
  custom:framework-win-MediaFoundation: 216162199b28c13a410421893ffa2e32 -> 
  custom:container-demuxer-ogg: 62fdf1f143b41e24485cea50d1cbac27 -> 
  custom:video-decoder-webm-vp8: 9c59270c3fd7afecdb556c50c9e8de78 -> 
  custom:audio-decoder-ogg-vorbis: bf7c407c2cedff20999df2af8eb42d56 -> 
========================================================================
Received Import Request.
  Time since last request: 1356696.025879 seconds.
  path: Assets/ScriptsFolder/Scripts_jh/Grenade_damage.cs
  artifactKey: Guid(7d233f61873a70d47ad23b1fa08f3319) Importer(815301076,1909f56bfc062723c751e8b465ee728b)
Start importing Assets/ScriptsFolder/Scripts_jh/Grenade_damage.cs using Guid(7d233f61873a70d47ad23b1fa08f3319) Importer(815301076,1909f56bfc062723c751e8b465ee728b)  -> (artifact id: 'fa5f55f754c9882039dbeeaecc445947') in 0.025183 seconds 
========================================================================
Received Import Request.
  Time since last request: 0.422759 seconds.
  path: Assets/ScriptsFolder/Scripts_jh/Grenade2.cs
  artifactKey: Guid(9fb554550489a894191132662a76b0a7) Importer(815301076,1909f56bfc062723c751e8b465ee728b)
Start importing Assets/ScriptsFolder/Scripts_jh/Grenade2.cs using Guid(9fb554550489a894191132662a76b0a7) Importer(815301076,1909f56bfc062723c751e8b465ee728b)  -> (artifact id: 'e78eecfa718b585b6345ee62924bb084') in 0.004162 seconds 
========================================================================
Received Import Request.
  Time since last request: 0.270168 seconds.
  path: Assets/ScriptsFolder/Scripts_jh/Grenade.cs
  artifactKey: Guid(11203e507772e624ea007d7d02ba63f3) Importer(815301076,1909f56bfc062723c751e8b465ee728b)
Start importing Assets/ScriptsFolder/Scripts_jh/Grenade.cs using Guid(11203e507772e624ea007d7d02ba63f3) Importer(815301076,1909f56bfc062723c751e8b465ee728b)  -> (artifact id: '6e192855457c78550d3d16541db17f76') in 0.004312 seconds 
========================================================================
Received Import Request.
  Time since last request: 8.851184 seconds.
  path: Assets/Asset_reference/JMO Assets/WarFX/_Effects (Mobile)/Smoke/WFXMR_SmokeGrenade White.prefab
  artifactKey: Guid(32c740ca47073a54ebef2634b8b8371f) Importer(815301076,1909f56bfc062723c751e8b465ee728b)
Start importing Assets/Asset_reference/JMO Assets/WarFX/_Effects (Mobile)/Smoke/WFXMR_SmokeGrenade White.prefab using Guid(32c740ca47073a54ebef2634b8b8371f) Importer(815301076,1909f56bfc062723c751e8b465ee728b)  -> (artifact id: '27033321780ba2f793f188104335b496') in 0.072248 seconds 
========================================================================
Received Import Request.
  Time since last request: 56.808377 seconds.
  path: Assets/ScriptsFolder/Scripts_jh/NewAudioMixer.mixer
  artifactKey: Guid(96e557f3f07972648925d2dc0e5ecb26) Importer(815301076,1909f56bfc062723c751e8b465ee728b)
Start importing Assets/ScriptsFolder/Scripts_jh/NewAudioMixer.mixer using Guid(96e557f3f07972648925d2dc0e5ecb26) Importer(815301076,1909f56bfc062723c751e8b465ee728b)  -> (artifact id: 'ada1b8c138326ae0c83a3b13219e3c58') in 0.005560 seconds 
========================================================================
Received Import Request.
  Time since last request: 188.210140 seconds.
  path: Assets/Asset_reference/JMO Assets/Cartoon FX (legacy)/CFX3 Prefabs/Misc/CFX3_Hit_Misc_B_Gravity.prefab
  artifactKey: Guid(7d6835d9db898fa4bbfda5d62c496786) Importer(815301076,1909f56bfc062723c751e8b465ee728b)
Start importing Assets/Asset_reference/JMO Assets/Cartoon FX (legacy)/CFX3 Prefabs/Misc/CFX3_Hit_Misc_B_Gravity.prefab using Guid(7d6835d9db898fa4bbfda5d62c496786) Importer(815301076,1909f56bfc062723c751e8b465ee728b)  -> (artifact id: '63260e6c0a394fd13a8d87a870975179') in 0.011780 seconds 
========================================================================
Received Import Request.
  Time since last request: 0.003437 seconds.
  path: Assets/TextMesh Pro/Examples & Extras/Textures/Gradient Vertical (Color).jpg
  artifactKey: Guid(03d0538de6e24c0f819bfc9ce084dfa9) Importer(815301076,1909f56bfc062723c751e8b465ee728b)
Start importing Assets/TextMesh Pro/Examples & Extras/Textures/Gradient Vertical (Color).jpg using Guid(03d0538de6e24c0f819bfc9ce084dfa9) Importer(815301076,1909f56bfc062723c751e8b465ee728b)  -> (artifact id: '5d5c05d3fc960df63de1abdb4952712b') in 0.018368 seconds 
========================================================================
Received Import Request.
  Time since last request: 0.000013 seconds.
  path: Assets/Asset_reference/PolygonStarter/Prefabs/SM_Generic_Mountains_Grass_02.prefab
  artifactKey: Guid(d2201b576d0da384fb8f681e57559ea8) Importer(815301076,1909f56bfc062723c751e8b465ee728b)
Start importing Assets/Asset_reference/PolygonStarter/Prefabs/SM_Generic_Mountains_Grass_02.prefab using Guid(d2201b576d0da384fb8f681e57559ea8) Importer(815301076,1909f56bfc062723c751e8b465ee728b)  -> (artifact id: '5b32b505ff0f07dc859b99bffeb77da1') in 0.028372 seconds 
========================================================================
Received Import Request.
  Time since last request: 0.000014 seconds.
  path: Assets/Asset_reference/JMO Assets/WarFX/_Effects/Fire/Gray Smoke/WFX_Fire Natural Broad (Gray Smoke).prefab
  artifactKey: Guid(46db5b1dc2de2384da9a75fc063273be) Importer(815301076,1909f56bfc062723c751e8b465ee728b)
Start importing Assets/Asset_reference/JMO Assets/WarFX/_Effects/Fire/Gray Smoke/WFX_Fire Natural Broad (Gray Smoke).prefab using Guid(46db5b1dc2de2384da9a75fc063273be) Importer(815301076,1909f56bfc062723c751e8b465ee728b)  -> (artifact id: 'a2b5da2eab24c0b0aaf0a76de87e03dc') in 0.017792 seconds 
========================================================================
Received Import Request.
  Time since last request: 0.000022 seconds.
  path: Assets/TextMesh Pro/Examples & Extras/Textures/Gradient Horizontal (Color).jpg
  artifactKey: Guid(6eb184de103d4b3f812b38561065192f) Importer(815301076,1909f56bfc062723c751e8b465ee728b)
Start importing Assets/TextMesh Pro/Examples & Extras/Textures/Gradient Horizontal (Color).jpg using Guid(6eb184de103d4b3f812b38561065192f) Importer(815301076,1909f56bfc062723c751e8b465ee728b)  -> (artifact id: 'b28425ce07a84dc9159e3a28da9e80ce') in 0.011170 seconds 
========================================================================
Received Import Request.
  Time since last request: 0.000014 seconds.
  path: Assets/TextMesh Pro/Examples & Extras/Textures/Gradient Diagonal (Color).jpg
  artifactKey: Guid(2ce5c55e85304b819a1826ecbc839aa5) Importer(815301076,1909f56bfc062723c751e8b465ee728b)
Start importing Assets/TextMesh Pro/Examples & Extras/Textures/Gradient Diagonal (Color).jpg using Guid(2ce5c55e85304b819a1826ecbc839aa5) Importer(815301076,1909f56bfc062723c751e8b465ee728b)  -> (artifact id: '26a507b82050342ee267670853d71679') in 0.006521 seconds 
========================================================================
Received Import Request.
  Time since last request: 0.000014 seconds.
  path: Assets/LowpolyStreetPack/Meshes/Textures/grass.png
  artifactKey: Guid(3482d24f9e4f70741a9780133bcc144d) Importer(815301076,1909f56bfc062723c751e8b465ee728b)
Start importing Assets/LowpolyStreetPack/Meshes/Textures/grass.png using Guid(3482d24f9e4f70741a9780133bcc144d) Importer(815301076,1909f56bfc062723c751e8b465ee728b)  -> (artifact id: '22787e4bda61f4c340e287ea052667d3') in 0.015970 seconds 
========================================================================
Received Import Request.
  Time since last request: 0.000019 seconds.
  path: Assets/Low Poly Free Vegetation Kit/Prefabs/Vegetation/Grass Patch 2.prefab
  artifactKey: Guid(34153477ce4cf9246b4e6cda32b7153b) Importer(815301076,1909f56bfc062723c751e8b465ee728b)
Start importing Assets/Low Poly Free Vegetation Kit/Prefabs/Vegetation/Grass Patch 2.prefab using Guid(34153477ce4cf9246b4e6cda32b7153b) Importer(815301076,1909f56bfc062723c751e8b465ee728b)  -> (artifact id: 'd982910c78bd61c96bce87b3050ac4f1') in 0.011841 seconds 
========================================================================
Received Import Request.
  Time since last request: 0.000020 seconds.
  path: Assets/Low Poly Free Vegetation Kit/Prefabs/Vegetation/Grass Patch 1.prefab
  artifactKey: Guid(d483cda7cf88d5c43a719c90483764f1) Importer(815301076,1909f56bfc062723c751e8b465ee728b)
Start importing Assets/Low Poly Free Vegetation Kit/Prefabs/Vegetation/Grass Patch 1.prefab using Guid(d483cda7cf88d5c43a719c90483764f1) Importer(815301076,1909f56bfc062723c751e8b465ee728b)  -> (artifact id: '754cf1ec90fe81b21739d6a0841e8528') in 0.009368 seconds 
========================================================================
Received Import Request.
  Time since last request: 0.000014 seconds.
  path: Assets/Asset_reference/Standard Assets/Environment/TerrainAssets/SurfaceTextures/GrassRockyAlbedo.psd
  artifactKey: Guid(440eb36db91ca410f800ff3cfe43572f) Importer(815301076,1909f56bfc062723c751e8b465ee728b)
Start importing Assets/Asset_reference/Standard Assets/Environment/TerrainAssets/SurfaceTextures/GrassRockyAlbedo.psd using Guid(440eb36db91ca410f800ff3cfe43572f) Importer(815301076,1909f56bfc062723c751e8b465ee728b)  -> (artifact id: '351ec49422a5b66e1c5cdb94ae20a62e') in 0.014633 seconds 
========================================================================
Received Import Request.
  Time since last request: 0.000015 seconds.
  path: Assets/LowpolyStreetPack/Meshes/Textures/Grass_A.tga
  artifactKey: Guid(e8dd2fb6922cf6b4bb858a98837a2f9e) Importer(815301076,1909f56bfc062723c751e8b465ee728b)
Start importing Assets/LowpolyStreetPack/Meshes/Textures/Grass_A.tga using Guid(e8dd2fb6922cf6b4bb858a98837a2f9e) Importer(815301076,1909f56bfc062723c751e8b465ee728b)  -> (artifact id: '5e7407e80b92233e04ed194326dbcf8e') in 0.014443 seconds 
========================================================================
Received Import Request.
  Time since last request: 0.000026 seconds.
  path: Assets/Low Poly Free Vegetation Kit/Prefabs/Vegetation/Grass Patch 4.prefab
  artifactKey: Guid(32d76070fd4329949a147d840b3a3fdf) Importer(815301076,1909f56bfc062723c751e8b465ee728b)
Start importing Assets/Low Poly Free Vegetation Kit/Prefabs/Vegetation/Grass Patch 4.prefab using Guid(32d76070fd4329949a147d840b3a3fdf) Importer(815301076,1909f56bfc062723c751e8b465ee728b)  -> (artifact id: '250dc0a0de5ea25bb6fcc20400f2a109') in 0.009717 seconds 
========================================================================
Received Import Request.
  Time since last request: 0.000016 seconds.
  path: Assets/Asset_reference/Standard Assets/Environment/Water/Water/Textures/WaterProDaytimeGradient.psd
  artifactKey: Guid(ab97f9ab7c2ce724ebc9446060a819a4) Importer(815301076,1909f56bfc062723c751e8b465ee728b)
Start importing Assets/Asset_reference/Standard Assets/Environment/Water/Water/Textures/WaterProDaytimeGradient.psd using Guid(ab97f9ab7c2ce724ebc9446060a819a4) Importer(815301076,1909f56bfc062723c751e8b465ee728b)  -> (artifact id: '79c80dd89ad5440e9317c27dfa3d3c07') in 0.011066 seconds 
========================================================================
Received Import Request.
  Time since last request: 0.000018 seconds.
  path: Assets/Asset_reference/Standard Assets/Environment/TerrainAssets/SurfaceTextures/GrassHillAlbedo.psd
  artifactKey: Guid(c6e0767b1f8c34890ac245217f4b9731) Importer(815301076,1909f56bfc062723c751e8b465ee728b)
Start importing Assets/Asset_reference/Standard Assets/Environment/TerrainAssets/SurfaceTextures/GrassHillAlbedo.psd using Guid(c6e0767b1f8c34890ac245217f4b9731) Importer(815301076,1909f56bfc062723c751e8b465ee728b)  -> (artifact id: 'd7cbf194cb1c4145fb461b67661ef8e0') in 0.017978 seconds 
========================================================================
Received Import Request.
  Time since last request: 0.000020 seconds.
  path: Assets/Asset_reference/Standard Assets/Environment/Water (Basic)/Textures/WaterBasicNighttimeGradient.psd
  artifactKey: Guid(8403d3349d112ba4d000be1be39e7c39) Importer(815301076,1909f56bfc062723c751e8b465ee728b)
Start importing Assets/Asset_reference/Standard Assets/Environment/Water (Basic)/Textures/WaterBasicNighttimeGradient.psd using Guid(8403d3349d112ba4d000be1be39e7c39) Importer(815301076,1909f56bfc062723c751e8b465ee728b)  -> (artifact id: '5aff3ac02670c38622f177192dc6c438') in 0.011814 seconds 
========================================================================
Received Import Request.
  Time since last request: 35.373692 seconds.
  path: Assets/Resources/pwj_prefab/New Material.mat
  artifactKey: Guid(5571f7d0667c5cc439c0aeb16cf70f25) Importer(815301076,1909f56bfc062723c751e8b465ee728b)
Start importing Assets/Resources/pwj_prefab/New Material.mat using Guid(5571f7d0667c5cc439c0aeb16cf70f25) Importer(815301076,1909f56bfc062723c751e8b465ee728b)  -> (artifact id: '460732018059cdc1ffa0789c0c77184f') in 0.068224 seconds 
Editor requested this worker to shutdown with reason: Scaling down because of idle timeout
AssetImportWorker is now disconnected from the server
Process exiting
Exiting without the bug reporter. Application will terminate with return code 0