Unity Editor version:    2021.3.10f1 (1c7d0df0160b)
Branch:                  2021.3/staging
Build type:              Release
Batch mode:              YES
macOS version:           Version 13.0 (Build 22A380)
Darwin version:          22.1.0
Architecture:            arm64
Running under Rosetta:   NO
Available memory:        8192 MB
Using pre-set license
Pro License: YES

COMMAND LINE ARGUMENTS:
/Volumes/My Passport/Unity/2021.3.10f1/Unity.app/Contents/MacOS/Unity
-adb2
-batchMode
-noUpm
-name
AssetImportWorker3
-projectPath
/Volumes/My Passport/Projectcopys/FPS Game ver 1202_2300
-logFile
Logs/AssetImportWorker3.log
-srvPort
49562
Successfully changed project path to: /Volumes/My Passport/Projectcopys/FPS Game ver 1202_2300
/Volumes/My Passport/Projectcopys/FPS Game ver 1202_2300
[UnityMemory] Configuration Parameters - Can be set up in boot.config
    "memorysetup-bucket-allocator-granularity=16"
    "memorysetup-bucket-allocator-bucket-count=8"
    "memorysetup-bucket-allocator-block-size=33554432"
    "memorysetup-bucket-allocator-block-count=8"
    "memorysetup-main-allocator-block-size=16777216"
    "memorysetup-thread-allocator-block-size=16777216"
    "memorysetup-gfx-main-allocator-block-size=16777216"
    "memorysetup-gfx-thread-allocator-block-size=16777216"
    "memorysetup-cache-allocator-block-size=4194304"
    "memorysetup-typetree-allocator-block-size=2097152"
    "memorysetup-profiler-bucket-allocator-granularity=16"
    "memorysetup-profiler-bucket-allocator-bucket-count=8"
    "memorysetup-profiler-bucket-allocator-block-size=33554432"
    "memorysetup-profiler-bucket-allocator-block-count=8"
    "memorysetup-profiler-allocator-block-size=16777216"
    "memorysetup-profiler-editor-allocator-block-size=1048576"
    "memorysetup-temp-allocator-size-main=16777216"
    "memorysetup-job-temp-allocator-block-size=2097152"
    "memorysetup-job-temp-allocator-block-size-background=1048576"
    "memorysetup-job-temp-allocator-reduction-small-platforms=262144"
    "memorysetup-temp-allocator-size-background-worker=32768"
    "memorysetup-temp-allocator-size-job-worker=262144"
    "memorysetup-temp-allocator-size-preload-manager=33554432"
    "memorysetup-temp-allocator-size-nav-mesh-worker=65536"
    "memorysetup-temp-allocator-size-audio-worker=65536"
    "memorysetup-temp-allocator-size-cloud-worker=32768"
    "memorysetup-temp-allocator-size-gi-baking-worker=262144"
    "memorysetup-temp-allocator-size-gfx=262144"
Refreshing native plugins compatible for Editor in 249.09 ms, found 2 plugins.
Preloading 0 native plugins for Editor in 0.00 ms.
Initialize engine version: 2021.3.10f1 (1c7d0df0160b)
[Subsystems] Discovering subsystems at path /Volumes/My Passport/Unity/2021.3.10f1/Unity.app/Contents/Resources/UnitySubsystems
[Subsystems] Discovering subsystems at path /Volumes/My Passport/Projectcopys/FPS Game ver 1202_2300/Assets
GfxDevice: creating device client; threaded=0; jobified=0
 preferred device: Apple M1 (high power)
Metal devices available: 1
0: Apple M1 (high power)
Using device Apple M1 (high power)
Initializing Metal device caps: Apple M1
Shader 'WFX/Transparent Diffuse': fallback shader 'Particles/Alpha Blended' not found
Shader 'WFX/Transparent Specular': fallback shader 'Particles/Alpha Blended' not found
Initialize mono
Mono path[0] = '/Volumes/My Passport/Unity/2021.3.10f1/Unity.app/Contents/Managed'
Mono path[1] = '/Volumes/My Passport/Unity/2021.3.10f1/Unity.app/Contents/MonoBleedingEdge/lib/mono/unityjit-macos'
Mono config path = '/Volumes/My Passport/Unity/2021.3.10f1/Unity.app/Contents/MonoBleedingEdge/etc'
Using monoOptions --debugger-agent=transport=dt_socket,embedding=1,server=y,suspend=n,address=127.0.0.1:56330
Begin MonoManager ReloadAssembly
Registering precompiled unity dll's ...
Register platform support module: /Volumes/My Passport/Unity/2021.3.10f1/Unity.app/Contents/PlaybackEngines/MacStandaloneSupport/UnityEditor.OSXStandalone.Extensions.dll
Register platform support module: /Volumes/My Passport/Unity/2021.3.10f1/PlaybackEngines/AndroidPlayer/UnityEditor.Android.Extensions.dll
Register platform support module: /Volumes/My Passport/Unity/2021.3.10f1/PlaybackEngines/iOSSupport/UnityEditor.iOS.Extensions.dll
Registered in 0.003011 seconds.
[usbmuxd] Start listen thread
[usbmuxd] Listen thread started
[usbmuxd] Send listen message
Native extension for iOS target not found
Native extension for Android target not found
Native extension for OSXStandalone target not found
Refreshing native plugins compatible for Editor in 45.77 ms, found 2 plugins.
Preloading 0 native plugins for Editor in 0.00 ms.
Mono: successfully reloaded assembly
- Completed reload, in  0.501 seconds
Domain Reload Profiling:
	ReloadAssembly (502ms)
		BeginReloadAssembly (108ms)
			ExecutionOrderSort (0ms)
			DisableScriptedObjects (0ms)
			BackupInstance (0ms)
			ReleaseScriptingObjects (0ms)
			CreateAndSetChildDomain (1ms)
		EndReloadAssembly (325ms)
			LoadAssemblies (110ms)
			RebuildTransferFunctionScriptingTraits (1ms)
			SetupTypeCache (69ms)
			ReleaseScriptCaches (0ms)
			RebuildScriptCaches (17ms)
			SetupLoadedEditorAssemblies (210ms)
				LogAssemblyErrors (0ms)
				InitializePlatformSupportModulesInManaged (96ms)
				SetLoadedEditorAssemblies (0ms)
				RefreshPlugins (46ms)
				BeforeProcessingInitializeOnLoad (1ms)
				ProcessInitializeOnLoadAttributes (42ms)
				ProcessInitializeOnLoadMethodAttributes (25ms)
				AfterProcessingInitializeOnLoad (0ms)
				EditorAssembliesLoaded (0ms)
			ExecutionOrderSort2 (0ms)
			AwakeInstancesAfterBackupRestoration (0ms)
Platform modules already initialized, skipping
Registering precompiled user dll's ...
Registered in 0.007897 seconds.
Begin MonoManager ReloadAssembly
Native extension for iOS target not found
Native extension for Android target not found
Native extension for OSXStandalone target not found
Refreshing native plugins compatible for Editor in 0.52 ms, found 2 plugins.
Preloading 0 native plugins for Editor in 0.00 ms.
Mono: successfully reloaded assembly
- Completed reload, in  0.634 seconds
Domain Reload Profiling:
	ReloadAssembly (635ms)
		BeginReloadAssembly (163ms)
			ExecutionOrderSort (0ms)
			DisableScriptedObjects (3ms)
			BackupInstance (0ms)
			ReleaseScriptingObjects (0ms)
			CreateAndSetChildDomain (118ms)
		EndReloadAssembly (410ms)
			LoadAssemblies (73ms)
			RebuildTransferFunctionScriptingTraits (0ms)
			SetupTypeCache (120ms)
			ReleaseScriptCaches (1ms)
			RebuildScriptCaches (29ms)
			SetupLoadedEditorAssemblies (170ms)
				LogAssemblyErrors (0ms)
				InitializePlatformSupportModulesInManaged (15ms)
				SetLoadedEditorAssemblies (0ms)
				RefreshPlugins (1ms)
				BeforeProcessingInitializeOnLoad (28ms)
				ProcessInitializeOnLoadAttributes (109ms)
				ProcessInitializeOnLoadMethodAttributes (15ms)
				AfterProcessingInitializeOnLoad (1ms)
				EditorAssembliesLoaded (0ms)
			ExecutionOrderSort2 (0ms)
			AwakeInstancesAfterBackupRestoration (2ms)
Platform modules already initialized, skipping
========================================================================
Worker process is ready to serve import requests
Shader 'WFX/Transparent Diffuse': fallback shader 'Particles/Alpha Blended' not found
Shader 'WFX/Transparent Specular': fallback shader 'Particles/Alpha Blended' not found
Launching external process: /Volumes/My Passport/Unity/2021.3.10f1/Unity.app/Contents/Tools/UnityShaderCompiler
Launched and connected shader compiler UnityShaderCompiler after 0.21 seconds
Refreshing native plugins compatible for Editor in 0.57 ms, found 2 plugins.
Preloading 0 native plugins for Editor in 0.00 ms.
Unloading 1977 Unused Serialized files (Serialized files now loaded: 0)
Unloading 23 unused Assets / (32.4 KB). Loaded Objects now: 2466.
Memory consumption went from 86.6 MB to 86.6 MB.
Total: 2.386459 ms (FindLiveObjects: 0.089542 ms CreateObjectMapping: 0.028625 ms MarkObjects: 2.010041 ms  DeleteObjects: 0.257542 ms)

AssetImportParameters requested are different than current active one (requested -> active):
  custom:video-decoder-ogg-theora: a1e56fd34408186e4bbccfd4996cb3dc -> 
  custom:container-muxer-webm: aa71ff27fc2769a1b78a27578f13a17b -> 
  custom:container-demuxer-webm: 4f35f7cbe854078d1ac9338744f61a02 -> 
  custom:video-encoder-webm-vp8: eb34c28f22e8b96e1ab97ce403110664 -> 
  custom:framework-osx-AVFoundation: e770b220cccbd017edd2c1fefb359320 -> 
  custom:audio-encoder-webm-vorbis: bf7c407c2cedff20999df2af8eb42d56 -> 
  custom:container-demuxer-ogg: 62fdf1f143b41e24485cea50d1cbac27 -> 
  custom:video-decoder-webm-vp8: 9c59270c3fd7afecdb556c50c9e8de78 -> 
  custom:audio-decoder-ogg-vorbis: bf7c407c2cedff20999df2af8eb42d56 -> 
========================================================================
Received Prepare
Registering precompiled user dll's ...
Registered in 0.001386 seconds.
Begin MonoManager ReloadAssembly
Thread 0x172623000 may have been prematurely finalized
Native extension for iOS target not found
Native extension for Android target not found
Native extension for OSXStandalone target not found
Refreshing native plugins compatible for Editor in 1.27 ms, found 2 plugins.
Preloading 0 native plugins for Editor in 0.00 ms.
Mono: successfully reloaded assembly
- Completed reload, in  0.777 seconds
Domain Reload Profiling:
	ReloadAssembly (778ms)
		BeginReloadAssembly (137ms)
			ExecutionOrderSort (0ms)
			DisableScriptedObjects (11ms)
			BackupInstance (0ms)
			ReleaseScriptingObjects (0ms)
			CreateAndSetChildDomain (55ms)
		EndReloadAssembly (562ms)
			LoadAssemblies (66ms)
			RebuildTransferFunctionScriptingTraits (0ms)
			SetupTypeCache (203ms)
			ReleaseScriptCaches (4ms)
			RebuildScriptCaches (40ms)
			SetupLoadedEditorAssemblies (225ms)
				LogAssemblyErrors (0ms)
				InitializePlatformSupportModulesInManaged (34ms)
				SetLoadedEditorAssemblies (0ms)
				RefreshPlugins (1ms)
				BeforeProcessingInitializeOnLoad (35ms)
				ProcessInitializeOnLoadAttributes (137ms)
				ProcessInitializeOnLoadMethodAttributes (16ms)
				AfterProcessingInitializeOnLoad (1ms)
				EditorAssembliesLoaded (0ms)
			ExecutionOrderSort2 (0ms)
			AwakeInstancesAfterBackupRestoration (2ms)
Platform modules already initialized, skipping
Shader 'WFX/Transparent Diffuse': fallback shader 'Particles/Alpha Blended' not found
Shader 'WFX/Transparent Specular': fallback shader 'Particles/Alpha Blended' not found
Refreshing native plugins compatible for Editor in 1.14 ms, found 2 plugins.
Preloading 0 native plugins for Editor in 0.00 ms.
Unloading 1933 Unused Serialized files (Serialized files now loaded: 0)
Unloading 16 unused Assets / (21.9 KB). Loaded Objects now: 2469.
Memory consumption went from 83.3 MB to 83.3 MB.
Total: 3.430375 ms (FindLiveObjects: 0.101542 ms CreateObjectMapping: 0.031750 ms MarkObjects: 3.274583 ms  DeleteObjects: 0.021875 ms)

AssetImportParameters requested are different than current active one (requested -> active):
  custom:video-decoder-ogg-theora: a1e56fd34408186e4bbccfd4996cb3dc -> 
  custom:container-muxer-webm: aa71ff27fc2769a1b78a27578f13a17b -> 
  custom:container-demuxer-webm: 4f35f7cbe854078d1ac9338744f61a02 -> 
  custom:video-encoder-webm-vp8: eb34c28f22e8b96e1ab97ce403110664 -> 
  custom:framework-osx-AVFoundation: e770b220cccbd017edd2c1fefb359320 -> 
  custom:audio-encoder-webm-vorbis: bf7c407c2cedff20999df2af8eb42d56 -> 
  custom:container-demuxer-ogg: 62fdf1f143b41e24485cea50d1cbac27 -> 
  custom:video-decoder-webm-vp8: 9c59270c3fd7afecdb556c50c9e8de78 -> 
  custom:audio-decoder-ogg-vorbis: bf7c407c2cedff20999df2af8eb42d56 -> 
========================================================================
Received Import Request.
  Time since last request: 205917.355153 seconds.
  path: Assets/Asset_reference/Customized Weapons - Low poly/Models/StartingMechanism2.fbx
  artifactKey: Guid(f1bed71bbb9007b44a2f66b622bfbb5e) Importer(815301076,1909f56bfc062723c751e8b465ee728b)
Start importing Assets/Asset_reference/Customized Weapons - Low poly/Models/StartingMechanism2.fbx using Guid(f1bed71bbb9007b44a2f66b622bfbb5e) Importer(815301076,1909f56bfc062723c751e8b465ee728b)  -> (artifact id: '5cfee6325bd71cd64b82afc2e2a96229') in 0.189667 seconds 
========================================================================
Received Import Request.
  Time since last request: 0.000125 seconds.
  path: Assets/Asset_reference/Customized Weapons - Low poly/Models/StartingMechanism4.fbx
  artifactKey: Guid(91b59e3c8f32b4c4cbb79c73320b407b) Importer(815301076,1909f56bfc062723c751e8b465ee728b)
Start importing Assets/Asset_reference/Customized Weapons - Low poly/Models/StartingMechanism4.fbx using Guid(91b59e3c8f32b4c4cbb79c73320b407b) Importer(815301076,1909f56bfc062723c751e8b465ee728b)  -> (artifact id: 'f8a233d0c31cfc0485e558b0bbc3df83') in 0.037335 seconds 
========================================================================
Received Import Request.
  Time since last request: 0.000035 seconds.
  path: Assets/Asset_reference/Customized Weapons - Low poly/Models/StartingMechanism3.fbx
  artifactKey: Guid(93027f93d24f81648aee929f90901c49) Importer(815301076,1909f56bfc062723c751e8b465ee728b)
Start importing Assets/Asset_reference/Customized Weapons - Low poly/Models/StartingMechanism3.fbx using Guid(93027f93d24f81648aee929f90901c49) Importer(815301076,1909f56bfc062723c751e8b465ee728b)  -> (artifact id: '5579547df3bcdcc5aa909258033bbde0') in 0.026361 seconds 
========================================================================
Received Prepare
Registering precompiled user dll's ...
Registered in 0.001523 seconds.
Begin MonoManager ReloadAssembly
Thread 0x172623000 may have been prematurely finalized
Native extension for iOS target not found
Native extension for Android target not found
Native extension for OSXStandalone target not found
Refreshing native plugins compatible for Editor in 0.59 ms, found 2 plugins.
Preloading 0 native plugins for Editor in 0.00 ms.
Mono: successfully reloaded assembly
- Completed reload, in  0.562 seconds
Domain Reload Profiling:
	ReloadAssembly (563ms)
		BeginReloadAssembly (107ms)
			ExecutionOrderSort (0ms)
			DisableScriptedObjects (8ms)
			BackupInstance (0ms)
			ReleaseScriptingObjects (0ms)
			CreateAndSetChildDomain (48ms)
		EndReloadAssembly (397ms)
			LoadAssemblies (43ms)
			RebuildTransferFunctionScriptingTraits (1ms)
			SetupTypeCache (121ms)
			ReleaseScriptCaches (1ms)
			RebuildScriptCaches (27ms)
			SetupLoadedEditorAssemblies (173ms)
				LogAssemblyErrors (0ms)
				InitializePlatformSupportModulesInManaged (24ms)
				SetLoadedEditorAssemblies (0ms)
				RefreshPlugins (1ms)
				BeforeProcessingInitializeOnLoad (26ms)
				ProcessInitializeOnLoadAttributes (105ms)
				ProcessInitializeOnLoadMethodAttributes (16ms)
				AfterProcessingInitializeOnLoad (1ms)
				EditorAssembliesLoaded (0ms)
			ExecutionOrderSort2 (0ms)
			AwakeInstancesAfterBackupRestoration (2ms)
Platform modules already initialized, skipping
Shader 'WFX/Transparent Diffuse': fallback shader 'Particles/Alpha Blended' not found
Shader 'WFX/Transparent Specular': fallback shader 'Particles/Alpha Blended' not found
Refreshing native plugins compatible for Editor in 1.38 ms, found 2 plugins.
Preloading 0 native plugins for Editor in 0.00 ms.
Unloading 1933 Unused Serialized files (Serialized files now loaded: 0)
Unloading 16 unused Assets / (22.0 KB). Loaded Objects now: 2483.
Memory consumption went from 165.3 MB to 165.3 MB.
Total: 2.996458 ms (FindLiveObjects: 0.117375 ms CreateObjectMapping: 0.031375 ms MarkObjects: 2.804334 ms  DeleteObjects: 0.042750 ms)

AssetImportParameters requested are different than current active one (requested -> active):
  custom:video-decoder-ogg-theora: a1e56fd34408186e4bbccfd4996cb3dc -> 
  custom:container-muxer-webm: aa71ff27fc2769a1b78a27578f13a17b -> 
  custom:container-demuxer-webm: 4f35f7cbe854078d1ac9338744f61a02 -> 
  custom:video-encoder-webm-vp8: eb34c28f22e8b96e1ab97ce403110664 -> 
  custom:framework-osx-AVFoundation: e770b220cccbd017edd2c1fefb359320 -> 
  custom:audio-encoder-webm-vorbis: bf7c407c2cedff20999df2af8eb42d56 -> 
  custom:container-demuxer-ogg: 62fdf1f143b41e24485cea50d1cbac27 -> 
  custom:video-decoder-webm-vp8: 9c59270c3fd7afecdb556c50c9e8de78 -> 
  custom:audio-decoder-ogg-vorbis: bf7c407c2cedff20999df2af8eb42d56 -> 
========================================================================
Received Import Request.
  Time since last request: 215.762749 seconds.
  path: Assets/Asset_reference/JMO Assets/Cartoon FX (legacy)/Materials/Misc/CFX4_PowHit AB.mat
  artifactKey: Guid(390795f53e0c5594da28f6e60382c43b) Importer(815301076,1909f56bfc062723c751e8b465ee728b)
Start importing Assets/Asset_reference/JMO Assets/Cartoon FX (legacy)/Materials/Misc/CFX4_PowHit AB.mat using Guid(390795f53e0c5594da28f6e60382c43b) Importer(815301076,1909f56bfc062723c751e8b465ee728b)  -> (artifact id: '25e1823e6424eb6cbbcb29ea711380d5') in 0.609216 seconds 
========================================================================
Received Import Request.
  Time since last request: 0.001350 seconds.
  path: Assets/Asset_reference/QuarterView 3D Action BE5/Sprites/Icon Weapon Hammer.png
  artifactKey: Guid(1c436558df0caa04eb65bf6f8d065918) Importer(815301076,1909f56bfc062723c751e8b465ee728b)
Start importing Assets/Asset_reference/QuarterView 3D Action BE5/Sprites/Icon Weapon Hammer.png using Guid(1c436558df0caa04eb65bf6f8d065918) Importer(815301076,1909f56bfc062723c751e8b465ee728b)  -> (artifact id: 'b6d76374a6e2e6995fb31e3ae0fd5b15') in 1.016758 seconds 
========================================================================
Received Import Request.
  Time since last request: 0.000122 seconds.
  path: Assets/Resources/Prefabs_jhj/fireposition.prefab
  artifactKey: Guid(09a5e7d88068cd541a2308893b273f08) Importer(815301076,1909f56bfc062723c751e8b465ee728b)
Start importing Assets/Resources/Prefabs_jhj/fireposition.prefab using Guid(09a5e7d88068cd541a2308893b273f08) Importer(815301076,1909f56bfc062723c751e8b465ee728b)  -> (artifact id: '2a688524542186ed1c0e9aa0324da0b0') in 0.051705 seconds 
========================================================================
Received Import Request.
  Time since last request: 0.000281 seconds.
  path: Assets/Asset_reference/QuarterView 3D Action BE5/Sprites/Icon Weapon HandGun.png
  artifactKey: Guid(3260f72e5b6eec24587b9132cb1ae0a0) Importer(815301076,1909f56bfc062723c751e8b465ee728b)
Start importing Assets/Asset_reference/QuarterView 3D Action BE5/Sprites/Icon Weapon HandGun.png using Guid(3260f72e5b6eec24587b9132cb1ae0a0) Importer(815301076,1909f56bfc062723c751e8b465ee728b)  -> (artifact id: '221a9e8c279d648592e40d2890e7837c') in 0.010329 seconds 
========================================================================
Received Import Request.
  Time since last request: 0.000130 seconds.
  path: Assets/Asset_reference/JMO Assets/Cartoon FX (legacy)/Materials/Animated/CFX_Anim_Poof_Add.mat
  artifactKey: Guid(e3d4119c3e4597d4b90fc27f1419ca4b) Importer(815301076,1909f56bfc062723c751e8b465ee728b)
Start importing Assets/Asset_reference/JMO Assets/Cartoon FX (legacy)/Materials/Animated/CFX_Anim_Poof_Add.mat using Guid(e3d4119c3e4597d4b90fc27f1419ca4b) Importer(815301076,1909f56bfc062723c751e8b465ee728b)  -> (artifact id: 'b99a2e0de71b0dabfbfd082fa88d7fd4') in 0.128747 seconds 
========================================================================
Received Import Request.
  Time since last request: 0.010181 seconds.
  path: Assets/Asset_reference/JMO Assets/Cartoon FX Remaster/CFXR Prefabs/Texts/CFXR4 _POISONED_.prefab
  artifactKey: Guid(1133dff0b5fda2e4295d301899b1582d) Importer(815301076,1909f56bfc062723c751e8b465ee728b)
Start importing Assets/Asset_reference/JMO Assets/Cartoon FX Remaster/CFXR Prefabs/Texts/CFXR4 _POISONED_.prefab using Guid(1133dff0b5fda2e4295d301899b1582d) Importer(815301076,1909f56bfc062723c751e8b465ee728b)  -> (artifact id: 'a1b28c2f426b55dcb52ebda231784ad3') in 0.203543 seconds 
========================================================================
Received Import Request.
  Time since last request: 0.000236 seconds.
  path: Assets/Asset_reference/JMO Assets/Cartoon FX (legacy)/CFX Prefabs/Misc/CFX_Poof.prefab
  artifactKey: Guid(3156817f64ec68948ad6bb26569b9ef5) Importer(815301076,1909f56bfc062723c751e8b465ee728b)
Start importing Assets/Asset_reference/JMO Assets/Cartoon FX (legacy)/CFX Prefabs/Misc/CFX_Poof.prefab using Guid(3156817f64ec68948ad6bb26569b9ef5) Importer(815301076,1909f56bfc062723c751e8b465ee728b)  -> (artifact id: 'e5e6289eb4a1292b260ffcbfeac51411') in 0.007786 seconds 
========================================================================
Received Import Request.
  Time since last request: 0.000050 seconds.
  path: Assets/Asset_reference/JMO Assets/Cartoon FX (legacy)/Textures/CFX4_T_PowHit.png
  artifactKey: Guid(3736d3a30afdf1f4f8a5ba4e289720d3) Importer(815301076,1909f56bfc062723c751e8b465ee728b)
Start importing Assets/Asset_reference/JMO Assets/Cartoon FX (legacy)/Textures/CFX4_T_PowHit.png using Guid(3736d3a30afdf1f4f8a5ba4e289720d3) Importer(815301076,1909f56bfc062723c751e8b465ee728b)  -> (artifact id: '2df1a91e89069bed1ea15be5cf678e70') in 0.007687 seconds 
========================================================================
Received Import Request.
  Time since last request: 0.002763 seconds.
  path: Assets/Prefabs/EnemySpawnpoint.prefab
  artifactKey: Guid(55ced6db46659ae40b13cdada9be4cc4) Importer(815301076,1909f56bfc062723c751e8b465ee728b)
Start importing Assets/Prefabs/EnemySpawnpoint.prefab using Guid(55ced6db46659ae40b13cdada9be4cc4) Importer(815301076,1909f56bfc062723c751e8b465ee728b)  -> (artifact id: '4f093f73e140dc2097fda199cab5f1a4') in 0.051313 seconds 
========================================================================
Received Import Request.
  Time since last request: 0.001136 seconds.
  path: Assets/Asset_reference/JMO Assets/Cartoon FX Remaster/CFXR Prefabs/Misc/CFXR Magic Poof.prefab
  artifactKey: Guid(c4f829cb7dd4b864caf8832ec5b1ee55) Importer(815301076,1909f56bfc062723c751e8b465ee728b)
Start importing Assets/Asset_reference/JMO Assets/Cartoon FX Remaster/CFXR Prefabs/Misc/CFXR Magic Poof.prefab using Guid(c4f829cb7dd4b864caf8832ec5b1ee55) Importer(815301076,1909f56bfc062723c751e8b465ee728b)  -> (artifact id: '7ef58a7fa669096c521ff12511f9f823') in 0.219497 seconds 
========================================================================
Received Import Request.
  Time since last request: 0.000257 seconds.
  path: Assets/Asset_reference/JMO Assets/Cartoon FX Remaster/CFXR Prefabs/Texts/CFXR _POW_.prefab
  artifactKey: Guid(141e1779869c79845bd243610f187f47) Importer(815301076,1909f56bfc062723c751e8b465ee728b)
Start importing Assets/Asset_reference/JMO Assets/Cartoon FX Remaster/CFXR Prefabs/Texts/CFXR _POW_.prefab using Guid(141e1779869c79845bd243610f187f47) Importer(815301076,1909f56bfc062723c751e8b465ee728b)  -> (artifact id: 'aeefcda5b42db26f1d4b412b1007251d') in 0.010846 seconds 
Editor requested this worker to shutdown with reason: Scaling down because of idle timeout
AssetImportWorker is now disconnected from the server
Process exiting
