Using pre-set license
Built from '2021.3/staging' branch; Version is '2021.3.10f1 (1c7d0df0160b) revision 1867021'; Using compiler version '192829333'; Build Type 'Release'
OS: 'Windows 11  (10.0.22621) 64bit Professional' Language: 'en' Physical Memory: 28524 MB
BatchMode: 1, IsHumanControllingUs: 0, StartBugReporterOnCrash: 0, Is64bit: 1, IsPro: 1

COMMAND LINE ARGUMENTS:
C:\Program Files\Unity\Hub\Editor\2021.3.10f1\Editor\Unity.exe
-adb2
-batchMode
-noUpm
-name
AssetImportWorker3
-projectPath
C:/Users/98tom/OneDrive/바탕 화면/FPS Game - Copy (2) - Copy - Copy
-logFile
Logs/AssetImportWorker3.log
-srvPort
55413
Successfully changed project path to: C:/Users/98tom/OneDrive/바탕 화면/FPS Game - Copy (2) - Copy - Copy
C:/Users/98tom/OneDrive/바탕 화면/FPS Game - Copy (2) - Copy - Copy
[UnityMemory] Configuration Parameters - Can be set up in boot.config
    "memorysetup-bucket-allocator-granularity=16"
    "memorysetup-bucket-allocator-bucket-count=8"
    "memorysetup-bucket-allocator-block-size=33554432"
    "memorysetup-bucket-allocator-block-count=8"
    "memorysetup-main-allocator-block-size=16777216"
    "memorysetup-thread-allocator-block-size=16777216"
    "memorysetup-gfx-main-allocator-block-size=16777216"
    "memorysetup-gfx-thread-allocator-block-size=16777216"
    "memorysetup-cache-allocator-block-size=4194304"
    "memorysetup-typetree-allocator-block-size=2097152"
    "memorysetup-profiler-bucket-allocator-granularity=16"
    "memorysetup-profiler-bucket-allocator-bucket-count=8"
    "memorysetup-profiler-bucket-allocator-block-size=33554432"
    "memorysetup-profiler-bucket-allocator-block-count=8"
    "memorysetup-profiler-allocator-block-size=16777216"
    "memorysetup-profiler-editor-allocator-block-size=1048576"
    "memorysetup-temp-allocator-size-main=16777216"
    "memorysetup-job-temp-allocator-block-size=2097152"
    "memorysetup-job-temp-allocator-block-size-background=1048576"
    "memorysetup-job-temp-allocator-reduction-small-platforms=262144"
    "memorysetup-temp-allocator-size-background-worker=32768"
    "memorysetup-temp-allocator-size-job-worker=262144"
    "memorysetup-temp-allocator-size-preload-manager=33554432"
    "memorysetup-temp-allocator-size-nav-mesh-worker=65536"
    "memorysetup-temp-allocator-size-audio-worker=65536"
    "memorysetup-temp-allocator-size-cloud-worker=32768"
    "memorysetup-temp-allocator-size-gi-baking-worker=262144"
    "memorysetup-temp-allocator-size-gfx=262144"
Refreshing native plugins compatible for Editor in 46.99 ms, found 2 plugins.
Preloading 0 native plugins for Editor in 0.00 ms.
Initialize engine version: 2021.3.10f1 (1c7d0df0160b)
[Subsystems] Discovering subsystems at path C:/Program Files/Unity/Hub/Editor/2021.3.10f1/Editor/Data/Resources/UnitySubsystems
[Subsystems] Discovering subsystems at path C:/Users/98tom/OneDrive/바탕 화면/FPS Game - Copy (2) - Copy - Copy/Assets
GfxDevice: creating device client; threaded=0; jobified=0
Direct3D:
    Version:  Direct3D 11.0 [level 11.1]
    Renderer: NVIDIA GeForce RTX 3070 Laptop GPU (ID=0x24dd)
    Vendor:   NVIDIA
    VRAM:     8044 MB
    Driver:   30.0.15.1236
Shader 'WFX/Transparent Diffuse': fallback shader 'Particles/Alpha Blended' not found
Shader 'WFX/Transparent Specular': fallback shader 'Particles/Alpha Blended' not found
Initialize mono
Mono path[0] = 'C:/Program Files/Unity/Hub/Editor/2021.3.10f1/Editor/Data/Managed'
Mono path[1] = 'C:/Program Files/Unity/Hub/Editor/2021.3.10f1/Editor/Data/MonoBleedingEdge/lib/mono/unityjit-win32'
Mono config path = 'C:/Program Files/Unity/Hub/Editor/2021.3.10f1/Editor/Data/MonoBleedingEdge/etc'
Using monoOptions --debugger-agent=transport=dt_socket,embedding=1,server=y,suspend=n,address=127.0.0.1:56764
Begin MonoManager ReloadAssembly
Registering precompiled unity dll's ...
Register platform support module: C:/Program Files/Unity/Hub/Editor/2021.3.10f1/Editor/Data/PlaybackEngines/WebGLSupport/UnityEditor.WebGL.Extensions.dll
Register platform support module: C:/Program Files/Unity/Hub/Editor/2021.3.10f1/Editor/Data/PlaybackEngines/AndroidPlayer/UnityEditor.Android.Extensions.dll
Register platform support module: C:/Program Files/Unity/Hub/Editor/2021.3.10f1/Editor/Data/PlaybackEngines/iOSSupport/UnityEditor.iOS.Extensions.dll
Register platform support module: C:/Program Files/Unity/Hub/Editor/2021.3.10f1/Editor/Data/PlaybackEngines/WindowsStandaloneSupport/UnityEditor.WindowsStandalone.Extensions.dll
Register platform support module: C:/Program Files/Unity/Hub/Editor/2021.3.10f1/Editor/Data/PlaybackEngines/MetroSupport/UnityEditor.UWP.Extensions.dll
Registered in 0.008749 seconds.
Native extension for UWP target not found
Native extension for WindowsStandalone target not found
[usbmuxd] Start listen thread
[usbmuxd] Listen thread started
Native extension for iOS target not found
Native extension for Android target not found
Native extension for WebGL target not found
Refreshing native plugins compatible for Editor in 40.59 ms, found 2 plugins.
Preloading 0 native plugins for Editor in 0.00 ms.
Mono: successfully reloaded assembly
- Completed reload, in  0.512 seconds
Domain Reload Profiling:
	ReloadAssembly (513ms)
		BeginReloadAssembly (61ms)
			ExecutionOrderSort (0ms)
			DisableScriptedObjects (0ms)
			BackupInstance (0ms)
			ReleaseScriptingObjects (0ms)
			CreateAndSetChildDomain (1ms)
		EndReloadAssembly (362ms)
			LoadAssemblies (60ms)
			RebuildTransferFunctionScriptingTraits (0ms)
			SetupTypeCache (86ms)
			ReleaseScriptCaches (0ms)
			RebuildScriptCaches (20ms)
			SetupLoadedEditorAssemblies (213ms)
				LogAssemblyErrors (0ms)
				InitializePlatformSupportModulesInManaged (64ms)
				SetLoadedEditorAssemblies (0ms)
				RefreshPlugins (41ms)
				BeforeProcessingInitializeOnLoad (1ms)
				ProcessInitializeOnLoadAttributes (70ms)
				ProcessInitializeOnLoadMethodAttributes (37ms)
				AfterProcessingInitializeOnLoad (0ms)
				EditorAssembliesLoaded (0ms)
			ExecutionOrderSort2 (0ms)
			AwakeInstancesAfterBackupRestoration (0ms)
Platform modules already initialized, skipping
Registering precompiled user dll's ...
Registered in 0.005040 seconds.
Begin MonoManager ReloadAssembly
Native extension for UWP target not found
Native extension for WindowsStandalone target not found
Native extension for iOS target not found
Native extension for Android target not found
Native extension for WebGL target not found
Refreshing native plugins compatible for Editor in 0.54 ms, found 2 plugins.
Preloading 0 native plugins for Editor in 0.00 ms.
Mono: successfully reloaded assembly
- Completed reload, in  0.811 seconds
Domain Reload Profiling:
	ReloadAssembly (812ms)
		BeginReloadAssembly (198ms)
			ExecutionOrderSort (0ms)
			DisableScriptedObjects (5ms)
			BackupInstance (0ms)
			ReleaseScriptingObjects (0ms)
			CreateAndSetChildDomain (121ms)
		EndReloadAssembly (523ms)
			LoadAssemblies (69ms)
			RebuildTransferFunctionScriptingTraits (0ms)
			SetupTypeCache (147ms)
			ReleaseScriptCaches (0ms)
			RebuildScriptCaches (33ms)
			SetupLoadedEditorAssemblies (248ms)
				LogAssemblyErrors (0ms)
				InitializePlatformSupportModulesInManaged (23ms)
				SetLoadedEditorAssemblies (0ms)
				RefreshPlugins (1ms)
				BeforeProcessingInitializeOnLoad (45ms)
				ProcessInitializeOnLoadAttributes (150ms)
				ProcessInitializeOnLoadMethodAttributes (23ms)
				AfterProcessingInitializeOnLoad (6ms)
				EditorAssembliesLoaded (0ms)
			ExecutionOrderSort2 (0ms)
			AwakeInstancesAfterBackupRestoration (6ms)
Platform modules already initialized, skipping
========================================================================
Worker process is ready to serve import requests
Shader 'WFX/Transparent Specular': fallback shader 'Particles/Alpha Blended' not found
Shader 'WFX/Transparent Diffuse': fallback shader 'Particles/Alpha Blended' not found
Launched and connected shader compiler UnityShaderCompiler.exe after 0.05 seconds
Refreshing native plugins compatible for Editor in 1.21 ms, found 2 plugins.
Preloading 0 native plugins for Editor in 0.00 ms.
Unloading 1950 Unused Serialized files (Serialized files now loaded: 0)
Unloading 23 unused Assets / (48.7 KB). Loaded Objects now: 2436.
Memory consumption went from 107.9 MB to 107.9 MB.
Total: 2.603500 ms (FindLiveObjects: 0.173500 ms CreateObjectMapping: 0.052900 ms MarkObjects: 2.296000 ms  DeleteObjects: 0.079900 ms)

AssetImportParameters requested are different than current active one (requested -> active):
  custom:video-decoder-ogg-theora: a1e56fd34408186e4bbccfd4996cb3dc -> 
  custom:container-muxer-webm: aa71ff27fc2769a1b78a27578f13a17b -> 
  custom:container-demuxer-webm: 4f35f7cbe854078d1ac9338744f61a02 -> 
  custom:video-encoder-webm-vp8: eb34c28f22e8b96e1ab97ce403110664 -> 
  custom:video-codec-MediaFoundation-h265: 746d11721c4dcdbdad8f713fa42b33f4 -> 
  custom:audio-encoder-webm-vorbis: bf7c407c2cedff20999df2af8eb42d56 -> 
  custom:framework-win-MediaFoundation: 216162199b28c13a410421893ffa2e32 -> 
  custom:container-demuxer-ogg: 62fdf1f143b41e24485cea50d1cbac27 -> 
  custom:video-decoder-webm-vp8: 9c59270c3fd7afecdb556c50c9e8de78 -> 
  custom:audio-decoder-ogg-vorbis: bf7c407c2cedff20999df2af8eb42d56 -> 
========================================================================
Received Import Request.
  Time since last request: 91554.950695 seconds.
  path: Assets/Monsters/Prefabs/BeholderMaskTint.prefab
  artifactKey: Guid(d66fc208682f91b469da9927e1c65312) Importer(815301076,1909f56bfc062723c751e8b465ee728b)
Start importing Assets/Monsters/Prefabs/BeholderMaskTint.prefab using Guid(d66fc208682f91b469da9927e1c65312) Importer(815301076,1909f56bfc062723c751e8b465ee728b)  -> (artifact id: '961f2bc3e89943d080fb7f96d75e24f6') in 0.410910 seconds 
========================================================================
Received Import Request.
  Time since last request: 0.000021 seconds.
  path: Assets/Monsters/Prefabs/FlyingDemonMaskTint.prefab
  artifactKey: Guid(bb43f3fcefb350748a932b714e445536) Importer(815301076,1909f56bfc062723c751e8b465ee728b)
Start importing Assets/Monsters/Prefabs/FlyingDemonMaskTint.prefab using Guid(bb43f3fcefb350748a932b714e445536) Importer(815301076,1909f56bfc062723c751e8b465ee728b)  -> (artifact id: '37821b3264199a95cf59ee4f8fe7ccd9') in 0.040465 seconds 
========================================================================
Received Import Request.
  Time since last request: 0.000057 seconds.
  path: Assets/Monsters/Prefabs/ChestMonsterMaskTint.prefab
  artifactKey: Guid(1a192e8132f0c6f46826386dc166aa0b) Importer(815301076,1909f56bfc062723c751e8b465ee728b)
Start importing Assets/Monsters/Prefabs/ChestMonsterMaskTint.prefab using Guid(1a192e8132f0c6f46826386dc166aa0b) Importer(815301076,1909f56bfc062723c751e8b465ee728b)  -> (artifact id: '7c9ff683e6663e294604bf50523de13d') in 0.031273 seconds 
========================================================================
Received Import Request.
  Time since last request: 0.000023 seconds.
  path: Assets/Monsters/Prefabs/WormMonsterDefault.prefab
  artifactKey: Guid(6fa6344d5fdfd8847bd7c9c2493c66ba) Importer(815301076,1909f56bfc062723c751e8b465ee728b)
Start importing Assets/Monsters/Prefabs/WormMonsterDefault.prefab using Guid(6fa6344d5fdfd8847bd7c9c2493c66ba) Importer(815301076,1909f56bfc062723c751e8b465ee728b)  -> (artifact id: '43ea57b2219afb76f694a25d26e5cee6') in 0.056802 seconds 
========================================================================
Received Import Request.
  Time since last request: 0.000019 seconds.
  path: Assets/Monsters/Prefabs/WerewolfMaskTint.prefab
  artifactKey: Guid(54735b9c58d0cad449ea87722109d9f4) Importer(815301076,1909f56bfc062723c751e8b465ee728b)
Start importing Assets/Monsters/Prefabs/WerewolfMaskTint.prefab using Guid(54735b9c58d0cad449ea87722109d9f4) Importer(815301076,1909f56bfc062723c751e8b465ee728b)  -> (artifact id: '9bfff736a55cbd109cf6cc768ade4ec8') in 0.044424 seconds 
========================================================================
Received Import Request.
  Time since last request: 0.000040 seconds.
  path: Assets/Monsters/Prefabs/SpecterDefault.prefab
  artifactKey: Guid(c17f983eb640cfc40a0c8e000ae16853) Importer(815301076,1909f56bfc062723c751e8b465ee728b)
Start importing Assets/Monsters/Prefabs/SpecterDefault.prefab using Guid(c17f983eb640cfc40a0c8e000ae16853) Importer(815301076,1909f56bfc062723c751e8b465ee728b)  -> (artifact id: '8b40df295fa7dbd2e95f0ead796d7bb2') in 0.043172 seconds 
========================================================================
Received Import Request.
  Time since last request: 0.000029 seconds.
  path: Assets/Monsters/Prefabs/SpecterMaskTint.prefab
  artifactKey: Guid(a90a14cb3f1136b4084159d4fbfad5eb) Importer(815301076,1909f56bfc062723c751e8b465ee728b)
Start importing Assets/Monsters/Prefabs/SpecterMaskTint.prefab using Guid(a90a14cb3f1136b4084159d4fbfad5eb) Importer(815301076,1909f56bfc062723c751e8b465ee728b)  -> (artifact id: 'e10b9821d76ec0a9e7ec53062e8bbb9b') in 0.033190 seconds 
========================================================================
Received Import Request.
  Time since last request: 0.000024 seconds.
  path: Assets/Monsters/Prefabs/BlackKnightMaskTint.prefab
  artifactKey: Guid(2caf0678b0cc31d4d82bc2e287207620) Importer(815301076,1909f56bfc062723c751e8b465ee728b)
Start importing Assets/Monsters/Prefabs/BlackKnightMaskTint.prefab using Guid(2caf0678b0cc31d4d82bc2e287207620) Importer(815301076,1909f56bfc062723c751e8b465ee728b)  -> (artifact id: '8f8602a173b4d54c9ce67f597f4dd037') in 0.032741 seconds 
========================================================================
Received Import Request.
  Time since last request: 0.000031 seconds.
  path: Assets/Monsters/Prefabs/BlackKnightDefault.prefab
  artifactKey: Guid(54820348753694d409292a132b5bba33) Importer(815301076,1909f56bfc062723c751e8b465ee728b)
Start importing Assets/Monsters/Prefabs/BlackKnightDefault.prefab using Guid(54820348753694d409292a132b5bba33) Importer(815301076,1909f56bfc062723c751e8b465ee728b)  -> (artifact id: '022b13f40e5981b1ed570923c7f0a588') in 0.032512 seconds 
========================================================================
Received Import Request.
  Time since last request: 0.000019 seconds.
  path: Assets/Monsters/Prefabs/CrabMonsterDefault.prefab
  artifactKey: Guid(fb10691c82b528a48904ff0dc8feee6f) Importer(815301076,1909f56bfc062723c751e8b465ee728b)
Start importing Assets/Monsters/Prefabs/CrabMonsterDefault.prefab using Guid(fb10691c82b528a48904ff0dc8feee6f) Importer(815301076,1909f56bfc062723c751e8b465ee728b)  -> (artifact id: 'dc34f652dbce56e172165e14e38accdd') in 0.028240 seconds 
Editor requested this worker to shutdown with reason: Scaling down because of idle timeout
AssetImportWorker is now disconnected from the server
Process exiting
Exiting without the bug reporter. Application will terminate with return code 0